<?xml version="1.0" encoding="UTF-8"?>
<coverage generated="1646395227637" clover="3.2.0">
  <project timestamp="1646395227637" name="All files">
    <metrics statements="1201" coveredstatements="1050" conditionals="337" coveredconditionals="224" methods="213" coveredmethods="158" elements="1751" coveredelements="1432" complexity="0" loc="1201" ncloc="1201" packages="5" files="33" classes="33"/>
    <package name="backend">
      <metrics statements="70" coveredstatements="68" conditionals="22" coveredconditionals="18" methods="8" coveredmethods="7"/>
      <file name="app.js" path="C:\Users\Kaz\Desktop\springboard-cs\post\mhw-capstone\backend\app.js">
        <metrics statements="42" coveredstatements="42" conditionals="6" coveredconditionals="5" methods="2" coveredmethods="2"/>
        <line num="3" count="12" type="stmt"/>
        <line num="4" count="12" type="stmt"/>
        <line num="6" count="12" type="stmt"/>
        <line num="8" count="12" type="stmt"/>
        <line num="9" count="12" type="stmt"/>
        <line num="10" count="12" type="stmt"/>
        <line num="11" count="12" type="stmt"/>
        <line num="12" count="12" type="stmt"/>
        <line num="13" count="12" type="stmt"/>
        <line num="14" count="12" type="stmt"/>
        <line num="15" count="12" type="stmt"/>
        <line num="16" count="12" type="stmt"/>
        <line num="17" count="12" type="stmt"/>
        <line num="18" count="12" type="stmt"/>
        <line num="19" count="12" type="stmt"/>
        <line num="20" count="12" type="stmt"/>
        <line num="22" count="12" type="stmt"/>
        <line num="24" count="12" type="stmt"/>
        <line num="26" count="12" type="stmt"/>
        <line num="27" count="12" type="stmt"/>
        <line num="28" count="12" type="stmt"/>
        <line num="29" count="12" type="stmt"/>
        <line num="31" count="12" type="cond" truecount="1" falsecount="1"/>
        <line num="32" count="12" type="stmt"/>
        <line num="33" count="12" type="stmt"/>
        <line num="34" count="12" type="stmt"/>
        <line num="35" count="12" type="stmt"/>
        <line num="36" count="12" type="stmt"/>
        <line num="37" count="12" type="stmt"/>
        <line num="38" count="12" type="stmt"/>
        <line num="39" count="12" type="stmt"/>
        <line num="40" count="12" type="stmt"/>
        <line num="41" count="12" type="stmt"/>
        <line num="42" count="12" type="stmt"/>
        <line num="44" count="12" type="stmt"/>
        <line num="45" count="2" type="stmt"/>
        <line num="48" count="12" type="stmt"/>
        <line num="49" count="85" type="cond" truecount="2" falsecount="0"/>
        <line num="50" count="85" type="cond" truecount="2" falsecount="0"/>
        <line num="51" count="85" type="stmt"/>
        <line num="53" count="85" type="stmt"/>
        <line num="58" count="12" type="stmt"/>
      </file>
      <file name="config.js" path="C:\Users\Kaz\Desktop\springboard-cs\post\mhw-capstone\backend\config.js">
        <metrics statements="13" coveredstatements="13" conditionals="10" coveredconditionals="10" methods="1" coveredmethods="1"/>
        <line num="3" count="27" type="stmt"/>
        <line num="4" count="27" type="stmt"/>
        <line num="6" count="27" type="cond" truecount="2" falsecount="0"/>
        <line num="8" count="27" type="cond" truecount="2" falsecount="0"/>
        <line num="11" count="54" type="cond" truecount="2" falsecount="0"/>
        <line num="16" count="27" type="cond" truecount="2" falsecount="0"/>
        <line num="18" count="27" type="stmt"/>
        <line num="19" count="27" type="stmt"/>
        <line num="20" count="27" type="stmt"/>
        <line num="21" count="27" type="stmt"/>
        <line num="22" count="27" type="stmt"/>
        <line num="23" count="27" type="stmt"/>
        <line num="25" count="27" type="stmt"/>
      </file>
      <file name="db.js" path="C:\Users\Kaz\Desktop\springboard-cs\post\mhw-capstone\backend\db.js">
        <metrics statements="7" coveredstatements="6" conditionals="2" coveredconditionals="1" methods="0" coveredmethods="0"/>
        <line num="3" count="24" type="stmt"/>
        <line num="4" count="24" type="stmt"/>
        <line num="8" count="24" type="cond" truecount="1" falsecount="1"/>
        <line num="9" count="0" type="stmt"/>
        <line num="16" count="24" type="stmt"/>
        <line num="21" count="24" type="stmt"/>
        <line num="23" count="24" type="stmt"/>
      </file>
      <file name="expressError.js" path="C:\Users\Kaz\Desktop\springboard-cs\post\mhw-capstone\backend\expressError.js">
        <metrics statements="8" coveredstatements="7" conditionals="4" coveredconditionals="2" methods="5" coveredmethods="4"/>
        <line num="3" count="121" type="stmt"/>
        <line num="4" count="121" type="stmt"/>
        <line num="5" count="121" type="stmt"/>
        <line num="13" count="60" type="stmt"/>
        <line num="21" count="48" type="stmt"/>
        <line num="29" count="13" type="stmt"/>
        <line num="37" count="0" type="stmt"/>
        <line num="41" count="24" type="stmt"/>
      </file>
    </package>
    <package name="backend.helpers">
      <metrics statements="170" coveredstatements="37" conditionals="72" coveredconditionals="6" methods="55" coveredmethods="3"/>
      <file name="getData.js" path="C:\Users\Kaz\Desktop\springboard-cs\post\mhw-capstone\backend\helpers\getData.js">
        <metrics statements="157" coveredstatements="24" conditionals="66" coveredconditionals="0" methods="52" coveredmethods="0"/>
        <line num="3" count="12" type="stmt"/>
        <line num="4" count="12" type="stmt"/>
        <line num="5" count="12" type="stmt"/>
        <line num="6" count="12" type="stmt"/>
        <line num="7" count="12" type="stmt"/>
        <line num="8" count="12" type="stmt"/>
        <line num="9" count="12" type="stmt"/>
        <line num="10" count="12" type="stmt"/>
        <line num="11" count="12" type="stmt"/>
        <line num="12" count="12" type="stmt"/>
        <line num="13" count="12" type="stmt"/>
        <line num="14" count="12" type="stmt"/>
        <line num="16" count="12" type="stmt"/>
        <line num="17" count="0" type="stmt"/>
        <line num="24" count="0" type="stmt"/>
        <line num="25" count="0" type="stmt"/>
        <line num="26" count="0" type="stmt"/>
        <line num="27" count="0" type="stmt"/>
        <line num="28" count="0" type="stmt"/>
        <line num="31" count="12" type="stmt"/>
        <line num="32" count="0" type="stmt"/>
        <line num="33" count="0" type="stmt"/>
        <line num="34" count="0" type="stmt"/>
        <line num="35" count="0" type="stmt"/>
        <line num="36" count="0" type="stmt"/>
        <line num="41" count="12" type="stmt"/>
        <line num="42" count="0" type="stmt"/>
        <line num="43" count="0" type="stmt"/>
        <line num="44" count="0" type="stmt"/>
        <line num="45" count="0" type="stmt"/>
        <line num="49" count="12" type="stmt"/>
        <line num="50" count="0" type="stmt"/>
        <line num="51" count="0" type="stmt"/>
        <line num="52" count="0" type="stmt"/>
        <line num="53" count="0" type="cond" truecount="0" falsecount="2"/>
        <line num="55" count="0" type="cond" truecount="0" falsecount="2"/>
        <line num="56" count="0" type="stmt"/>
        <line num="57" count="0" type="stmt"/>
        <line num="58" count="0" type="stmt"/>
        <line num="63" count="12" type="stmt"/>
        <line num="64" count="0" type="stmt"/>
        <line num="65" count="0" type="stmt"/>
        <line num="66" count="0" type="stmt"/>
        <line num="67" count="0" type="stmt"/>
        <line num="68" count="0" type="stmt"/>
        <line num="69" count="0" type="stmt"/>
        <line num="71" count="0" type="cond" truecount="0" falsecount="2"/>
        <line num="72" count="0" type="cond" truecount="0" falsecount="2"/>
        <line num="76" count="0" type="stmt"/>
        <line num="79" count="0" type="cond" truecount="0" falsecount="2"/>
        <line num="80" count="0" type="cond" truecount="0" falsecount="2"/>
        <line num="84" count="0" type="cond" truecount="0" falsecount="2"/>
        <line num="88" count="0" type="cond" truecount="0" falsecount="2"/>
        <line num="92" count="0" type="cond" truecount="0" falsecount="2"/>
        <line num="96" count="0" type="cond" truecount="0" falsecount="2"/>
        <line num="101" count="0" type="stmt"/>
        <line num="103" count="0" type="cond" truecount="0" falsecount="2"/>
        <line num="104" count="0" type="stmt"/>
        <line num="105" count="0" type="stmt"/>
        <line num="106" count="0" type="stmt"/>
        <line num="109" count="0" type="cond" truecount="0" falsecount="2"/>
        <line num="110" count="0" type="stmt"/>
        <line num="111" count="0" type="stmt"/>
        <line num="112" count="0" type="stmt"/>
        <line num="117" count="12" type="stmt"/>
        <line num="118" count="0" type="stmt"/>
        <line num="119" count="0" type="stmt"/>
        <line num="120" count="0" type="stmt"/>
        <line num="180" count="0" type="stmt"/>
        <line num="181" count="0" type="stmt"/>
        <line num="182" count="0" type="stmt"/>
        <line num="183" count="0" type="stmt"/>
        <line num="185" count="0" type="stmt"/>
        <line num="186" count="0" type="cond" truecount="0" falsecount="2"/>
        <line num="187" count="0" type="stmt"/>
        <line num="189" count="0" type="stmt"/>
        <line num="190" count="0" type="stmt"/>
        <line num="192" count="0" type="stmt"/>
        <line num="193" count="0" type="stmt"/>
        <line num="196" count="0" type="cond" truecount="0" falsecount="2"/>
        <line num="197" count="0" type="stmt"/>
        <line num="198" count="0" type="stmt"/>
        <line num="199" count="0" type="stmt"/>
        <line num="200" count="0" type="stmt"/>
        <line num="201" count="0" type="stmt"/>
        <line num="207" count="12" type="stmt"/>
        <line num="208" count="0" type="stmt"/>
        <line num="209" count="0" type="stmt"/>
        <line num="210" count="0" type="stmt"/>
        <line num="329" count="0" type="stmt"/>
        <line num="330" count="0" type="stmt"/>
        <line num="332" count="0" type="stmt"/>
        <line num="333" count="0" type="stmt"/>
        <line num="337" count="12" type="stmt"/>
        <line num="338" count="0" type="stmt"/>
        <line num="339" count="0" type="stmt"/>
        <line num="340" count="0" type="stmt"/>
        <line num="341" count="0" type="stmt"/>
        <line num="345" count="12" type="stmt"/>
        <line num="346" count="0" type="stmt"/>
        <line num="347" count="0" type="stmt"/>
        <line num="348" count="0" type="stmt"/>
        <line num="349" count="0" type="stmt"/>
        <line num="350" count="0" type="stmt"/>
        <line num="351" count="0" type="stmt"/>
        <line num="352" count="0" type="stmt"/>
        <line num="353" count="0" type="stmt"/>
        <line num="355" count="0" type="stmt"/>
        <line num="356" count="0" type="stmt"/>
        <line num="362" count="12" type="stmt"/>
        <line num="363" count="0" type="stmt"/>
        <line num="364" count="0" type="stmt"/>
        <line num="365" count="0" type="stmt"/>
        <line num="366" count="0" type="stmt"/>
        <line num="367" count="0" type="stmt"/>
        <line num="368" count="0" type="stmt"/>
        <line num="373" count="12" type="stmt"/>
        <line num="374" count="0" type="stmt"/>
        <line num="375" count="0" type="stmt"/>
        <line num="376" count="0" type="stmt"/>
        <line num="377" count="0" type="stmt"/>
        <line num="378" count="0" type="stmt"/>
        <line num="379" count="0" type="stmt"/>
        <line num="381" count="0" type="cond" truecount="0" falsecount="2"/>
        <line num="382" count="0" type="cond" truecount="0" falsecount="2"/>
        <line num="383" count="0" type="cond" truecount="0" falsecount="2"/>
        <line num="384" count="0" type="cond" truecount="0" falsecount="2"/>
        <line num="385" count="0" type="cond" truecount="0" falsecount="2"/>
        <line num="386" count="0" type="cond" truecount="0" falsecount="8"/>
        <line num="393" count="0" type="stmt"/>
        <line num="395" count="0" type="stmt"/>
        <line num="408" count="0" type="stmt"/>
        <line num="409" count="0" type="cond" truecount="0" falsecount="2"/>
        <line num="410" count="0" type="stmt"/>
        <line num="411" count="0" type="stmt"/>
        <line num="413" count="0" type="cond" truecount="0" falsecount="2"/>
        <line num="414" count="0" type="cond" truecount="0" falsecount="2"/>
        <line num="415" count="0" type="cond" truecount="0" falsecount="2"/>
        <line num="416" count="0" type="cond" truecount="0" falsecount="2"/>
        <line num="417" count="0" type="cond" truecount="0" falsecount="2"/>
        <line num="418" count="0" type="stmt"/>
        <line num="419" count="0" type="stmt"/>
        <line num="420" count="0" type="stmt"/>
        <line num="423" count="0" type="cond" truecount="0" falsecount="2"/>
        <line num="424" count="0" type="stmt"/>
        <line num="425" count="0" type="stmt"/>
        <line num="428" count="0" type="cond" truecount="0" falsecount="2"/>
        <line num="429" count="0" type="stmt"/>
        <line num="430" count="0" type="stmt"/>
        <line num="434" count="0" type="cond" truecount="0" falsecount="2"/>
        <line num="435" count="0" type="stmt"/>
        <line num="436" count="0" type="stmt"/>
        <line num="437" count="0" type="stmt"/>
        <line num="441" count="0" type="stmt"/>
        <line num="520" count="0" type="stmt"/>
        <line num="521" count="0" type="stmt"/>
        <line num="527" count="12" type="stmt"/>
      </file>
      <file name="sql.js" path="C:\Users\Kaz\Desktop\springboard-cs\post\mhw-capstone\backend\helpers\sql.js">
        <metrics statements="7" coveredstatements="7" conditionals="4" coveredconditionals="4" methods="2" coveredmethods="2"/>
        <line num="1" count="14" type="stmt"/>
        <line num="6" count="10" type="stmt"/>
        <line num="7" count="10" type="cond" truecount="2" falsecount="0"/>
        <line num="10" count="9" type="stmt"/>
        <line num="11" count="11" type="cond" truecount="2" falsecount="0"/>
        <line num="14" count="9" type="stmt"/>
        <line num="20" count="14" type="stmt"/>
      </file>
      <file name="tokens.js" path="C:\Users\Kaz\Desktop\springboard-cs\post\mhw-capstone\backend\helpers\tokens.js">
        <metrics statements="6" coveredstatements="6" conditionals="2" coveredconditionals="2" methods="1" coveredmethods="1"/>
        <line num="1" count="13" type="stmt"/>
        <line num="2" count="13" type="stmt"/>
        <line num="7" count="40" type="stmt"/>
        <line num="10" count="40" type="stmt"/>
        <line num="15" count="40" type="stmt"/>
        <line num="18" count="13" type="stmt"/>
      </file>
    </package>
    <package name="backend.middleware">
      <metrics statements="26" coveredstatements="26" conditionals="15" coveredconditionals="15" methods="4" coveredmethods="4"/>
      <file name="auth.js" path="C:\Users\Kaz\Desktop\springboard-cs\post\mhw-capstone\backend\middleware\auth.js">
        <metrics statements="26" coveredstatements="26" conditionals="15" coveredconditionals="15" methods="4" coveredmethods="4"/>
        <line num="3" count="13" type="stmt"/>
        <line num="4" count="13" type="stmt"/>
        <line num="5" count="13" type="stmt"/>
        <line num="17" count="181" type="stmt"/>
        <line num="18" count="181" type="cond" truecount="2" falsecount="0"/>
        <line num="19" count="181" type="cond" truecount="2" falsecount="0"/>
        <line num="20" count="146" type="stmt"/>
        <line num="21" count="146" type="stmt"/>
        <line num="23" count="180" type="stmt"/>
        <line num="25" count="1" type="stmt"/>
        <line num="35" count="93" type="stmt"/>
        <line num="36" count="93" type="cond" truecount="2" falsecount="0"/>
        <line num="37" count="73" type="stmt"/>
        <line num="39" count="20" type="stmt"/>
        <line num="50" count="13" type="stmt"/>
        <line num="51" count="13" type="cond" truecount="4" falsecount="0"/>
        <line num="52" count="6" type="stmt"/>
        <line num="54" count="7" type="stmt"/>
        <line num="56" count="6" type="stmt"/>
        <line num="67" count="71" type="stmt"/>
        <line num="68" count="71" type="stmt"/>
        <line num="69" count="71" type="cond" truecount="5" falsecount="0"/>
        <line num="70" count="18" type="stmt"/>
        <line num="72" count="53" type="stmt"/>
        <line num="74" count="18" type="stmt"/>
        <line num="79" count="13" type="stmt"/>
      </file>
    </package>
    <package name="backend.models">
      <metrics statements="530" coveredstatements="530" conditionals="220" coveredconditionals="177" methods="100" coveredmethods="100"/>
      <file name="_testCommon.js" path="C:\Users\Kaz\Desktop\springboard-cs\post\mhw-capstone\backend\models\_testCommon.js">
        <metrics statements="54" coveredstatements="54" conditionals="0" coveredconditionals="0" methods="4" coveredmethods="4"/>
        <line num="1" count="12" type="stmt"/>
        <line num="3" count="12" type="stmt"/>
        <line num="4" count="12" type="stmt"/>
        <line num="7" count="12" type="stmt"/>
        <line num="8" count="12" type="stmt"/>
        <line num="9" count="12" type="stmt"/>
        <line num="10" count="12" type="stmt"/>
        <line num="11" count="12" type="stmt"/>
        <line num="12" count="12" type="stmt"/>
        <line num="13" count="12" type="stmt"/>
        <line num="14" count="12" type="stmt"/>
        <line num="15" count="12" type="stmt"/>
        <line num="16" count="12" type="stmt"/>
        <line num="18" count="12" type="stmt"/>
        <line num="32" count="12" type="stmt"/>
        <line num="37" count="12" type="stmt"/>
        <line num="42" count="12" type="stmt"/>
        <line num="47" count="12" type="stmt"/>
        <line num="52" count="12" type="stmt"/>
        <line num="57" count="12" type="stmt"/>
        <line num="67" count="12" type="stmt"/>
        <line num="72" count="12" type="stmt"/>
        <line num="77" count="12" type="stmt"/>
        <line num="82" count="12" type="stmt"/>
        <line num="87" count="12" type="stmt"/>
        <line num="92" count="12" type="stmt"/>
        <line num="97" count="12" type="stmt"/>
        <line num="102" count="12" type="stmt"/>
        <line num="107" count="12" type="stmt"/>
        <line num="112" count="12" type="stmt"/>
        <line num="117" count="12" type="stmt"/>
        <line num="122" count="12" type="stmt"/>
        <line num="127" count="12" type="stmt"/>
        <line num="132" count="12" type="stmt"/>
        <line num="141" count="12" type="stmt"/>
        <line num="152" count="12" type="stmt"/>
        <line num="161" count="12" type="stmt"/>
        <line num="166" count="12" type="stmt"/>
        <line num="170" count="12" type="stmt"/>
        <line num="174" count="12" type="stmt"/>
        <line num="178" count="12" type="stmt"/>
        <line num="182" count="12" type="stmt"/>
        <line num="187" count="12" type="stmt"/>
        <line num="192" count="12" type="stmt"/>
        <line num="197" count="12" type="stmt"/>
        <line num="209" count="12" type="stmt"/>
        <line num="217" count="12" type="stmt"/>
        <line num="222" count="12" type="stmt"/>
        <line num="226" count="12" type="stmt"/>
        <line num="230" count="12" type="stmt"/>
        <line num="237" count="182" type="stmt"/>
        <line num="241" count="182" type="stmt"/>
        <line num="245" count="12" type="stmt"/>
        <line num="248" count="12" type="stmt"/>
      </file>
      <file name="ailment.js" path="C:\Users\Kaz\Desktop\springboard-cs\post\mhw-capstone\backend\models\ailment.js">
        <metrics statements="6" coveredstatements="6" conditionals="2" coveredconditionals="1" methods="1" coveredmethods="1"/>
        <line num="3" count="13" type="stmt"/>
        <line num="7" count="1" type="stmt"/>
        <line num="12" count="1" type="cond" truecount="1" falsecount="1"/>
        <line num="14" count="1" type="stmt"/>
        <line num="20" count="1" type="stmt"/>
        <line num="24" count="13" type="stmt"/>
      </file>
      <file name="armor.js" path="C:\Users\Kaz\Desktop\springboard-cs\post\mhw-capstone\backend\models\armor.js">
        <metrics statements="50" coveredstatements="50" conditionals="25" coveredconditionals="22" methods="10" coveredmethods="10"/>
        <line num="3" count="13" type="stmt"/>
        <line num="7" count="13" type="stmt"/>
        <line num="11" count="1" type="stmt"/>
        <line num="16" count="1" type="cond" truecount="1" falsecount="1"/>
        <line num="18" count="1" type="stmt"/>
        <line num="26" count="1" type="stmt"/>
        <line num="31" count="1" type="cond" truecount="1" falsecount="1"/>
        <line num="33" count="1" type="stmt"/>
        <line num="41" count="1" type="stmt"/>
        <line num="46" count="1" type="cond" truecount="1" falsecount="1"/>
        <line num="48" count="1" type="stmt"/>
        <line num="56" count="12" type="stmt"/>
        <line num="58" count="12" type="stmt"/>
        <line num="59" count="12" type="stmt"/>
        <line num="61" count="12" type="cond" truecount="2" falsecount="0"/>
        <line num="62" count="3" type="stmt"/>
        <line num="63" count="3" type="stmt"/>
        <line num="66" count="9" type="cond" truecount="2" falsecount="0"/>
        <line num="67" count="2" type="stmt"/>
        <line num="71" count="2" type="stmt"/>
        <line num="74" count="7" type="stmt"/>
        <line num="78" count="6" type="stmt"/>
        <line num="82" count="5" type="stmt"/>
        <line num="87" count="5" type="stmt"/>
        <line num="88" count="5" type="cond" truecount="2" falsecount="0"/>
        <line num="89" count="3" type="stmt"/>
        <line num="93" count="5" type="stmt"/>
        <line num="99" count="5" type="stmt"/>
        <line num="100" count="5" type="cond" truecount="2" falsecount="0"/>
        <line num="102" count="3" type="stmt"/>
        <line num="106" count="5" type="stmt"/>
        <line num="114" count="5" type="stmt"/>
        <line num="118" count="5" type="stmt"/>
        <line num="126" count="5" type="stmt"/>
        <line num="130" count="9" type="stmt"/>
        <line num="134" count="9" type="stmt"/>
        <line num="135" count="9" type="cond" truecount="2" falsecount="0"/>
        <line num="137" count="6" type="stmt"/>
        <line num="142" count="5" type="cond" truecount="2" falsecount="0"/>
        <line num="144" count="4" type="stmt"/>
        <line num="152" count="4" type="cond" truecount="2" falsecount="0"/>
        <line num="154" count="3" type="stmt"/>
        <line num="159" count="3" type="stmt"/>
        <line num="161" count="3" type="stmt"/>
        <line num="169" count="6" type="stmt"/>
        <line num="173" count="6" type="stmt"/>
        <line num="174" count="6" type="cond" truecount="2" falsecount="0"/>
        <line num="176" count="5" type="stmt"/>
        <line num="185" count="4" type="cond" truecount="2" falsecount="0"/>
        <line num="189" count="13" type="stmt"/>
      </file>
      <file name="armorset.js" path="C:\Users\Kaz\Desktop\springboard-cs\post\mhw-capstone\backend\models\armorset.js">
        <metrics statements="19" coveredstatements="19" conditionals="6" coveredconditionals="4" methods="6" coveredmethods="6"/>
        <line num="3" count="13" type="stmt"/>
        <line num="7" count="13" type="stmt"/>
        <line num="11" count="1" type="stmt"/>
        <line num="16" count="1" type="cond" truecount="1" falsecount="1"/>
        <line num="18" count="1" type="stmt"/>
        <line num="26" count="1" type="stmt"/>
        <line num="31" count="1" type="cond" truecount="1" falsecount="1"/>
        <line num="33" count="1" type="stmt"/>
        <line num="41" count="3" type="stmt"/>
        <line num="54" count="3" type="stmt"/>
        <line num="58" count="5" type="stmt"/>
        <line num="71" count="5" type="stmt"/>
        <line num="72" count="5" type="cond" truecount="2" falsecount="0"/>
        <line num="74" count="3" type="stmt"/>
        <line num="78" count="5" type="stmt"/>
        <line num="86" count="5" type="stmt"/>
        <line num="90" count="5" type="stmt"/>
        <line num="97" count="5" type="stmt"/>
        <line num="101" count="13" type="stmt"/>
      </file>
      <file name="charm.js" path="C:\Users\Kaz\Desktop\springboard-cs\post\mhw-capstone\backend\models\charm.js">
        <metrics statements="32" coveredstatements="32" conditionals="16" coveredconditionals="13" methods="9" coveredmethods="9"/>
        <line num="3" count="13" type="stmt"/>
        <line num="4" count="13" type="stmt"/>
        <line num="8" count="1" type="stmt"/>
        <line num="13" count="1" type="cond" truecount="1" falsecount="1"/>
        <line num="15" count="1" type="stmt"/>
        <line num="23" count="1" type="stmt"/>
        <line num="28" count="1" type="cond" truecount="1" falsecount="1"/>
        <line num="30" count="1" type="stmt"/>
        <line num="38" count="1" type="stmt"/>
        <line num="43" count="1" type="cond" truecount="1" falsecount="1"/>
        <line num="45" count="1" type="stmt"/>
        <line num="53" count="3" type="stmt"/>
        <line num="57" count="3" type="stmt"/>
        <line num="61" count="5" type="stmt"/>
        <line num="66" count="5" type="stmt"/>
        <line num="67" count="5" type="cond" truecount="2" falsecount="0"/>
        <line num="69" count="3" type="stmt"/>
        <line num="73" count="5" type="stmt"/>
        <line num="81" count="5" type="stmt"/>
        <line num="85" count="5" type="stmt"/>
        <line num="92" count="5" type="stmt"/>
        <line num="96" count="9" type="stmt"/>
        <line num="101" count="9" type="stmt"/>
        <line num="102" count="9" type="cond" truecount="2" falsecount="0"/>
        <line num="104" count="6" type="stmt"/>
        <line num="109" count="5" type="cond" truecount="2" falsecount="0"/>
        <line num="111" count="4" type="stmt"/>
        <line num="116" count="4" type="cond" truecount="2" falsecount="0"/>
        <line num="118" count="3" type="stmt"/>
        <line num="126" count="6" type="stmt"/>
        <line num="132" count="5" type="cond" truecount="2" falsecount="0"/>
        <line num="136" count="13" type="stmt"/>
      </file>
      <file name="decoration.js" path="C:\Users\Kaz\Desktop\springboard-cs\post\mhw-capstone\backend\models\decoration.js">
        <metrics statements="25" coveredstatements="25" conditionals="12" coveredconditionals="10" methods="7" coveredmethods="7"/>
        <line num="3" count="13" type="stmt"/>
        <line num="4" count="13" type="stmt"/>
        <line num="8" count="1" type="stmt"/>
        <line num="13" count="1" type="cond" truecount="1" falsecount="1"/>
        <line num="15" count="1" type="stmt"/>
        <line num="23" count="1" type="stmt"/>
        <line num="28" count="1" type="cond" truecount="1" falsecount="1"/>
        <line num="30" count="1" type="stmt"/>
        <line num="38" count="3" type="stmt"/>
        <line num="42" count="3" type="stmt"/>
        <line num="46" count="5" type="stmt"/>
        <line num="51" count="5" type="stmt"/>
        <line num="52" count="5" type="cond" truecount="2" falsecount="0"/>
        <line num="54" count="3" type="stmt"/>
        <line num="58" count="5" type="stmt"/>
        <line num="65" count="5" type="stmt"/>
        <line num="69" count="9" type="stmt"/>
        <line num="74" count="9" type="stmt"/>
        <line num="75" count="9" type="cond" truecount="2" falsecount="0"/>
        <line num="77" count="6" type="stmt"/>
        <line num="82" count="5" type="cond" truecount="2" falsecount="0"/>
        <line num="84" count="4" type="stmt"/>
        <line num="92" count="6" type="stmt"/>
        <line num="103" count="5" type="cond" truecount="2" falsecount="0"/>
        <line num="107" count="13" type="stmt"/>
      </file>
      <file name="element.js" path="C:\Users\Kaz\Desktop\springboard-cs\post\mhw-capstone\backend\models\element.js">
        <metrics statements="16" coveredstatements="16" conditionals="5" coveredconditionals="5" methods="4" coveredmethods="4"/>
        <line num="3" count="13" type="stmt"/>
        <line num="4" count="13" type="stmt"/>
        <line num="8" count="4" type="cond" truecount="2" falsecount="0"/>
        <line num="9" count="3" type="stmt"/>
        <line num="13" count="3" type="stmt"/>
        <line num="16" count="1" type="stmt"/>
        <line num="21" count="1" type="stmt"/>
        <line num="25" count="5" type="stmt"/>
        <line num="30" count="5" type="stmt"/>
        <line num="31" count="5" type="cond" truecount="2" falsecount="0"/>
        <line num="33" count="3" type="stmt"/>
        <line num="37" count="5" type="stmt"/>
        <line num="44" count="5" type="stmt"/>
        <line num="48" count="5" type="stmt"/>
        <line num="55" count="5" type="stmt"/>
        <line num="59" count="13" type="stmt"/>
      </file>
      <file name="item.js" path="C:\Users\Kaz\Desktop\springboard-cs\post\mhw-capstone\backend\models\item.js">
        <metrics statements="5" coveredstatements="5" conditionals="2" coveredconditionals="1" methods="1" coveredmethods="1"/>
        <line num="3" count="13" type="stmt"/>
        <line num="7" count="1" type="stmt"/>
        <line num="12" count="1" type="cond" truecount="1" falsecount="1"/>
        <line num="14" count="1" type="stmt"/>
        <line num="22" count="13" type="stmt"/>
      </file>
      <file name="location.js" path="C:\Users\Kaz\Desktop\springboard-cs\post\mhw-capstone\backend\models\location.js">
        <metrics statements="23" coveredstatements="23" conditionals="9" coveredconditionals="7" methods="5" coveredmethods="5"/>
        <line num="3" count="13" type="stmt"/>
        <line num="4" count="13" type="stmt"/>
        <line num="8" count="1" type="stmt"/>
        <line num="13" count="1" type="cond" truecount="1" falsecount="1"/>
        <line num="15" count="1" type="stmt"/>
        <line num="23" count="1" type="stmt"/>
        <line num="28" count="1" type="cond" truecount="1" falsecount="1"/>
        <line num="30" count="1" type="stmt"/>
        <line num="38" count="4" type="stmt"/>
        <line num="39" count="4" type="stmt"/>
        <line num="40" count="4" type="stmt"/>
        <line num="42" count="4" type="cond" truecount="2" falsecount="0"/>
        <line num="43" count="3" type="stmt"/>
        <line num="44" count="3" type="stmt"/>
        <line num="47" count="1" type="stmt"/>
        <line num="51" count="1" type="stmt"/>
        <line num="55" count="5" type="stmt"/>
        <line num="60" count="5" type="stmt"/>
        <line num="61" count="5" type="cond" truecount="2" falsecount="0"/>
        <line num="63" count="3" type="stmt"/>
        <line num="67" count="5" type="stmt"/>
        <line num="75" count="5" type="stmt"/>
        <line num="79" count="13" type="stmt"/>
      </file>
      <file name="monster.js" path="C:\Users\Kaz\Desktop\springboard-cs\post\mhw-capstone\backend\models\monster.js">
        <metrics statements="58" coveredstatements="58" conditionals="29" coveredconditionals="22" methods="15" coveredmethods="15"/>
        <line num="3" count="13" type="stmt"/>
        <line num="7" count="13" type="stmt"/>
        <line num="11" count="1" type="stmt"/>
        <line num="16" count="1" type="cond" truecount="1" falsecount="1"/>
        <line num="18" count="1" type="stmt"/>
        <line num="26" count="1" type="stmt"/>
        <line num="31" count="1" type="cond" truecount="1" falsecount="1"/>
        <line num="33" count="1" type="stmt"/>
        <line num="41" count="1" type="stmt"/>
        <line num="46" count="1" type="cond" truecount="1" falsecount="1"/>
        <line num="48" count="1" type="stmt"/>
        <line num="56" count="1" type="stmt"/>
        <line num="61" count="1" type="cond" truecount="1" falsecount="1"/>
        <line num="63" count="1" type="stmt"/>
        <line num="71" count="1" type="stmt"/>
        <line num="76" count="1" type="cond" truecount="1" falsecount="1"/>
        <line num="78" count="1" type="stmt"/>
        <line num="86" count="1" type="stmt"/>
        <line num="91" count="1" type="cond" truecount="1" falsecount="1"/>
        <line num="93" count="1" type="stmt"/>
        <line num="101" count="1" type="stmt"/>
        <line num="106" count="1" type="cond" truecount="1" falsecount="1"/>
        <line num="108" count="1" type="stmt"/>
        <line num="116" count="10" type="stmt"/>
        <line num="117" count="10" type="stmt"/>
        <line num="118" count="10" type="stmt"/>
        <line num="120" count="10" type="cond" truecount="2" falsecount="0"/>
        <line num="121" count="3" type="stmt"/>
        <line num="122" count="3" type="stmt"/>
        <line num="125" count="7" type="cond" truecount="2" falsecount="0"/>
        <line num="126" count="2" type="stmt"/>
        <line num="131" count="2" type="stmt"/>
        <line num="134" count="5" type="stmt"/>
        <line num="139" count="4" type="stmt"/>
        <line num="143" count="5" type="stmt"/>
        <line num="149" count="5" type="stmt"/>
        <line num="150" count="5" type="cond" truecount="2" falsecount="0"/>
        <line num="152" count="3" type="stmt"/>
        <line num="156" count="5" type="stmt"/>
        <line num="164" count="5" type="stmt"/>
        <line num="168" count="5" type="stmt"/>
        <line num="177" count="5" type="stmt"/>
        <line num="181" count="5" type="stmt"/>
        <line num="189" count="5" type="stmt"/>
        <line num="193" count="5" type="stmt"/>
        <line num="208" count="5" type="stmt"/>
        <line num="212" count="9" type="stmt"/>
        <line num="216" count="9" type="stmt"/>
        <line num="217" count="9" type="cond" truecount="2" falsecount="0"/>
        <line num="219" count="6" type="stmt"/>
        <line num="224" count="5" type="cond" truecount="2" falsecount="0"/>
        <line num="226" count="4" type="stmt"/>
        <line num="231" count="4" type="cond" truecount="2" falsecount="0"/>
        <line num="233" count="3" type="stmt"/>
        <line num="239" count="3" type="stmt"/>
        <line num="243" count="6" type="stmt"/>
        <line num="249" count="5" type="cond" truecount="2" falsecount="0"/>
        <line num="253" count="13" type="stmt"/>
      </file>
      <file name="skill.js" path="C:\Users\Kaz\Desktop\springboard-cs\post\mhw-capstone\backend\models\skill.js">
        <metrics statements="20" coveredstatements="20" conditionals="4" coveredconditionals="3" methods="7" coveredmethods="7"/>
        <line num="3" count="13" type="stmt"/>
        <line num="4" count="13" type="stmt"/>
        <line num="8" count="1" type="stmt"/>
        <line num="13" count="1" type="cond" truecount="1" falsecount="1"/>
        <line num="15" count="1" type="stmt"/>
        <line num="23" count="3" type="stmt"/>
        <line num="27" count="3" type="stmt"/>
        <line num="31" count="5" type="stmt"/>
        <line num="36" count="5" type="stmt"/>
        <line num="37" count="5" type="cond" truecount="2" falsecount="0"/>
        <line num="39" count="3" type="stmt"/>
        <line num="43" count="5" type="stmt"/>
        <line num="50" count="5" type="stmt"/>
        <line num="54" count="5" type="stmt"/>
        <line num="61" count="5" type="stmt"/>
        <line num="65" count="5" type="stmt"/>
        <line num="72" count="5" type="stmt"/>
        <line num="76" count="5" type="stmt"/>
        <line num="83" count="5" type="stmt"/>
        <line num="87" count="13" type="stmt"/>
      </file>
      <file name="user.js" path="C:\Users\Kaz\Desktop\springboard-cs\post\mhw-capstone\backend\models\user.js">
        <metrics statements="91" coveredstatements="91" conditionals="18" coveredconditionals="16" methods="13" coveredmethods="13"/>
        <line num="3" count="13" type="stmt"/>
        <line num="4" count="13" type="stmt"/>
        <line num="5" count="13" type="stmt"/>
        <line num="10" count="13" type="stmt"/>
        <line num="12" count="13" type="stmt"/>
        <line num="19" count="7" type="stmt"/>
        <line num="29" count="7" type="stmt"/>
        <line num="31" count="7" type="cond" truecount="2" falsecount="0"/>
        <line num="32" count="4" type="stmt"/>
        <line num="33" count="4" type="cond" truecount="2" falsecount="0"/>
        <line num="34" count="3" type="stmt"/>
        <line num="35" count="3" type="stmt"/>
        <line num="39" count="4" type="stmt"/>
        <line num="44" count="40" type="stmt"/>
        <line num="51" count="40" type="cond" truecount="2" falsecount="0"/>
        <line num="52" count="1" type="stmt"/>
        <line num="55" count="39" type="stmt"/>
        <line num="57" count="39" type="stmt"/>
        <line num="73" count="39" type="stmt"/>
        <line num="75" count="39" type="stmt"/>
        <line num="79" count="3" type="stmt"/>
        <line num="87" count="2" type="stmt"/>
        <line num="91" count="7" type="stmt"/>
        <line num="100" count="7" type="stmt"/>
        <line num="102" count="7" type="cond" truecount="2" falsecount="0"/>
        <line num="104" count="3" type="stmt"/>
        <line num="109" count="12" type="stmt"/>
        <line num="111" count="3" type="stmt"/>
        <line num="116" count="3" type="stmt"/>
        <line num="118" count="3" type="stmt"/>
        <line num="123" count="3" type="stmt"/>
        <line num="125" count="3" type="stmt"/>
        <line num="131" count="3" type="stmt"/>
        <line num="132" count="3" type="stmt"/>
        <line num="134" count="3" type="stmt"/>
        <line num="139" count="3" type="stmt"/>
        <line num="141" count="3" type="stmt"/>
        <line num="145" count="1" type="stmt"/>
        <line num="153" count="1" type="stmt"/>
        <line num="155" count="1" type="cond" truecount="1" falsecount="1"/>
        <line num="157" count="1" type="stmt"/>
        <line num="163" count="1" type="stmt"/>
        <line num="165" count="1" type="stmt"/>
        <line num="171" count="1" type="stmt"/>
        <line num="173" count="1" type="stmt"/>
        <line num="179" count="1" type="stmt"/>
        <line num="181" count="1" type="stmt"/>
        <line num="188" count="1" type="stmt"/>
        <line num="190" count="1" type="stmt"/>
        <line num="196" count="1" type="stmt"/>
        <line num="198" count="1" type="stmt"/>
        <line num="202" count="1" type="stmt"/>
        <line num="209" count="1" type="cond" truecount="1" falsecount="1"/>
        <line num="211" count="1" type="stmt"/>
        <line num="213" count="1" type="stmt"/>
        <line num="225" count="1" type="stmt"/>
        <line num="227" count="1" type="stmt"/>
        <line num="239" count="1" type="stmt"/>
        <line num="241" count="1" type="stmt"/>
        <line num="253" count="1" type="stmt"/>
        <line num="255" count="1" type="stmt"/>
        <line num="267" count="1" type="stmt"/>
        <line num="269" count="1" type="stmt"/>
        <line num="281" count="1" type="stmt"/>
        <line num="283" count="1" type="stmt"/>
        <line num="317" count="1" type="stmt"/>
        <line num="319" count="1" type="stmt"/>
        <line num="327" count="1" type="stmt"/>
        <line num="329" count="1" type="stmt"/>
        <line num="339" count="1" type="stmt"/>
        <line num="341" count="1" type="stmt"/>
        <line num="351" count="1" type="stmt"/>
        <line num="353" count="1" type="stmt"/>
        <line num="363" count="1" type="stmt"/>
        <line num="365" count="1" type="stmt"/>
        <line num="375" count="1" type="stmt"/>
        <line num="377" count="1" type="stmt"/>
        <line num="381" count="8" type="cond" truecount="2" falsecount="0"/>
        <line num="382" count="2" type="stmt"/>
        <line num="385" count="8" type="stmt"/>
        <line num="390" count="7" type="stmt"/>
        <line num="392" count="7" type="stmt"/>
        <line num="398" count="7" type="stmt"/>
        <line num="399" count="7" type="stmt"/>
        <line num="401" count="7" type="cond" truecount="2" falsecount="0"/>
        <line num="403" count="5" type="stmt"/>
        <line num="404" count="5" type="stmt"/>
        <line num="408" count="5" type="stmt"/>
        <line num="415" count="5" type="stmt"/>
        <line num="417" count="5" type="cond" truecount="2" falsecount="0"/>
        <line num="421" count="13" type="stmt"/>
      </file>
      <file name="weapon.js" path="C:\Users\Kaz\Desktop\springboard-cs\post\mhw-capstone\backend\models\weapon.js">
        <metrics statements="131" coveredstatements="131" conditionals="92" coveredconditionals="73" methods="18" coveredmethods="18"/>
        <line num="3" count="13" type="stmt"/>
        <line num="4" count="13" type="stmt"/>
        <line num="8" count="1" type="stmt"/>
        <line num="13" count="1" type="cond" truecount="1" falsecount="1"/>
        <line num="15" count="1" type="stmt"/>
        <line num="23" count="1" type="stmt"/>
        <line num="28" count="1" type="cond" truecount="1" falsecount="1"/>
        <line num="30" count="1" type="stmt"/>
        <line num="38" count="1" type="stmt"/>
        <line num="43" count="1" type="cond" truecount="1" falsecount="1"/>
        <line num="45" count="1" type="stmt"/>
        <line num="53" count="1" type="stmt"/>
        <line num="58" count="1" type="cond" truecount="1" falsecount="1"/>
        <line num="60" count="1" type="stmt"/>
        <line num="68" count="1" type="stmt"/>
        <line num="73" count="1" type="cond" truecount="1" falsecount="1"/>
        <line num="75" count="1" type="stmt"/>
        <line num="83" count="1" type="stmt"/>
        <line num="88" count="1" type="cond" truecount="1" falsecount="1"/>
        <line num="90" count="1" type="stmt"/>
        <line num="98" count="1" type="stmt"/>
        <line num="103" count="1" type="cond" truecount="1" falsecount="1"/>
        <line num="105" count="1" type="stmt"/>
        <line num="113" count="1" type="stmt"/>
        <line num="118" count="1" type="cond" truecount="1" falsecount="1"/>
        <line num="120" count="1" type="stmt"/>
        <line num="128" count="1" type="stmt"/>
        <line num="133" count="1" type="cond" truecount="1" falsecount="1"/>
        <line num="135" count="1" type="stmt"/>
        <line num="143" count="1" type="stmt"/>
        <line num="148" count="1" type="cond" truecount="1" falsecount="1"/>
        <line num="150" count="1" type="stmt"/>
        <line num="158" count="1" type="stmt"/>
        <line num="163" count="1" type="cond" truecount="1" falsecount="1"/>
        <line num="165" count="1" type="stmt"/>
        <line num="173" count="5" type="cond" truecount="2" falsecount="0"/>
        <line num="174" count="3" type="stmt"/>
        <line num="178" count="3" type="stmt"/>
        <line num="180" count="2" type="stmt"/>
        <line num="185" count="2" type="stmt"/>
        <line num="189" count="23" type="stmt"/>
        <line num="190" count="23" type="stmt"/>
        <line num="191" count="23" type="stmt"/>
        <line num="192" count="23" type="stmt"/>
        <line num="193" count="23" type="stmt"/>
        <line num="195" count="23" type="cond" truecount="2" falsecount="0"/>
        <line num="196" count="2" type="stmt"/>
        <line num="197" count="2" type="cond" truecount="1" falsecount="1"/>
        <line num="198" count="2" type="stmt"/>
        <line num="199" count="2" type="stmt"/>
        <line num="203" count="2" type="stmt"/>
        <line num="206" count="21" type="cond" truecount="4" falsecount="0"/>
        <line num="207" count="2" type="stmt"/>
        <line num="208" count="2" type="cond" truecount="2" falsecount="2"/>
        <line num="209" count="2" type="stmt"/>
        <line num="212" count="21" type="cond" truecount="2" falsecount="0"/>
        <line num="213" count="2" type="stmt"/>
        <line num="214" count="2" type="cond" truecount="2" falsecount="2"/>
        <line num="215" count="2" type="stmt"/>
        <line num="218" count="21" type="cond" truecount="2" falsecount="0"/>
        <line num="219" count="2" type="stmt"/>
        <line num="220" count="2" type="cond" truecount="1" falsecount="1"/>
        <line num="221" count="2" type="stmt"/>
        <line num="224" count="21" type="cond" truecount="4" falsecount="0"/>
        <line num="225" count="6" type="cond" truecount="2" falsecount="0"/>
        <line num="226" count="2" type="stmt"/>
        <line num="227" count="2" type="stmt"/>
        <line num="228" count="4" type="cond" truecount="3" falsecount="1"/>
        <line num="229" count="4" type="stmt"/>
        <line num="230" count="4" type="stmt"/>
        <line num="234" count="21" type="cond" truecount="2" falsecount="0"/>
        <line num="235" count="3" type="stmt"/>
        <line num="240" count="3" type="stmt"/>
        <line num="242" count="18" type="cond" truecount="2" falsecount="0"/>
        <line num="243" count="2" type="stmt"/>
        <line num="248" count="2" type="stmt"/>
        <line num="250" count="16" type="stmt"/>
        <line num="255" count="16" type="stmt"/>
        <line num="259" count="15" type="stmt"/>
        <line num="264" count="15" type="cond" truecount="2" falsecount="0"/>
        <line num="266" count="13" type="stmt"/>
        <line num="267" count="13" type="stmt"/>
        <line num="268" count="13" type="stmt"/>
        <line num="269" count="13" type="stmt"/>
        <line num="270" count="13" type="stmt"/>
        <line num="271" count="13" type="stmt"/>
        <line num="272" count="13" type="stmt"/>
        <line num="274" count="13" type="cond" truecount="2" falsecount="0"/>
        <line num="275" count="2" type="stmt"/>
        <line num="276" count="2" type="stmt"/>
        <line num="277" count="2" type="stmt"/>
        <line num="278" count="2" type="stmt"/>
        <line num="280" count="13" type="cond" truecount="4" falsecount="0"/>
        <line num="281" count="2" type="stmt"/>
        <line num="282" count="2" type="cond" truecount="1" falsecount="1"/>
        <line num="283" count="2" type="stmt"/>
        <line num="285" count="2" type="stmt"/>
        <line num="287" count="13" type="cond" truecount="2" falsecount="0"/>
        <line num="288" count="2" type="stmt"/>
        <line num="289" count="2" type="stmt"/>
        <line num="291" count="13" type="cond" truecount="2" falsecount="0"/>
        <line num="292" count="2" type="stmt"/>
        <line num="293" count="2" type="stmt"/>
        <line num="295" count="13" type="cond" truecount="4" falsecount="0"/>
        <line num="296" count="2" type="stmt"/>
        <line num="297" count="2" type="stmt"/>
        <line num="298" count="2" type="stmt"/>
        <line num="299" count="2" type="stmt"/>
        <line num="302" count="13" type="stmt"/>
        <line num="306" count="13" type="stmt"/>
        <line num="308" count="13" type="cond" truecount="4" falsecount="0"/>
        <line num="309" count="2" type="stmt"/>
        <line num="314" count="2" type="stmt"/>
        <line num="316" count="13" type="stmt"/>
        <line num="320" count="10" type="stmt"/>
        <line num="325" count="10" type="stmt"/>
        <line num="329" count="10" type="stmt"/>
        <line num="336" count="10" type="stmt"/>
        <line num="340" count="9" type="stmt"/>
        <line num="344" count="9" type="stmt"/>
        <line num="345" count="9" type="cond" truecount="2" falsecount="0"/>
        <line num="347" count="6" type="stmt"/>
        <line num="352" count="5" type="cond" truecount="2" falsecount="0"/>
        <line num="354" count="4" type="stmt"/>
        <line num="362" count="4" type="cond" truecount="2" falsecount="0"/>
        <line num="364" count="3" type="stmt"/>
        <line num="369" count="3" type="stmt"/>
        <line num="371" count="3" type="stmt"/>
        <line num="379" count="6" type="stmt"/>
        <line num="388" count="5" type="cond" truecount="2" falsecount="0"/>
        <line num="392" count="13" type="stmt"/>
      </file>
    </package>
    <package name="backend.routes">
      <metrics statements="405" coveredstatements="389" conditionals="8" coveredconditionals="8" methods="46" coveredmethods="44"/>
      <file name="_testCommon.js" path="C:\Users\Kaz\Desktop\springboard-cs\post\mhw-capstone\backend\routes\_testCommon.js">
        <metrics statements="59" coveredstatements="59" conditionals="0" coveredconditionals="0" methods="4" coveredmethods="4"/>
        <line num="3" count="11" type="stmt"/>
        <line num="4" count="11" type="stmt"/>
        <line num="5" count="11" type="stmt"/>
        <line num="8" count="11" type="stmt"/>
        <line num="9" count="11" type="stmt"/>
        <line num="10" count="11" type="stmt"/>
        <line num="11" count="11" type="stmt"/>
        <line num="12" count="11" type="stmt"/>
        <line num="13" count="11" type="stmt"/>
        <line num="14" count="11" type="stmt"/>
        <line num="15" count="11" type="stmt"/>
        <line num="16" count="11" type="stmt"/>
        <line num="17" count="11" type="stmt"/>
        <line num="19" count="11" type="stmt"/>
        <line num="33" count="11" type="stmt"/>
        <line num="38" count="11" type="stmt"/>
        <line num="43" count="11" type="stmt"/>
        <line num="48" count="11" type="stmt"/>
        <line num="53" count="11" type="stmt"/>
        <line num="58" count="11" type="stmt"/>
        <line num="68" count="11" type="stmt"/>
        <line num="73" count="11" type="stmt"/>
        <line num="78" count="11" type="stmt"/>
        <line num="83" count="11" type="stmt"/>
        <line num="88" count="11" type="stmt"/>
        <line num="93" count="11" type="stmt"/>
        <line num="98" count="11" type="stmt"/>
        <line num="103" count="11" type="stmt"/>
        <line num="108" count="11" type="stmt"/>
        <line num="113" count="11" type="stmt"/>
        <line num="118" count="11" type="stmt"/>
        <line num="123" count="11" type="stmt"/>
        <line num="128" count="11" type="stmt"/>
        <line num="133" count="11" type="stmt"/>
        <line num="142" count="11" type="stmt"/>
        <line num="153" count="11" type="stmt"/>
        <line num="162" count="11" type="stmt"/>
        <line num="167" count="11" type="stmt"/>
        <line num="171" count="11" type="stmt"/>
        <line num="175" count="11" type="stmt"/>
        <line num="179" count="11" type="stmt"/>
        <line num="183" count="11" type="stmt"/>
        <line num="188" count="11" type="stmt"/>
        <line num="193" count="11" type="stmt"/>
        <line num="198" count="11" type="stmt"/>
        <line num="204" count="11" type="stmt"/>
        <line num="210" count="11" type="stmt"/>
        <line num="217" count="11" type="stmt"/>
        <line num="225" count="11" type="stmt"/>
        <line num="230" count="11" type="stmt"/>
        <line num="234" count="11" type="stmt"/>
        <line num="238" count="11" type="stmt"/>
        <line num="243" count="11" type="stmt"/>
        <line num="244" count="11" type="stmt"/>
        <line num="245" count="11" type="stmt"/>
        <line num="248" count="176" type="stmt"/>
        <line num="252" count="176" type="stmt"/>
        <line num="256" count="11" type="stmt"/>
        <line num="259" count="11" type="stmt"/>
      </file>
      <file name="armor.js" path="C:\Users\Kaz\Desktop\springboard-cs\post\mhw-capstone\backend\routes\armor.js">
        <metrics statements="35" coveredstatements="35" conditionals="0" coveredconditionals="0" methods="4" coveredmethods="4"/>
        <line num="3" count="12" type="stmt"/>
        <line num="4" count="12" type="stmt"/>
        <line num="5" count="12" type="stmt"/>
        <line num="7" count="12" type="stmt"/>
        <line num="9" count="12" type="stmt"/>
        <line num="10" count="7" type="stmt"/>
        <line num="11" count="7" type="stmt"/>
        <line num="12" count="7" type="stmt"/>
        <line num="13" count="6" type="stmt"/>
        <line num="15" count="1" type="stmt"/>
        <line num="19" count="12" type="stmt"/>
        <line num="20" count="3" type="stmt"/>
        <line num="21" count="3" type="stmt"/>
        <line num="22" count="3" type="stmt"/>
        <line num="28" count="2" type="stmt"/>
        <line num="29" count="2" type="stmt"/>
        <line num="30" count="2" type="stmt"/>
        <line num="31" count="2" type="stmt"/>
        <line num="32" count="2" type="stmt"/>
        <line num="34" count="1" type="stmt"/>
        <line num="38" count="12" type="stmt"/>
        <line num="39" count="5" type="stmt"/>
        <line num="40" count="5" type="stmt"/>
        <line num="41" count="5" type="stmt"/>
        <line num="42" count="5" type="stmt"/>
        <line num="43" count="2" type="stmt"/>
        <line num="45" count="3" type="stmt"/>
        <line num="49" count="12" type="stmt"/>
        <line num="50" count="3" type="stmt"/>
        <line num="51" count="3" type="stmt"/>
        <line num="52" count="3" type="stmt"/>
        <line num="53" count="3" type="stmt"/>
        <line num="54" count="2" type="stmt"/>
        <line num="56" count="1" type="stmt"/>
        <line num="60" count="12" type="stmt"/>
      </file>
      <file name="armorsets.js" path="C:\Users\Kaz\Desktop\springboard-cs\post\mhw-capstone\backend\routes\armorsets.js">
        <metrics statements="19" coveredstatements="18" conditionals="0" coveredconditionals="0" methods="2" coveredmethods="2"/>
        <line num="3" count="12" type="stmt"/>
        <line num="4" count="12" type="stmt"/>
        <line num="5" count="12" type="stmt"/>
        <line num="7" count="12" type="stmt"/>
        <line num="9" count="12" type="stmt"/>
        <line num="10" count="2" type="stmt"/>
        <line num="11" count="2" type="stmt"/>
        <line num="12" count="2" type="stmt"/>
        <line num="14" count="0" type="stmt"/>
        <line num="18" count="12" type="stmt"/>
        <line num="19" count="3" type="stmt"/>
        <line num="20" count="3" type="stmt"/>
        <line num="21" count="3" type="stmt"/>
        <line num="26" count="2" type="stmt"/>
        <line num="27" count="2" type="stmt"/>
        <line num="28" count="2" type="stmt"/>
        <line num="29" count="2" type="stmt"/>
        <line num="31" count="1" type="stmt"/>
        <line num="35" count="12" type="stmt"/>
      </file>
      <file name="auth.js" path="C:\Users\Kaz\Desktop\springboard-cs\post\mhw-capstone\backend\routes\auth.js">
        <metrics statements="30" coveredstatements="30" conditionals="4" coveredconditionals="4" methods="4" coveredmethods="4"/>
        <line num="3" count="12" type="stmt"/>
        <line num="4" count="12" type="stmt"/>
        <line num="5" count="12" type="stmt"/>
        <line num="6" count="12" type="stmt"/>
        <line num="7" count="12" type="stmt"/>
        <line num="8" count="12" type="stmt"/>
        <line num="9" count="12" type="stmt"/>
        <line num="10" count="12" type="stmt"/>
        <line num="12" count="12" type="stmt"/>
        <line num="13" count="5" type="stmt"/>
        <line num="14" count="5" type="stmt"/>
        <line num="15" count="5" type="cond" truecount="2" falsecount="0"/>
        <line num="16" count="2" type="stmt"/>
        <line num="17" count="2" type="stmt"/>
        <line num="20" count="3" type="stmt"/>
        <line num="21" count="3" type="stmt"/>
        <line num="22" count="1" type="stmt"/>
        <line num="23" count="1" type="stmt"/>
        <line num="25" count="4" type="stmt"/>
        <line num="29" count="12" type="stmt"/>
        <line num="30" count="3" type="stmt"/>
        <line num="31" count="3" type="stmt"/>
        <line num="32" count="3" type="cond" truecount="2" falsecount="0"/>
        <line num="33" count="3" type="stmt"/>
        <line num="34" count="2" type="stmt"/>
        <line num="37" count="1" type="stmt"/>
        <line num="38" count="1" type="stmt"/>
        <line num="39" count="1" type="stmt"/>
        <line num="41" count="2" type="stmt"/>
        <line num="45" count="12" type="stmt"/>
      </file>
      <file name="charms.js" path="C:\Users\Kaz\Desktop\springboard-cs\post\mhw-capstone\backend\routes\charms.js">
        <metrics statements="34" coveredstatements="33" conditionals="0" coveredconditionals="0" methods="4" coveredmethods="4"/>
        <line num="3" count="12" type="stmt"/>
        <line num="4" count="12" type="stmt"/>
        <line num="5" count="12" type="stmt"/>
        <line num="6" count="12" type="stmt"/>
        <line num="8" count="12" type="stmt"/>
        <line num="10" count="12" type="stmt"/>
        <line num="11" count="2" type="stmt"/>
        <line num="12" count="2" type="stmt"/>
        <line num="13" count="2" type="stmt"/>
        <line num="15" count="0" type="stmt"/>
        <line num="19" count="12" type="stmt"/>
        <line num="20" count="3" type="stmt"/>
        <line num="21" count="3" type="stmt"/>
        <line num="22" count="3" type="stmt"/>
        <line num="27" count="2" type="stmt"/>
        <line num="28" count="2" type="stmt"/>
        <line num="29" count="2" type="stmt"/>
        <line num="30" count="2" type="stmt"/>
        <line num="32" count="1" type="stmt"/>
        <line num="36" count="12" type="stmt"/>
        <line num="37" count="5" type="stmt"/>
        <line num="38" count="5" type="stmt"/>
        <line num="39" count="5" type="stmt"/>
        <line num="40" count="5" type="stmt"/>
        <line num="41" count="2" type="stmt"/>
        <line num="43" count="3" type="stmt"/>
        <line num="47" count="12" type="stmt"/>
        <line num="48" count="3" type="stmt"/>
        <line num="49" count="3" type="stmt"/>
        <line num="50" count="3" type="stmt"/>
        <line num="51" count="3" type="stmt"/>
        <line num="52" count="2" type="stmt"/>
        <line num="54" count="1" type="stmt"/>
        <line num="58" count="12" type="stmt"/>
      </file>
      <file name="decorations.js" path="C:\Users\Kaz\Desktop\springboard-cs\post\mhw-capstone\backend\routes\decorations.js">
        <metrics statements="33" coveredstatements="32" conditionals="0" coveredconditionals="0" methods="4" coveredmethods="4"/>
        <line num="3" count="12" type="stmt"/>
        <line num="4" count="12" type="stmt"/>
        <line num="5" count="12" type="stmt"/>
        <line num="6" count="12" type="stmt"/>
        <line num="8" count="12" type="stmt"/>
        <line num="10" count="12" type="stmt"/>
        <line num="11" count="2" type="stmt"/>
        <line num="12" count="2" type="stmt"/>
        <line num="13" count="2" type="stmt"/>
        <line num="15" count="0" type="stmt"/>
        <line num="19" count="12" type="stmt"/>
        <line num="20" count="3" type="stmt"/>
        <line num="21" count="3" type="stmt"/>
        <line num="22" count="3" type="stmt"/>
        <line num="26" count="2" type="stmt"/>
        <line num="27" count="2" type="stmt"/>
        <line num="28" count="2" type="stmt"/>
        <line num="30" count="1" type="stmt"/>
        <line num="34" count="12" type="stmt"/>
        <line num="35" count="5" type="stmt"/>
        <line num="36" count="5" type="stmt"/>
        <line num="37" count="5" type="stmt"/>
        <line num="38" count="5" type="stmt"/>
        <line num="39" count="2" type="stmt"/>
        <line num="41" count="3" type="stmt"/>
        <line num="45" count="12" type="stmt"/>
        <line num="46" count="3" type="stmt"/>
        <line num="47" count="3" type="stmt"/>
        <line num="48" count="3" type="stmt"/>
        <line num="49" count="3" type="stmt"/>
        <line num="50" count="2" type="stmt"/>
        <line num="52" count="1" type="stmt"/>
        <line num="56" count="12" type="stmt"/>
      </file>
      <file name="elements.js" path="C:\Users\Kaz\Desktop\springboard-cs\post\mhw-capstone\backend\routes\elements.js">
        <metrics statements="21" coveredstatements="20" conditionals="0" coveredconditionals="0" methods="2" coveredmethods="2"/>
        <line num="3" count="12" type="stmt"/>
        <line num="4" count="12" type="stmt"/>
        <line num="5" count="12" type="stmt"/>
        <line num="6" count="12" type="stmt"/>
        <line num="8" count="12" type="stmt"/>
        <line num="10" count="12" type="stmt"/>
        <line num="11" count="2" type="stmt"/>
        <line num="12" count="2" type="stmt"/>
        <line num="13" count="2" type="stmt"/>
        <line num="14" count="2" type="stmt"/>
        <line num="16" count="0" type="stmt"/>
        <line num="20" count="12" type="stmt"/>
        <line num="21" count="3" type="stmt"/>
        <line num="22" count="3" type="stmt"/>
        <line num="23" count="3" type="stmt"/>
        <line num="28" count="2" type="stmt"/>
        <line num="29" count="2" type="stmt"/>
        <line num="30" count="2" type="stmt"/>
        <line num="31" count="2" type="stmt"/>
        <line num="33" count="1" type="stmt"/>
        <line num="37" count="12" type="stmt"/>
      </file>
      <file name="locations.js" path="C:\Users\Kaz\Desktop\springboard-cs\post\mhw-capstone\backend\routes\locations.js">
        <metrics statements="19" coveredstatements="18" conditionals="0" coveredconditionals="0" methods="2" coveredmethods="2"/>
        <line num="3" count="12" type="stmt"/>
        <line num="4" count="12" type="stmt"/>
        <line num="5" count="12" type="stmt"/>
        <line num="7" count="12" type="stmt"/>
        <line num="9" count="12" type="stmt"/>
        <line num="10" count="2" type="stmt"/>
        <line num="11" count="2" type="stmt"/>
        <line num="12" count="2" type="stmt"/>
        <line num="13" count="2" type="stmt"/>
        <line num="15" count="0" type="stmt"/>
        <line num="19" count="12" type="stmt"/>
        <line num="20" count="3" type="stmt"/>
        <line num="21" count="3" type="stmt"/>
        <line num="22" count="3" type="stmt"/>
        <line num="26" count="2" type="stmt"/>
        <line num="27" count="2" type="stmt"/>
        <line num="28" count="2" type="stmt"/>
        <line num="30" count="1" type="stmt"/>
        <line num="34" count="12" type="stmt"/>
      </file>
      <file name="monsters.js" path="C:\Users\Kaz\Desktop\springboard-cs\post\mhw-capstone\backend\routes\monsters.js">
        <metrics statements="37" coveredstatements="37" conditionals="0" coveredconditionals="0" methods="4" coveredmethods="4"/>
        <line num="3" count="12" type="stmt"/>
        <line num="4" count="12" type="stmt"/>
        <line num="5" count="12" type="stmt"/>
        <line num="6" count="12" type="stmt"/>
        <line num="8" count="12" type="stmt"/>
        <line num="10" count="12" type="stmt"/>
        <line num="11" count="6" type="stmt"/>
        <line num="12" count="6" type="stmt"/>
        <line num="13" count="6" type="stmt"/>
        <line num="14" count="5" type="stmt"/>
        <line num="16" count="1" type="stmt"/>
        <line num="20" count="12" type="stmt"/>
        <line num="21" count="3" type="stmt"/>
        <line num="22" count="3" type="stmt"/>
        <line num="23" count="3" type="stmt"/>
        <line num="30" count="2" type="stmt"/>
        <line num="31" count="2" type="stmt"/>
        <line num="32" count="2" type="stmt"/>
        <line num="33" count="2" type="stmt"/>
        <line num="34" count="2" type="stmt"/>
        <line num="35" count="2" type="stmt"/>
        <line num="37" count="1" type="stmt"/>
        <line num="41" count="12" type="stmt"/>
        <line num="42" count="5" type="stmt"/>
        <line num="43" count="5" type="stmt"/>
        <line num="44" count="5" type="stmt"/>
        <line num="45" count="5" type="stmt"/>
        <line num="46" count="2" type="stmt"/>
        <line num="48" count="3" type="stmt"/>
        <line num="52" count="12" type="stmt"/>
        <line num="53" count="3" type="stmt"/>
        <line num="54" count="3" type="stmt"/>
        <line num="55" count="3" type="stmt"/>
        <line num="56" count="3" type="stmt"/>
        <line num="57" count="2" type="stmt"/>
        <line num="59" count="1" type="stmt"/>
        <line num="63" count="12" type="stmt"/>
      </file>
      <file name="skills.js" path="C:\Users\Kaz\Desktop\springboard-cs\post\mhw-capstone\backend\routes\skills.js">
        <metrics statements="22" coveredstatements="21" conditionals="0" coveredconditionals="0" methods="2" coveredmethods="2"/>
        <line num="3" count="12" type="stmt"/>
        <line num="4" count="12" type="stmt"/>
        <line num="5" count="12" type="stmt"/>
        <line num="6" count="12" type="stmt"/>
        <line num="8" count="12" type="stmt"/>
        <line num="10" count="12" type="stmt"/>
        <line num="11" count="2" type="stmt"/>
        <line num="12" count="2" type="stmt"/>
        <line num="13" count="2" type="stmt"/>
        <line num="15" count="0" type="stmt"/>
        <line num="19" count="12" type="stmt"/>
        <line num="20" count="3" type="stmt"/>
        <line num="21" count="3" type="stmt"/>
        <line num="22" count="3" type="stmt"/>
        <line num="29" count="2" type="stmt"/>
        <line num="30" count="2" type="stmt"/>
        <line num="31" count="2" type="stmt"/>
        <line num="32" count="2" type="stmt"/>
        <line num="33" count="2" type="stmt"/>
        <line num="34" count="2" type="stmt"/>
        <line num="36" count="1" type="stmt"/>
        <line num="40" count="12" type="stmt"/>
      </file>
      <file name="users.js" path="C:\Users\Kaz\Desktop\springboard-cs\post\mhw-capstone\backend\routes\users.js">
        <metrics statements="54" coveredstatements="46" conditionals="4" coveredconditionals="4" methods="9" coveredmethods="7"/>
        <line num="3" count="12" type="stmt"/>
        <line num="5" count="12" type="stmt"/>
        <line num="6" count="12" type="stmt"/>
        <line num="7" count="12" type="stmt"/>
        <line num="8" count="12" type="stmt"/>
        <line num="9" count="12" type="stmt"/>
        <line num="10" count="12" type="stmt"/>
        <line num="11" count="12" type="stmt"/>
        <line num="13" count="12" type="stmt"/>
        <line num="15" count="12" type="stmt"/>
        <line num="16" count="4" type="stmt"/>
        <line num="17" count="4" type="stmt"/>
        <line num="18" count="4" type="cond" truecount="2" falsecount="0"/>
        <line num="19" count="3" type="stmt"/>
        <line num="20" count="2" type="stmt"/>
        <line num="23" count="2" type="stmt"/>
        <line num="24" count="2" type="stmt"/>
        <line num="25" count="2" type="stmt"/>
        <line num="27" count="2" type="stmt"/>
        <line num="31" count="12" type="stmt"/>
        <line num="32" count="2" type="stmt"/>
        <line num="33" count="2" type="stmt"/>
        <line num="34" count="1" type="stmt"/>
        <line num="36" count="1" type="stmt"/>
        <line num="41" count="12" type="stmt"/>
        <line num="42" count="3" type="stmt"/>
        <line num="43" count="3" type="stmt"/>
        <line num="44" count="2" type="stmt"/>
        <line num="46" count="1" type="stmt"/>
        <line num="52" count="12" type="stmt"/>
        <line num="53" count="0" type="stmt"/>
        <line num="54" count="0" type="stmt"/>
        <line num="55" count="0" type="stmt"/>
        <line num="57" count="0" type="stmt"/>
        <line num="63" count="12" type="stmt"/>
        <line num="64" count="0" type="stmt"/>
        <line num="65" count="0" type="stmt"/>
        <line num="66" count="0" type="stmt"/>
        <line num="68" count="0" type="stmt"/>
        <line num="72" count="12" type="stmt"/>
        <line num="73" count="5" type="stmt"/>
        <line num="74" count="5" type="stmt"/>
        <line num="75" count="5" type="cond" truecount="2" falsecount="0"/>
        <line num="76" count="1" type="stmt"/>
        <line num="77" count="1" type="stmt"/>
        <line num="79" count="4" type="stmt"/>
        <line num="80" count="3" type="stmt"/>
        <line num="82" count="2" type="stmt"/>
        <line num="86" count="12" type="stmt"/>
        <line num="87" count="3" type="stmt"/>
        <line num="88" count="3" type="stmt"/>
        <line num="89" count="2" type="stmt"/>
        <line num="91" count="1" type="stmt"/>
        <line num="96" count="12" type="stmt"/>
      </file>
      <file name="weapons.js" path="C:\Users\Kaz\Desktop\springboard-cs\post\mhw-capstone\backend\routes\weapons.js">
        <metrics statements="42" coveredstatements="40" conditionals="0" coveredconditionals="0" methods="5" coveredmethods="5"/>
        <line num="3" count="12" type="stmt"/>
        <line num="4" count="12" type="stmt"/>
        <line num="5" count="12" type="stmt"/>
        <line num="6" count="12" type="stmt"/>
        <line num="8" count="12" type="stmt"/>
        <line num="10" count="12" type="stmt"/>
        <line num="11" count="3" type="stmt"/>
        <line num="12" count="3" type="stmt"/>
        <line num="13" count="3" type="stmt"/>
        <line num="14" count="3" type="stmt"/>
        <line num="16" count="0" type="stmt"/>
        <line num="20" count="12" type="stmt"/>
        <line num="21" count="12" type="stmt"/>
        <line num="22" count="12" type="stmt"/>
        <line num="23" count="12" type="stmt"/>
        <line num="24" count="12" type="stmt"/>
        <line num="25" count="12" type="stmt"/>
        <line num="27" count="0" type="stmt"/>
        <line num="31" count="12" type="stmt"/>
        <line num="32" count="8" type="stmt"/>
        <line num="33" count="8" type="stmt"/>
        <line num="34" count="8" type="stmt"/>
        <line num="39" count="7" type="stmt"/>
        <line num="40" count="7" type="stmt"/>
        <line num="41" count="7" type="stmt"/>
        <line num="42" count="7" type="stmt"/>
        <line num="44" count="1" type="stmt"/>
        <line num="48" count="12" type="stmt"/>
        <line num="49" count="5" type="stmt"/>
        <line num="50" count="5" type="stmt"/>
        <line num="51" count="5" type="stmt"/>
        <line num="52" count="5" type="stmt"/>
        <line num="53" count="2" type="stmt"/>
        <line num="55" count="3" type="stmt"/>
        <line num="59" count="12" type="stmt"/>
        <line num="60" count="3" type="stmt"/>
        <line num="61" count="3" type="stmt"/>
        <line num="62" count="3" type="stmt"/>
        <line num="63" count="3" type="stmt"/>
        <line num="64" count="2" type="stmt"/>
        <line num="66" count="1" type="stmt"/>
        <line num="70" count="12" type="stmt"/>
      </file>
    </package>
  </project>
</coverage>
