{"C:\\Users\\Kaz\\Desktop\\springboard-cs\\post\\mhw-capstone\\backend\\app.js": {"path":"C:\\Users\\Kaz\\Desktop\\springboard-cs\\post\\mhw-capstone\\backend\\app.js","statementMap":{"0":{"start":{"line":3,"column":16},"end":{"line":3,"column":34}},"1":{"start":{"line":4,"column":13},"end":{"line":4,"column":28}},"2":{"start":{"line":6,"column":26},"end":{"line":6,"column":51}},"3":{"start":{"line":8,"column":28},"end":{"line":8,"column":56}},"4":{"start":{"line":9,"column":19},"end":{"line":9,"column":43}},"5":{"start":{"line":10,"column":20},"end":{"line":10,"column":45}},"6":{"start":{"line":11,"column":22},"end":{"line":11,"column":50}},"7":{"start":{"line":12,"column":23},"end":{"line":12,"column":52}},"8":{"start":{"line":13,"column":23},"end":{"line":13,"column":52}},"9":{"start":{"line":14,"column":20},"end":{"line":14,"column":45}},"10":{"start":{"line":15,"column":21},"end":{"line":15,"column":48}},"11":{"start":{"line":16,"column":20},"end":{"line":16,"column":46}},"12":{"start":{"line":17,"column":25},"end":{"line":17,"column":56}},"13":{"start":{"line":18,"column":20},"end":{"line":18,"column":46}},"14":{"start":{"line":19,"column":22},"end":{"line":19,"column":50}},"15":{"start":{"line":20,"column":16},"end":{"line":20,"column":44}},"16":{"start":{"line":22,"column":15},"end":{"line":22,"column":32}},"17":{"start":{"line":24,"column":12},"end":{"line":24,"column":21}},"18":{"start":{"line":26,"column":0},"end":{"line":26,"column":16}},"19":{"start":{"line":27,"column":0},"end":{"line":27,"column":24}},"20":{"start":{"line":28,"column":0},"end":{"line":28,"column":24}},"21":{"start":{"line":29,"column":0},"end":{"line":29,"column":25}},"22":{"start":{"line":31,"column":0},"end":{"line":31,"column":47}},"23":{"start":{"line":31,"column":37},"end":{"line":31,"column":47}},"24":{"start":{"line":32,"column":0},"end":{"line":32,"column":29}},"25":{"start":{"line":33,"column":0},"end":{"line":33,"column":31}},"26":{"start":{"line":34,"column":0},"end":{"line":34,"column":36}},"27":{"start":{"line":35,"column":0},"end":{"line":35,"column":38}},"28":{"start":{"line":36,"column":0},"end":{"line":36,"column":38}},"29":{"start":{"line":37,"column":0},"end":{"line":37,"column":31}},"30":{"start":{"line":38,"column":0},"end":{"line":38,"column":34}},"31":{"start":{"line":39,"column":0},"end":{"line":39,"column":32}},"32":{"start":{"line":40,"column":0},"end":{"line":40,"column":42}},"33":{"start":{"line":41,"column":0},"end":{"line":41,"column":32}},"34":{"start":{"line":42,"column":0},"end":{"line":42,"column":36}},"35":{"start":{"line":44,"column":0},"end":{"line":46,"column":3}},"36":{"start":{"line":45,"column":2},"end":{"line":45,"column":35}},"37":{"start":{"line":48,"column":0},"end":{"line":56,"column":3}},"38":{"start":{"line":49,"column":2},"end":{"line":49,"column":64}},"39":{"start":{"line":49,"column":39},"end":{"line":49,"column":64}},"40":{"start":{"line":50,"column":17},"end":{"line":50,"column":34}},"41":{"start":{"line":51,"column":18},"end":{"line":51,"column":29}},"42":{"start":{"line":53,"column":2},"end":{"line":55,"column":5}},"43":{"start":{"line":58,"column":0},"end":{"line":58,"column":21}}},"fnMap":{"0":{"name":"(anonymous_0)","decl":{"start":{"line":44,"column":8},"end":{"line":44,"column":9}},"loc":{"start":{"line":44,"column":34},"end":{"line":46,"column":1}},"line":44},"1":{"name":"(anonymous_1)","decl":{"start":{"line":48,"column":8},"end":{"line":48,"column":9}},"loc":{"start":{"line":48,"column":39},"end":{"line":56,"column":1}},"line":48}},"branchMap":{"0":{"loc":{"start":{"line":31,"column":0},"end":{"line":31,"column":47}},"type":"if","locations":[{"start":{"line":31,"column":0},"end":{"line":31,"column":47}},{"start":{},"end":{}}],"line":31},"1":{"loc":{"start":{"line":49,"column":2},"end":{"line":49,"column":64}},"type":"if","locations":[{"start":{"line":49,"column":2},"end":{"line":49,"column":64}},{"start":{},"end":{}}],"line":49},"2":{"loc":{"start":{"line":50,"column":17},"end":{"line":50,"column":34}},"type":"binary-expr","locations":[{"start":{"line":50,"column":17},"end":{"line":50,"column":27}},{"start":{"line":50,"column":31},"end":{"line":50,"column":34}}],"line":50}},"s":{"0":12,"1":12,"2":12,"3":12,"4":12,"5":12,"6":12,"7":12,"8":12,"9":12,"10":12,"11":12,"12":12,"13":12,"14":12,"15":12,"16":12,"17":12,"18":12,"19":12,"20":12,"21":12,"22":12,"23":0,"24":12,"25":12,"26":12,"27":12,"28":12,"29":12,"30":12,"31":12,"32":12,"33":12,"34":12,"35":12,"36":2,"37":12,"38":85,"39":1,"40":85,"41":85,"42":85,"43":12},"f":{"0":2,"1":85},"b":{"0":[0,12],"1":[1,84],"2":[85,13]},"_coverageSchema":"1a1c01bbd47fc00a2c39e90264f33305004495a9","hash":"618ae1ab565e51a38d801ebb86d4c1920f5eddac"}
,"C:\\Users\\Kaz\\Desktop\\springboard-cs\\post\\mhw-capstone\\backend\\config.js": {"path":"C:\\Users\\Kaz\\Desktop\\springboard-cs\\post\\mhw-capstone\\backend\\config.js","statementMap":{"0":{"start":{"line":3,"column":0},"end":{"line":3,"column":27}},"1":{"start":{"line":4,"column":0},"end":{"line":4,"column":18}},"2":{"start":{"line":6,"column":19},"end":{"line":6,"column":57}},"3":{"start":{"line":8,"column":13},"end":{"line":8,"column":38}},"4":{"start":{"line":11,"column":2},"end":{"line":13,"column":42}},"5":{"start":{"line":16,"column":27},"end":{"line":16,"column":67}},"6":{"start":{"line":18,"column":0},"end":{"line":18,"column":33}},"7":{"start":{"line":19,"column":0},"end":{"line":19,"column":46}},"8":{"start":{"line":20,"column":0},"end":{"line":20,"column":45}},"9":{"start":{"line":21,"column":0},"end":{"line":21,"column":61}},"10":{"start":{"line":22,"column":0},"end":{"line":22,"column":50}},"11":{"start":{"line":23,"column":0},"end":{"line":23,"column":19}},"12":{"start":{"line":25,"column":0},"end":{"line":30,"column":2}}},"fnMap":{"0":{"name":"getDatabaseUri","decl":{"start":{"line":10,"column":9},"end":{"line":10,"column":23}},"loc":{"start":{"line":10,"column":26},"end":{"line":14,"column":1}},"line":10}},"branchMap":{"0":{"loc":{"start":{"line":6,"column":19},"end":{"line":6,"column":57}},"type":"binary-expr","locations":[{"start":{"line":6,"column":19},"end":{"line":6,"column":41}},{"start":{"line":6,"column":45},"end":{"line":6,"column":57}}],"line":6},"1":{"loc":{"start":{"line":8,"column":13},"end":{"line":8,"column":38}},"type":"binary-expr","locations":[{"start":{"line":8,"column":13},"end":{"line":8,"column":30}},{"start":{"line":8,"column":34},"end":{"line":8,"column":38}}],"line":8},"2":{"loc":{"start":{"line":11,"column":9},"end":{"line":13,"column":41}},"type":"cond-expr","locations":[{"start":{"line":12,"column":8},"end":{"line":12,"column":18}},{"start":{"line":13,"column":8},"end":{"line":13,"column":41}}],"line":11},"3":{"loc":{"start":{"line":13,"column":8},"end":{"line":13,"column":41}},"type":"binary-expr","locations":[{"start":{"line":13,"column":8},"end":{"line":13,"column":32}},{"start":{"line":13,"column":36},"end":{"line":13,"column":41}}],"line":13},"4":{"loc":{"start":{"line":16,"column":27},"end":{"line":16,"column":67}},"type":"cond-expr","locations":[{"start":{"line":16,"column":61},"end":{"line":16,"column":62}},{"start":{"line":16,"column":65},"end":{"line":16,"column":67}}],"line":16}},"s":{"0":27,"1":27,"2":27,"3":27,"4":54,"5":27,"6":27,"7":27,"8":27,"9":27,"10":27,"11":27,"12":27},"f":{"0":54},"b":{"0":[27,26],"1":[27,26],"2":[51,3],"3":[3,1],"4":[26,1]},"_coverageSchema":"1a1c01bbd47fc00a2c39e90264f33305004495a9","hash":"10b8bdd67f8b71f4ceb1d843927d7becf4087bef"}
,"C:\\Users\\Kaz\\Desktop\\springboard-cs\\post\\mhw-capstone\\backend\\db.js": {"path":"C:\\Users\\Kaz\\Desktop\\springboard-cs\\post\\mhw-capstone\\backend\\db.js","statementMap":{"0":{"start":{"line":3,"column":19},"end":{"line":3,"column":32}},"1":{"start":{"line":4,"column":27},"end":{"line":4,"column":46}},"2":{"start":{"line":8,"column":0},"end":{"line":19,"column":1}},"3":{"start":{"line":9,"column":2},"end":{"line":14,"column":5}},"4":{"start":{"line":16,"column":2},"end":{"line":18,"column":5}},"5":{"start":{"line":21,"column":0},"end":{"line":21,"column":13}},"6":{"start":{"line":23,"column":0},"end":{"line":23,"column":20}}},"fnMap":{},"branchMap":{"0":{"loc":{"start":{"line":8,"column":0},"end":{"line":19,"column":1}},"type":"if","locations":[{"start":{"line":8,"column":0},"end":{"line":19,"column":1}},{"start":{"line":15,"column":7},"end":{"line":19,"column":1}}],"line":8}},"s":{"0":24,"1":24,"2":24,"3":0,"4":24,"5":24,"6":24},"f":{},"b":{"0":[0,24]},"_coverageSchema":"1a1c01bbd47fc00a2c39e90264f33305004495a9","hash":"b921f12072eae9815cf75c267e2d79160aa157e8"}
,"C:\\Users\\Kaz\\Desktop\\springboard-cs\\post\\mhw-capstone\\backend\\expressError.js": {"path":"C:\\Users\\Kaz\\Desktop\\springboard-cs\\post\\mhw-capstone\\backend\\expressError.js","statementMap":{"0":{"start":{"line":3,"column":4},"end":{"line":3,"column":12}},"1":{"start":{"line":4,"column":4},"end":{"line":4,"column":27}},"2":{"start":{"line":5,"column":4},"end":{"line":5,"column":25}},"3":{"start":{"line":13,"column":4},"end":{"line":13,"column":24}},"4":{"start":{"line":21,"column":4},"end":{"line":21,"column":24}},"5":{"start":{"line":29,"column":4},"end":{"line":29,"column":24}},"6":{"start":{"line":37,"column":4},"end":{"line":37,"column":24}},"7":{"start":{"line":41,"column":0},"end":{"line":47,"column":2}}},"fnMap":{"0":{"name":"(anonymous_0)","decl":{"start":{"line":2,"column":2},"end":{"line":2,"column":3}},"loc":{"start":{"line":2,"column":31},"end":{"line":6,"column":3}},"line":2},"1":{"name":"(anonymous_1)","decl":{"start":{"line":12,"column":2},"end":{"line":12,"column":3}},"loc":{"start":{"line":12,"column":37},"end":{"line":14,"column":3}},"line":12},"2":{"name":"(anonymous_2)","decl":{"start":{"line":20,"column":2},"end":{"line":20,"column":3}},"loc":{"start":{"line":20,"column":40},"end":{"line":22,"column":3}},"line":20},"3":{"name":"(anonymous_3)","decl":{"start":{"line":28,"column":2},"end":{"line":28,"column":3}},"loc":{"start":{"line":28,"column":39},"end":{"line":30,"column":3}},"line":28},"4":{"name":"(anonymous_4)","decl":{"start":{"line":36,"column":2},"end":{"line":36,"column":3}},"loc":{"start":{"line":36,"column":39},"end":{"line":38,"column":3}},"line":36}},"branchMap":{"0":{"loc":{"start":{"line":12,"column":14},"end":{"line":12,"column":35}},"type":"default-arg","locations":[{"start":{"line":12,"column":24},"end":{"line":12,"column":35}}],"line":12},"1":{"loc":{"start":{"line":20,"column":14},"end":{"line":20,"column":38}},"type":"default-arg","locations":[{"start":{"line":20,"column":24},"end":{"line":20,"column":38}}],"line":20},"2":{"loc":{"start":{"line":28,"column":14},"end":{"line":28,"column":37}},"type":"default-arg","locations":[{"start":{"line":28,"column":24},"end":{"line":28,"column":37}}],"line":28},"3":{"loc":{"start":{"line":36,"column":14},"end":{"line":36,"column":37}},"type":"default-arg","locations":[{"start":{"line":36,"column":24},"end":{"line":36,"column":37}}],"line":36}},"s":{"0":121,"1":121,"2":121,"3":60,"4":48,"5":13,"6":0,"7":24},"f":{"0":121,"1":60,"2":48,"3":13,"4":0},"b":{"0":[7],"1":[44],"2":[0],"3":[0]},"_coverageSchema":"1a1c01bbd47fc00a2c39e90264f33305004495a9","hash":"929e4e91763fd59a414f522a8767c08da627c8e3"}
,"C:\\Users\\Kaz\\Desktop\\springboard-cs\\post\\mhw-capstone\\backend\\helpers\\getData.js": {"path":"C:\\Users\\Kaz\\Desktop\\springboard-cs\\post\\mhw-capstone\\backend\\helpers\\getData.js","statementMap":{"0":{"start":{"line":3,"column":14},"end":{"line":3,"column":30}},"1":{"start":{"line":4,"column":12},"end":{"line":4,"column":32}},"2":{"start":{"line":5,"column":17},"end":{"line":5,"column":46}},"3":{"start":{"line":6,"column":14},"end":{"line":6,"column":40}},"4":{"start":{"line":7,"column":16},"end":{"line":7,"column":44}},"5":{"start":{"line":8,"column":14},"end":{"line":8,"column":43}},"6":{"start":{"line":9,"column":13},"end":{"line":9,"column":38}},"7":{"start":{"line":10,"column":14},"end":{"line":10,"column":40}},"8":{"start":{"line":11,"column":16},"end":{"line":11,"column":44}},"9":{"start":{"line":12,"column":14},"end":{"line":12,"column":40}},"10":{"start":{"line":13,"column":15},"end":{"line":13,"column":42}},"11":{"start":{"line":14,"column":19},"end":{"line":14,"column":50}},"12":{"start":{"line":16,"column":16},"end":{"line":29,"column":1}},"13":{"start":{"line":17,"column":2},"end":{"line":23,"column":5}},"14":{"start":{"line":24,"column":2},"end":{"line":24,"column":16}},"15":{"start":{"line":25,"column":2},"end":{"line":25,"column":14}},"16":{"start":{"line":26,"column":2},"end":{"line":26,"column":13}},"17":{"start":{"line":27,"column":2},"end":{"line":27,"column":19}},"18":{"start":{"line":28,"column":2},"end":{"line":28,"column":15}},"19":{"start":{"line":31,"column":18},"end":{"line":39,"column":1}},"20":{"start":{"line":32,"column":14},"end":{"line":32,"column":46}},"21":{"start":{"line":33,"column":17},"end":{"line":33,"column":25}},"22":{"start":{"line":34,"column":2},"end":{"line":38,"column":4}},"23":{"start":{"line":35,"column":4},"end":{"line":37,"column":6}},"24":{"start":{"line":36,"column":6},"end":{"line":36,"column":105}},"25":{"start":{"line":41,"column":17},"end":{"line":47,"column":1}},"26":{"start":{"line":42,"column":14},"end":{"line":42,"column":45}},"27":{"start":{"line":43,"column":16},"end":{"line":43,"column":24}},"28":{"start":{"line":44,"column":2},"end":{"line":46,"column":4}},"29":{"start":{"line":45,"column":4},"end":{"line":45,"column":55}},"30":{"start":{"line":49,"column":21},"end":{"line":61,"column":1}},"31":{"start":{"line":50,"column":14},"end":{"line":50,"column":50}},"32":{"start":{"line":51,"column":15},"end":{"line":51,"column":23}},"33":{"start":{"line":52,"column":2},"end":{"line":54,"column":5}},"34":{"start":{"line":53,"column":4},"end":{"line":53,"column":73}},"35":{"start":{"line":55,"column":20},"end":{"line":55,"column":61}},"36":{"start":{"line":55,"column":37},"end":{"line":55,"column":60}},"37":{"start":{"line":56,"column":2},"end":{"line":60,"column":4}},"38":{"start":{"line":57,"column":4},"end":{"line":59,"column":6}},"39":{"start":{"line":58,"column":6},"end":{"line":58,"column":54}},"40":{"start":{"line":63,"column":17},"end":{"line":115,"column":1}},"41":{"start":{"line":64,"column":14},"end":{"line":64,"column":45}},"42":{"start":{"line":65,"column":16},"end":{"line":65,"column":24}},"43":{"start":{"line":66,"column":2},"end":{"line":102,"column":5}},"44":{"start":{"line":67,"column":18},"end":{"line":67,"column":42}},"45":{"start":{"line":68,"column":4},"end":{"line":70,"column":5}},"46":{"start":{"line":68,"column":15},"end":{"line":68,"column":16}},"47":{"start":{"line":69,"column":6},"end":{"line":69,"column":57}},"48":{"start":{"line":71,"column":4},"end":{"line":78,"column":5}},"49":{"start":{"line":72,"column":6},"end":{"line":77,"column":7}},"50":{"start":{"line":76,"column":8},"end":{"line":76,"column":23}},"51":{"start":{"line":79,"column":4},"end":{"line":100,"column":5}},"52":{"start":{"line":80,"column":6},"end":{"line":83,"column":8}},"53":{"start":{"line":80,"column":30},"end":{"line":83,"column":7}},"54":{"start":{"line":84,"column":6},"end":{"line":87,"column":8}},"55":{"start":{"line":84,"column":30},"end":{"line":87,"column":7}},"56":{"start":{"line":88,"column":6},"end":{"line":91,"column":8}},"57":{"start":{"line":88,"column":31},"end":{"line":91,"column":7}},"58":{"start":{"line":92,"column":6},"end":{"line":95,"column":8}},"59":{"start":{"line":92,"column":30},"end":{"line":95,"column":7}},"60":{"start":{"line":96,"column":6},"end":{"line":99,"column":8}},"61":{"start":{"line":96,"column":29},"end":{"line":99,"column":7}},"62":{"start":{"line":101,"column":4},"end":{"line":101,"column":173}},"63":{"start":{"line":103,"column":26},"end":{"line":103,"column":79}},"64":{"start":{"line":103,"column":44},"end":{"line":103,"column":78}},"65":{"start":{"line":104,"column":2},"end":{"line":108,"column":4}},"66":{"start":{"line":105,"column":4},"end":{"line":107,"column":6}},"67":{"start":{"line":106,"column":6},"end":{"line":106,"column":35}},"68":{"start":{"line":109,"column":29},"end":{"line":109,"column":94}},"69":{"start":{"line":109,"column":47},"end":{"line":109,"column":93}},"70":{"start":{"line":110,"column":2},"end":{"line":114,"column":4}},"71":{"start":{"line":111,"column":4},"end":{"line":113,"column":6}},"72":{"start":{"line":112,"column":6},"end":{"line":112,"column":55}},"73":{"start":{"line":117,"column":20},"end":{"line":205,"column":1}},"74":{"start":{"line":118,"column":14},"end":{"line":118,"column":48}},"75":{"start":{"line":119,"column":19},"end":{"line":119,"column":27}},"76":{"start":{"line":120,"column":17},"end":{"line":179,"column":3}},"77":{"start":{"line":180,"column":2},"end":{"line":195,"column":6}},"78":{"start":{"line":181,"column":4},"end":{"line":181,"column":73}},"79":{"start":{"line":182,"column":4},"end":{"line":184,"column":7}},"80":{"start":{"line":183,"column":6},"end":{"line":183,"column":40}},"81":{"start":{"line":185,"column":4},"end":{"line":188,"column":7}},"82":{"start":{"line":186,"column":6},"end":{"line":186,"column":46}},"83":{"start":{"line":186,"column":24},"end":{"line":186,"column":46}},"84":{"start":{"line":187,"column":6},"end":{"line":187,"column":67}},"85":{"start":{"line":189,"column":4},"end":{"line":191,"column":7}},"86":{"start":{"line":190,"column":6},"end":{"line":190,"column":39}},"87":{"start":{"line":192,"column":4},"end":{"line":194,"column":6}},"88":{"start":{"line":193,"column":6},"end":{"line":193,"column":46}},"89":{"start":{"line":196,"column":32},"end":{"line":196,"column":89}},"90":{"start":{"line":196,"column":53},"end":{"line":196,"column":88}},"91":{"start":{"line":197,"column":2},"end":{"line":204,"column":4}},"92":{"start":{"line":198,"column":4},"end":{"line":203,"column":6}},"93":{"start":{"line":199,"column":6},"end":{"line":199,"column":52}},"94":{"start":{"line":200,"column":6},"end":{"line":202,"column":8}},"95":{"start":{"line":201,"column":8},"end":{"line":201,"column":87}},"96":{"start":{"line":207,"column":21},"end":{"line":335,"column":1}},"97":{"start":{"line":208,"column":14},"end":{"line":208,"column":49}},"98":{"start":{"line":209,"column":20},"end":{"line":209,"column":28}},"99":{"start":{"line":210,"column":17},"end":{"line":328,"column":3}},"100":{"start":{"line":329,"column":2},"end":{"line":331,"column":4}},"101":{"start":{"line":330,"column":4},"end":{"line":330,"column":69}},"102":{"start":{"line":332,"column":2},"end":{"line":334,"column":4}},"103":{"start":{"line":333,"column":4},"end":{"line":333,"column":43}},"104":{"start":{"line":337,"column":20},"end":{"line":343,"column":1}},"105":{"start":{"line":338,"column":14},"end":{"line":338,"column":48}},"106":{"start":{"line":339,"column":19},"end":{"line":339,"column":27}},"107":{"start":{"line":340,"column":2},"end":{"line":342,"column":4}},"108":{"start":{"line":341,"column":4},"end":{"line":341,"column":48}},"109":{"start":{"line":345,"column":18},"end":{"line":360,"column":1}},"110":{"start":{"line":346,"column":14},"end":{"line":346,"column":46}},"111":{"start":{"line":347,"column":17},"end":{"line":347,"column":25}},"112":{"start":{"line":348,"column":2},"end":{"line":359,"column":4}},"113":{"start":{"line":349,"column":4},"end":{"line":358,"column":6}},"114":{"start":{"line":350,"column":22},"end":{"line":350,"column":60}},"115":{"start":{"line":351,"column":6},"end":{"line":351,"column":55}},"116":{"start":{"line":352,"column":6},"end":{"line":354,"column":9}},"117":{"start":{"line":353,"column":8},"end":{"line":353,"column":41}},"118":{"start":{"line":355,"column":6},"end":{"line":357,"column":8}},"119":{"start":{"line":356,"column":8},"end":{"line":356,"column":60}},"120":{"start":{"line":362,"column":23},"end":{"line":371,"column":1}},"121":{"start":{"line":363,"column":14},"end":{"line":363,"column":51}},"122":{"start":{"line":364,"column":22},"end":{"line":364,"column":30}},"123":{"start":{"line":365,"column":2},"end":{"line":370,"column":4}},"124":{"start":{"line":366,"column":4},"end":{"line":366,"column":54}},"125":{"start":{"line":367,"column":4},"end":{"line":369,"column":6}},"126":{"start":{"line":368,"column":6},"end":{"line":368,"column":40}},"127":{"start":{"line":373,"column":19},"end":{"line":523,"column":1}},"128":{"start":{"line":374,"column":14},"end":{"line":374,"column":47}},"129":{"start":{"line":375,"column":18},"end":{"line":375,"column":26}},"130":{"start":{"line":376,"column":2},"end":{"line":433,"column":5}},"131":{"start":{"line":377,"column":18},"end":{"line":377,"column":42}},"132":{"start":{"line":378,"column":4},"end":{"line":380,"column":5}},"133":{"start":{"line":378,"column":15},"end":{"line":378,"column":16}},"134":{"start":{"line":379,"column":6},"end":{"line":379,"column":57}},"135":{"start":{"line":381,"column":4},"end":{"line":381,"column":44}},"136":{"start":{"line":381,"column":19},"end":{"line":381,"column":44}},"137":{"start":{"line":382,"column":4},"end":{"line":382,"column":58}},"138":{"start":{"line":382,"column":32},"end":{"line":382,"column":58}},"139":{"start":{"line":383,"column":4},"end":{"line":383,"column":56}},"140":{"start":{"line":383,"column":31},"end":{"line":383,"column":56}},"141":{"start":{"line":384,"column":4},"end":{"line":384,"column":43}},"142":{"start":{"line":384,"column":22},"end":{"line":384,"column":43}},"143":{"start":{"line":385,"column":4},"end":{"line":385,"column":46}},"144":{"start":{"line":385,"column":22},"end":{"line":385,"column":46}},"145":{"start":{"line":386,"column":4},"end":{"line":394,"column":5}},"146":{"start":{"line":393,"column":6},"end":{"line":393,"column":27}},"147":{"start":{"line":395,"column":4},"end":{"line":407,"column":5}},"148":{"start":{"line":408,"column":18},"end":{"line":408,"column":20}},"149":{"start":{"line":409,"column":4},"end":{"line":412,"column":5}},"150":{"start":{"line":410,"column":6},"end":{"line":410,"column":49}},"151":{"start":{"line":410,"column":28},"end":{"line":410,"column":47}},"152":{"start":{"line":411,"column":6},"end":{"line":411,"column":41}},"153":{"start":{"line":413,"column":4},"end":{"line":413,"column":59}},"154":{"start":{"line":413,"column":20},"end":{"line":413,"column":59}},"155":{"start":{"line":414,"column":4},"end":{"line":414,"column":72}},"156":{"start":{"line":414,"column":17},"end":{"line":414,"column":72}},"157":{"start":{"line":415,"column":4},"end":{"line":415,"column":83}},"158":{"start":{"line":415,"column":20},"end":{"line":415,"column":83}},"159":{"start":{"line":416,"column":4},"end":{"line":416,"column":59}},"160":{"start":{"line":416,"column":21},"end":{"line":416,"column":59}},"161":{"start":{"line":417,"column":4},"end":{"line":422,"column":5}},"162":{"start":{"line":418,"column":6},"end":{"line":418,"column":61}},"163":{"start":{"line":419,"column":6},"end":{"line":421,"column":8}},"164":{"start":{"line":420,"column":8},"end":{"line":420,"column":53}},"165":{"start":{"line":423,"column":4},"end":{"line":427,"column":5}},"166":{"start":{"line":424,"column":6},"end":{"line":426,"column":8}},"167":{"start":{"line":425,"column":8},"end":{"line":425,"column":67}},"168":{"start":{"line":428,"column":4},"end":{"line":432,"column":5}},"169":{"start":{"line":429,"column":6},"end":{"line":431,"column":8}},"170":{"start":{"line":430,"column":8},"end":{"line":430,"column":69}},"171":{"start":{"line":434,"column":29},"end":{"line":434,"column":86}},"172":{"start":{"line":434,"column":49},"end":{"line":434,"column":85}},"173":{"start":{"line":435,"column":2},"end":{"line":439,"column":5}},"174":{"start":{"line":436,"column":4},"end":{"line":438,"column":6}},"175":{"start":{"line":437,"column":6},"end":{"line":437,"column":61}},"176":{"start":{"line":441,"column":17},"end":{"line":519,"column":3}},"177":{"start":{"line":520,"column":2},"end":{"line":522,"column":4}},"178":{"start":{"line":521,"column":4},"end":{"line":521,"column":35}},"179":{"start":{"line":527,"column":0},"end":{"line":527,"column":25}}},"fnMap":{"0":{"name":"(anonymous_0)","decl":{"start":{"line":16,"column":16},"end":{"line":16,"column":17}},"loc":{"start":{"line":16,"column":28},"end":{"line":29,"column":1}},"line":16},"1":{"name":"(anonymous_1)","decl":{"start":{"line":31,"column":18},"end":{"line":31,"column":19}},"loc":{"start":{"line":31,"column":30},"end":{"line":39,"column":1}},"line":31},"2":{"name":"(anonymous_2)","decl":{"start":{"line":34,"column":13},"end":{"line":34,"column":14}},"loc":{"start":{"line":34,"column":18},"end":{"line":38,"column":3}},"line":34},"3":{"name":"(anonymous_3)","decl":{"start":{"line":35,"column":16},"end":{"line":35,"column":17}},"loc":{"start":{"line":35,"column":21},"end":{"line":37,"column":5}},"line":35},"4":{"name":"(anonymous_4)","decl":{"start":{"line":41,"column":17},"end":{"line":41,"column":18}},"loc":{"start":{"line":41,"column":29},"end":{"line":47,"column":1}},"line":41},"5":{"name":"(anonymous_5)","decl":{"start":{"line":44,"column":12},"end":{"line":44,"column":13}},"loc":{"start":{"line":44,"column":17},"end":{"line":46,"column":3}},"line":44},"6":{"name":"(anonymous_6)","decl":{"start":{"line":49,"column":21},"end":{"line":49,"column":22}},"loc":{"start":{"line":49,"column":33},"end":{"line":61,"column":1}},"line":49},"7":{"name":"(anonymous_7)","decl":{"start":{"line":52,"column":17},"end":{"line":52,"column":18}},"loc":{"start":{"line":52,"column":22},"end":{"line":54,"column":3}},"line":52},"8":{"name":"(anonymous_8)","decl":{"start":{"line":55,"column":32},"end":{"line":55,"column":33}},"loc":{"start":{"line":55,"column":37},"end":{"line":55,"column":60}},"line":55},"9":{"name":"(anonymous_9)","decl":{"start":{"line":56,"column":16},"end":{"line":56,"column":17}},"loc":{"start":{"line":56,"column":21},"end":{"line":60,"column":3}},"line":56},"10":{"name":"(anonymous_10)","decl":{"start":{"line":57,"column":22},"end":{"line":57,"column":23}},"loc":{"start":{"line":57,"column":26},"end":{"line":59,"column":5}},"line":57},"11":{"name":"(anonymous_11)","decl":{"start":{"line":63,"column":17},"end":{"line":63,"column":18}},"loc":{"start":{"line":63,"column":29},"end":{"line":115,"column":1}},"line":63},"12":{"name":"(anonymous_12)","decl":{"start":{"line":66,"column":18},"end":{"line":66,"column":19}},"loc":{"start":{"line":66,"column":23},"end":{"line":102,"column":3}},"line":66},"13":{"name":"(anonymous_13)","decl":{"start":{"line":103,"column":39},"end":{"line":103,"column":40}},"loc":{"start":{"line":103,"column":44},"end":{"line":103,"column":78}},"line":103},"14":{"name":"(anonymous_14)","decl":{"start":{"line":104,"column":22},"end":{"line":104,"column":23}},"loc":{"start":{"line":104,"column":27},"end":{"line":108,"column":3}},"line":104},"15":{"name":"(anonymous_15)","decl":{"start":{"line":105,"column":17},"end":{"line":105,"column":18}},"loc":{"start":{"line":105,"column":22},"end":{"line":107,"column":5}},"line":105},"16":{"name":"(anonymous_16)","decl":{"start":{"line":109,"column":42},"end":{"line":109,"column":43}},"loc":{"start":{"line":109,"column":47},"end":{"line":109,"column":93}},"line":109},"17":{"name":"(anonymous_17)","decl":{"start":{"line":110,"column":25},"end":{"line":110,"column":26}},"loc":{"start":{"line":110,"column":30},"end":{"line":114,"column":3}},"line":110},"18":{"name":"(anonymous_18)","decl":{"start":{"line":111,"column":29},"end":{"line":111,"column":30}},"loc":{"start":{"line":111,"column":34},"end":{"line":113,"column":5}},"line":111},"19":{"name":"(anonymous_19)","decl":{"start":{"line":117,"column":20},"end":{"line":117,"column":21}},"loc":{"start":{"line":117,"column":32},"end":{"line":205,"column":1}},"line":117},"20":{"name":"(anonymous_20)","decl":{"start":{"line":180,"column":33},"end":{"line":180,"column":34}},"loc":{"start":{"line":180,"column":44},"end":{"line":195,"column":3}},"line":180},"21":{"name":"(anonymous_21)","decl":{"start":{"line":182,"column":20},"end":{"line":182,"column":21}},"loc":{"start":{"line":182,"column":25},"end":{"line":184,"column":5}},"line":182},"22":{"name":"(anonymous_22)","decl":{"start":{"line":185,"column":21},"end":{"line":185,"column":22}},"loc":{"start":{"line":185,"column":26},"end":{"line":188,"column":5}},"line":185},"23":{"name":"(anonymous_23)","decl":{"start":{"line":189,"column":19},"end":{"line":189,"column":20}},"loc":{"start":{"line":189,"column":24},"end":{"line":191,"column":5}},"line":189},"24":{"name":"(anonymous_24)","decl":{"start":{"line":192,"column":15},"end":{"line":192,"column":16}},"loc":{"start":{"line":193,"column":6},"end":{"line":193,"column":46}},"line":193},"25":{"name":"(anonymous_25)","decl":{"start":{"line":196,"column":48},"end":{"line":196,"column":49}},"loc":{"start":{"line":196,"column":53},"end":{"line":196,"column":88}},"line":196},"26":{"name":"(anonymous_26)","decl":{"start":{"line":197,"column":28},"end":{"line":197,"column":29}},"loc":{"start":{"line":197,"column":33},"end":{"line":204,"column":3}},"line":197},"27":{"name":"(anonymous_27)","decl":{"start":{"line":198,"column":18},"end":{"line":198,"column":19}},"loc":{"start":{"line":198,"column":23},"end":{"line":203,"column":5}},"line":198},"28":{"name":"(anonymous_28)","decl":{"start":{"line":200,"column":23},"end":{"line":200,"column":24}},"loc":{"start":{"line":200,"column":28},"end":{"line":202,"column":7}},"line":200},"29":{"name":"(anonymous_29)","decl":{"start":{"line":207,"column":21},"end":{"line":207,"column":22}},"loc":{"start":{"line":207,"column":33},"end":{"line":335,"column":1}},"line":207},"30":{"name":"(anonymous_30)","decl":{"start":{"line":329,"column":22},"end":{"line":329,"column":23}},"loc":{"start":{"line":329,"column":27},"end":{"line":331,"column":3}},"line":329},"31":{"name":"(anonymous_31)","decl":{"start":{"line":332,"column":13},"end":{"line":332,"column":14}},"loc":{"start":{"line":332,"column":18},"end":{"line":334,"column":3}},"line":332},"32":{"name":"(anonymous_32)","decl":{"start":{"line":337,"column":20},"end":{"line":337,"column":21}},"loc":{"start":{"line":337,"column":32},"end":{"line":343,"column":1}},"line":337},"33":{"name":"(anonymous_33)","decl":{"start":{"line":340,"column":15},"end":{"line":340,"column":16}},"loc":{"start":{"line":340,"column":20},"end":{"line":342,"column":3}},"line":340},"34":{"name":"(anonymous_34)","decl":{"start":{"line":345,"column":18},"end":{"line":345,"column":19}},"loc":{"start":{"line":345,"column":30},"end":{"line":360,"column":1}},"line":345},"35":{"name":"(anonymous_35)","decl":{"start":{"line":348,"column":13},"end":{"line":348,"column":14}},"loc":{"start":{"line":348,"column":18},"end":{"line":359,"column":3}},"line":348},"36":{"name":"(anonymous_36)","decl":{"start":{"line":349,"column":16},"end":{"line":349,"column":17}},"loc":{"start":{"line":349,"column":21},"end":{"line":358,"column":5}},"line":349},"37":{"name":"(anonymous_37)","decl":{"start":{"line":352,"column":19},"end":{"line":352,"column":20}},"loc":{"start":{"line":352,"column":30},"end":{"line":354,"column":7}},"line":352},"38":{"name":"(anonymous_38)","decl":{"start":{"line":355,"column":31},"end":{"line":355,"column":32}},"loc":{"start":{"line":355,"column":36},"end":{"line":357,"column":7}},"line":355},"39":{"name":"(anonymous_39)","decl":{"start":{"line":362,"column":23},"end":{"line":362,"column":24}},"loc":{"start":{"line":362,"column":35},"end":{"line":371,"column":1}},"line":362},"40":{"name":"(anonymous_40)","decl":{"start":{"line":365,"column":18},"end":{"line":365,"column":19}},"loc":{"start":{"line":365,"column":23},"end":{"line":370,"column":3}},"line":365},"41":{"name":"(anonymous_41)","decl":{"start":{"line":367,"column":17},"end":{"line":367,"column":18}},"loc":{"start":{"line":367,"column":22},"end":{"line":369,"column":5}},"line":367},"42":{"name":"(anonymous_42)","decl":{"start":{"line":373,"column":19},"end":{"line":373,"column":20}},"loc":{"start":{"line":373,"column":31},"end":{"line":523,"column":1}},"line":373},"43":{"name":"(anonymous_43)","decl":{"start":{"line":376,"column":14},"end":{"line":376,"column":15}},"loc":{"start":{"line":376,"column":19},"end":{"line":433,"column":3}},"line":376},"44":{"name":"(anonymous_44)","decl":{"start":{"line":410,"column":23},"end":{"line":410,"column":24}},"loc":{"start":{"line":410,"column":28},"end":{"line":410,"column":47}},"line":410},"45":{"name":"(anonymous_45)","decl":{"start":{"line":419,"column":17},"end":{"line":419,"column":18}},"loc":{"start":{"line":419,"column":22},"end":{"line":421,"column":7}},"line":419},"46":{"name":"(anonymous_46)","decl":{"start":{"line":424,"column":39},"end":{"line":424,"column":40}},"loc":{"start":{"line":424,"column":44},"end":{"line":426,"column":7}},"line":424},"47":{"name":"(anonymous_47)","decl":{"start":{"line":429,"column":38},"end":{"line":429,"column":39}},"loc":{"start":{"line":429,"column":43},"end":{"line":431,"column":7}},"line":429},"48":{"name":"(anonymous_48)","decl":{"start":{"line":434,"column":44},"end":{"line":434,"column":45}},"loc":{"start":{"line":434,"column":49},"end":{"line":434,"column":85}},"line":434},"49":{"name":"(anonymous_49)","decl":{"start":{"line":435,"column":25},"end":{"line":435,"column":26}},"loc":{"start":{"line":435,"column":30},"end":{"line":439,"column":3}},"line":435},"50":{"name":"(anonymous_50)","decl":{"start":{"line":436,"column":19},"end":{"line":436,"column":20}},"loc":{"start":{"line":436,"column":24},"end":{"line":438,"column":5}},"line":436},"51":{"name":"(anonymous_51)","decl":{"start":{"line":520,"column":13},"end":{"line":520,"column":14}},"loc":{"start":{"line":520,"column":18},"end":{"line":522,"column":3}},"line":520}},"branchMap":{"0":{"loc":{"start":{"line":53,"column":42},"end":{"line":53,"column":71}},"type":"cond-expr","locations":[{"start":{"line":53,"column":52},"end":{"line":53,"column":64}},{"start":{"line":53,"column":67},"end":{"line":53,"column":71}}],"line":53},"1":{"loc":{"start":{"line":55,"column":37},"end":{"line":55,"column":60}},"type":"cond-expr","locations":[{"start":{"line":55,"column":48},"end":{"line":55,"column":53}},{"start":{"line":55,"column":56},"end":{"line":55,"column":60}}],"line":55},"2":{"loc":{"start":{"line":71,"column":4},"end":{"line":78,"column":5}},"type":"if","locations":[{"start":{"line":71,"column":4},"end":{"line":78,"column":5}},{"start":{},"end":{}}],"line":71},"3":{"loc":{"start":{"line":72,"column":6},"end":{"line":77,"column":7}},"type":"if","locations":[{"start":{"line":72,"column":6},"end":{"line":77,"column":7}},{"start":{},"end":{}}],"line":72},"4":{"loc":{"start":{"line":73,"column":8},"end":{"line":74,"column":147}},"type":"binary-expr","locations":[{"start":{"line":73,"column":8},"end":{"line":73,"column":142}},{"start":{"line":74,"column":11},"end":{"line":74,"column":147}}],"line":73},"5":{"loc":{"start":{"line":79,"column":4},"end":{"line":100,"column":5}},"type":"if","locations":[{"start":{"line":79,"column":4},"end":{"line":100,"column":5}},{"start":{},"end":{}}],"line":79},"6":{"loc":{"start":{"line":80,"column":6},"end":{"line":83,"column":8}},"type":"if","locations":[{"start":{"line":80,"column":6},"end":{"line":83,"column":8}},{"start":{},"end":{}}],"line":80},"7":{"loc":{"start":{"line":84,"column":6},"end":{"line":87,"column":8}},"type":"if","locations":[{"start":{"line":84,"column":6},"end":{"line":87,"column":8}},{"start":{},"end":{}}],"line":84},"8":{"loc":{"start":{"line":88,"column":6},"end":{"line":91,"column":8}},"type":"if","locations":[{"start":{"line":88,"column":6},"end":{"line":91,"column":8}},{"start":{},"end":{}}],"line":88},"9":{"loc":{"start":{"line":92,"column":6},"end":{"line":95,"column":8}},"type":"if","locations":[{"start":{"line":92,"column":6},"end":{"line":95,"column":8}},{"start":{},"end":{}}],"line":92},"10":{"loc":{"start":{"line":96,"column":6},"end":{"line":99,"column":8}},"type":"if","locations":[{"start":{"line":96,"column":6},"end":{"line":99,"column":8}},{"start":{},"end":{}}],"line":96},"11":{"loc":{"start":{"line":103,"column":44},"end":{"line":103,"column":78}},"type":"cond-expr","locations":[{"start":{"line":103,"column":66},"end":{"line":103,"column":70}},{"start":{"line":103,"column":73},"end":{"line":103,"column":78}}],"line":103},"12":{"loc":{"start":{"line":109,"column":47},"end":{"line":109,"column":93}},"type":"cond-expr","locations":[{"start":{"line":109,"column":81},"end":{"line":109,"column":85}},{"start":{"line":109,"column":88},"end":{"line":109,"column":93}}],"line":109},"13":{"loc":{"start":{"line":186,"column":6},"end":{"line":186,"column":46}},"type":"if","locations":[{"start":{"line":186,"column":6},"end":{"line":186,"column":46}},{"start":{},"end":{}}],"line":186},"14":{"loc":{"start":{"line":196,"column":53},"end":{"line":196,"column":88}},"type":"cond-expr","locations":[{"start":{"line":196,"column":76},"end":{"line":196,"column":80}},{"start":{"line":196,"column":83},"end":{"line":196,"column":88}}],"line":196},"15":{"loc":{"start":{"line":381,"column":4},"end":{"line":381,"column":44}},"type":"if","locations":[{"start":{"line":381,"column":4},"end":{"line":381,"column":44}},{"start":{},"end":{}}],"line":381},"16":{"loc":{"start":{"line":382,"column":4},"end":{"line":382,"column":58}},"type":"if","locations":[{"start":{"line":382,"column":4},"end":{"line":382,"column":58}},{"start":{},"end":{}}],"line":382},"17":{"loc":{"start":{"line":383,"column":4},"end":{"line":383,"column":56}},"type":"if","locations":[{"start":{"line":383,"column":4},"end":{"line":383,"column":56}},{"start":{},"end":{}}],"line":383},"18":{"loc":{"start":{"line":384,"column":4},"end":{"line":384,"column":43}},"type":"if","locations":[{"start":{"line":384,"column":4},"end":{"line":384,"column":43}},{"start":{},"end":{}}],"line":384},"19":{"loc":{"start":{"line":385,"column":4},"end":{"line":385,"column":46}},"type":"if","locations":[{"start":{"line":385,"column":4},"end":{"line":385,"column":46}},{"start":{},"end":{}}],"line":385},"20":{"loc":{"start":{"line":386,"column":4},"end":{"line":394,"column":5}},"type":"if","locations":[{"start":{"line":386,"column":4},"end":{"line":394,"column":5}},{"start":{},"end":{}}],"line":386},"21":{"loc":{"start":{"line":386,"column":8},"end":{"line":391,"column":139}},"type":"binary-expr","locations":[{"start":{"line":386,"column":8},"end":{"line":386,"column":152}},{"start":{"line":387,"column":9},"end":{"line":387,"column":152}},{"start":{"line":388,"column":9},"end":{"line":388,"column":154}},{"start":{"line":389,"column":9},"end":{"line":389,"column":155}},{"start":{"line":390,"column":9},"end":{"line":390,"column":145}},{"start":{"line":391,"column":9},"end":{"line":391,"column":139}}],"line":386},"22":{"loc":{"start":{"line":409,"column":4},"end":{"line":412,"column":5}},"type":"if","locations":[{"start":{"line":409,"column":4},"end":{"line":412,"column":5}},{"start":{},"end":{}}],"line":409},"23":{"loc":{"start":{"line":413,"column":4},"end":{"line":413,"column":59}},"type":"if","locations":[{"start":{"line":413,"column":4},"end":{"line":413,"column":59}},{"start":{},"end":{}}],"line":413},"24":{"loc":{"start":{"line":414,"column":4},"end":{"line":414,"column":72}},"type":"if","locations":[{"start":{"line":414,"column":4},"end":{"line":414,"column":72}},{"start":{},"end":{}}],"line":414},"25":{"loc":{"start":{"line":415,"column":4},"end":{"line":415,"column":83}},"type":"if","locations":[{"start":{"line":415,"column":4},"end":{"line":415,"column":83}},{"start":{},"end":{}}],"line":415},"26":{"loc":{"start":{"line":416,"column":4},"end":{"line":416,"column":59}},"type":"if","locations":[{"start":{"line":416,"column":4},"end":{"line":416,"column":59}},{"start":{},"end":{}}],"line":416},"27":{"loc":{"start":{"line":417,"column":4},"end":{"line":422,"column":5}},"type":"if","locations":[{"start":{"line":417,"column":4},"end":{"line":422,"column":5}},{"start":{},"end":{}}],"line":417},"28":{"loc":{"start":{"line":423,"column":4},"end":{"line":427,"column":5}},"type":"if","locations":[{"start":{"line":423,"column":4},"end":{"line":427,"column":5}},{"start":{},"end":{}}],"line":423},"29":{"loc":{"start":{"line":428,"column":4},"end":{"line":432,"column":5}},"type":"if","locations":[{"start":{"line":428,"column":4},"end":{"line":432,"column":5}},{"start":{},"end":{}}],"line":428},"30":{"loc":{"start":{"line":434,"column":49},"end":{"line":434,"column":85}},"type":"cond-expr","locations":[{"start":{"line":434,"column":73},"end":{"line":434,"column":77}},{"start":{"line":434,"column":80},"end":{"line":434,"column":85}}],"line":434}},"s":{"0":12,"1":12,"2":12,"3":12,"4":12,"5":12,"6":12,"7":12,"8":12,"9":12,"10":12,"11":12,"12":12,"13":0,"14":0,"15":0,"16":0,"17":0,"18":0,"19":12,"20":0,"21":0,"22":0,"23":0,"24":0,"25":12,"26":0,"27":0,"28":0,"29":0,"30":12,"31":0,"32":0,"33":0,"34":0,"35":0,"36":0,"37":0,"38":0,"39":0,"40":12,"41":0,"42":0,"43":0,"44":0,"45":0,"46":0,"47":0,"48":0,"49":0,"50":0,"51":0,"52":0,"53":0,"54":0,"55":0,"56":0,"57":0,"58":0,"59":0,"60":0,"61":0,"62":0,"63":0,"64":0,"65":0,"66":0,"67":0,"68":0,"69":0,"70":0,"71":0,"72":0,"73":12,"74":0,"75":0,"76":0,"77":0,"78":0,"79":0,"80":0,"81":0,"82":0,"83":0,"84":0,"85":0,"86":0,"87":0,"88":0,"89":0,"90":0,"91":0,"92":0,"93":0,"94":0,"95":0,"96":12,"97":0,"98":0,"99":0,"100":0,"101":0,"102":0,"103":0,"104":12,"105":0,"106":0,"107":0,"108":0,"109":12,"110":0,"111":0,"112":0,"113":0,"114":0,"115":0,"116":0,"117":0,"118":0,"119":0,"120":12,"121":0,"122":0,"123":0,"124":0,"125":0,"126":0,"127":12,"128":0,"129":0,"130":0,"131":0,"132":0,"133":0,"134":0,"135":0,"136":0,"137":0,"138":0,"139":0,"140":0,"141":0,"142":0,"143":0,"144":0,"145":0,"146":0,"147":0,"148":0,"149":0,"150":0,"151":0,"152":0,"153":0,"154":0,"155":0,"156":0,"157":0,"158":0,"159":0,"160":0,"161":0,"162":0,"163":0,"164":0,"165":0,"166":0,"167":0,"168":0,"169":0,"170":0,"171":0,"172":0,"173":0,"174":0,"175":0,"176":0,"177":0,"178":0,"179":12},"f":{"0":0,"1":0,"2":0,"3":0,"4":0,"5":0,"6":0,"7":0,"8":0,"9":0,"10":0,"11":0,"12":0,"13":0,"14":0,"15":0,"16":0,"17":0,"18":0,"19":0,"20":0,"21":0,"22":0,"23":0,"24":0,"25":0,"26":0,"27":0,"28":0,"29":0,"30":0,"31":0,"32":0,"33":0,"34":0,"35":0,"36":0,"37":0,"38":0,"39":0,"40":0,"41":0,"42":0,"43":0,"44":0,"45":0,"46":0,"47":0,"48":0,"49":0,"50":0,"51":0},"b":{"0":[0,0],"1":[0,0],"2":[0,0],"3":[0,0],"4":[0,0],"5":[0,0],"6":[0,0],"7":[0,0],"8":[0,0],"9":[0,0],"10":[0,0],"11":[0,0],"12":[0,0],"13":[0,0],"14":[0,0],"15":[0,0],"16":[0,0],"17":[0,0],"18":[0,0],"19":[0,0],"20":[0,0],"21":[0,0,0,0,0,0],"22":[0,0],"23":[0,0],"24":[0,0],"25":[0,0],"26":[0,0],"27":[0,0],"28":[0,0],"29":[0,0],"30":[0,0]},"_coverageSchema":"1a1c01bbd47fc00a2c39e90264f33305004495a9","hash":"064cc53660870caff69eebaccafa41e555c1004f"}
,"C:\\Users\\Kaz\\Desktop\\springboard-cs\\post\\mhw-capstone\\backend\\helpers\\sql.js": {"path":"C:\\Users\\Kaz\\Desktop\\springboard-cs\\post\\mhw-capstone\\backend\\helpers\\sql.js","statementMap":{"0":{"start":{"line":1,"column":28},"end":{"line":1,"column":54}},"1":{"start":{"line":6,"column":15},"end":{"line":6,"column":40}},"2":{"start":{"line":7,"column":2},"end":{"line":7,"column":62}},"3":{"start":{"line":7,"column":25},"end":{"line":7,"column":62}},"4":{"start":{"line":10,"column":15},"end":{"line":12,"column":3}},"5":{"start":{"line":11,"column":6},"end":{"line":11,"column":52}},"6":{"start":{"line":14,"column":2},"end":{"line":17,"column":4}},"7":{"start":{"line":20,"column":0},"end":{"line":20,"column":41}}},"fnMap":{"0":{"name":"sqlForPartialUpdate","decl":{"start":{"line":5,"column":9},"end":{"line":5,"column":28}},"loc":{"start":{"line":5,"column":52},"end":{"line":18,"column":1}},"line":5},"1":{"name":"(anonymous_1)","decl":{"start":{"line":10,"column":24},"end":{"line":10,"column":25}},"loc":{"start":{"line":11,"column":6},"end":{"line":11,"column":52}},"line":11}},"branchMap":{"0":{"loc":{"start":{"line":7,"column":2},"end":{"line":7,"column":62}},"type":"if","locations":[{"start":{"line":7,"column":2},"end":{"line":7,"column":62}},{"start":{},"end":{}}],"line":7},"1":{"loc":{"start":{"line":11,"column":10},"end":{"line":11,"column":37}},"type":"binary-expr","locations":[{"start":{"line":11,"column":10},"end":{"line":11,"column":26}},{"start":{"line":11,"column":30},"end":{"line":11,"column":37}}],"line":11}},"s":{"0":14,"1":10,"2":10,"3":1,"4":9,"5":11,"6":9,"7":14},"f":{"0":10,"1":11},"b":{"0":[1,9],"1":[11,8]},"_coverageSchema":"1a1c01bbd47fc00a2c39e90264f33305004495a9","hash":"ee31403a924933df5b13843697d18076e5ea9888"}
,"C:\\Users\\Kaz\\Desktop\\springboard-cs\\post\\mhw-capstone\\backend\\helpers\\tokens.js": {"path":"C:\\Users\\Kaz\\Desktop\\springboard-cs\\post\\mhw-capstone\\backend\\helpers\\tokens.js","statementMap":{"0":{"start":{"line":1,"column":12},"end":{"line":1,"column":35}},"1":{"start":{"line":2,"column":23},"end":{"line":2,"column":43}},"2":{"start":{"line":7,"column":2},"end":{"line":8,"column":58}},"3":{"start":{"line":10,"column":16},"end":{"line":13,"column":3}},"4":{"start":{"line":15,"column":2},"end":{"line":15,"column":39}},"5":{"start":{"line":18,"column":0},"end":{"line":18,"column":33}}},"fnMap":{"0":{"name":"createToken","decl":{"start":{"line":6,"column":9},"end":{"line":6,"column":20}},"loc":{"start":{"line":6,"column":27},"end":{"line":16,"column":1}},"line":6}},"branchMap":{"0":{"loc":{"start":{"line":12,"column":13},"end":{"line":12,"column":34}},"type":"binary-expr","locations":[{"start":{"line":12,"column":13},"end":{"line":12,"column":25}},{"start":{"line":12,"column":29},"end":{"line":12,"column":34}}],"line":12}},"s":{"0":13,"1":13,"2":40,"3":40,"4":40,"5":13},"f":{"0":40},"b":{"0":[40,27]},"_coverageSchema":"1a1c01bbd47fc00a2c39e90264f33305004495a9","hash":"420009dc4021b28132ae53f99076680086950794"}
,"C:\\Users\\Kaz\\Desktop\\springboard-cs\\post\\mhw-capstone\\backend\\middleware\\auth.js": {"path":"C:\\Users\\Kaz\\Desktop\\springboard-cs\\post\\mhw-capstone\\backend\\middleware\\auth.js","statementMap":{"0":{"start":{"line":3,"column":12},"end":{"line":3,"column":35}},"1":{"start":{"line":4,"column":23},"end":{"line":4,"column":43}},"2":{"start":{"line":5,"column":30},"end":{"line":5,"column":56}},"3":{"start":{"line":17,"column":2},"end":{"line":26,"column":3}},"4":{"start":{"line":18,"column":23},"end":{"line":18,"column":63}},"5":{"start":{"line":19,"column":4},"end":{"line":22,"column":5}},"6":{"start":{"line":20,"column":20},"end":{"line":20,"column":64}},"7":{"start":{"line":21,"column":6},"end":{"line":21,"column":54}},"8":{"start":{"line":23,"column":4},"end":{"line":23,"column":18}},"9":{"start":{"line":25,"column":4},"end":{"line":25,"column":18}},"10":{"start":{"line":35,"column":2},"end":{"line":40,"column":3}},"11":{"start":{"line":36,"column":4},"end":{"line":36,"column":56}},"12":{"start":{"line":36,"column":26},"end":{"line":36,"column":56}},"13":{"start":{"line":37,"column":4},"end":{"line":37,"column":18}},"14":{"start":{"line":39,"column":4},"end":{"line":39,"column":21}},"15":{"start":{"line":50,"column":2},"end":{"line":57,"column":3}},"16":{"start":{"line":51,"column":4},"end":{"line":53,"column":5}},"17":{"start":{"line":52,"column":6},"end":{"line":52,"column":36}},"18":{"start":{"line":54,"column":4},"end":{"line":54,"column":18}},"19":{"start":{"line":56,"column":4},"end":{"line":56,"column":21}},"20":{"start":{"line":67,"column":2},"end":{"line":75,"column":3}},"21":{"start":{"line":68,"column":17},"end":{"line":68,"column":32}},"22":{"start":{"line":69,"column":4},"end":{"line":71,"column":5}},"23":{"start":{"line":70,"column":6},"end":{"line":70,"column":36}},"24":{"start":{"line":72,"column":4},"end":{"line":72,"column":18}},"25":{"start":{"line":74,"column":4},"end":{"line":74,"column":21}},"26":{"start":{"line":79,"column":0},"end":{"line":84,"column":2}}},"fnMap":{"0":{"name":"authenticateJWT","decl":{"start":{"line":16,"column":9},"end":{"line":16,"column":24}},"loc":{"start":{"line":16,"column":41},"end":{"line":27,"column":1}},"line":16},"1":{"name":"ensureLoggedIn","decl":{"start":{"line":34,"column":9},"end":{"line":34,"column":23}},"loc":{"start":{"line":34,"column":40},"end":{"line":41,"column":1}},"line":34},"2":{"name":"ensureAdmin","decl":{"start":{"line":49,"column":9},"end":{"line":49,"column":20}},"loc":{"start":{"line":49,"column":37},"end":{"line":58,"column":1}},"line":49},"3":{"name":"ensureCorrectUserOrAdmin","decl":{"start":{"line":66,"column":9},"end":{"line":66,"column":33}},"loc":{"start":{"line":66,"column":50},"end":{"line":76,"column":1}},"line":66}},"branchMap":{"0":{"loc":{"start":{"line":18,"column":23},"end":{"line":18,"column":63}},"type":"binary-expr","locations":[{"start":{"line":18,"column":23},"end":{"line":18,"column":34}},{"start":{"line":18,"column":38},"end":{"line":18,"column":63}}],"line":18},"1":{"loc":{"start":{"line":19,"column":4},"end":{"line":22,"column":5}},"type":"if","locations":[{"start":{"line":19,"column":4},"end":{"line":22,"column":5}},{"start":{},"end":{}}],"line":19},"2":{"loc":{"start":{"line":36,"column":4},"end":{"line":36,"column":56}},"type":"if","locations":[{"start":{"line":36,"column":4},"end":{"line":36,"column":56}},{"start":{},"end":{}}],"line":36},"3":{"loc":{"start":{"line":51,"column":4},"end":{"line":53,"column":5}},"type":"if","locations":[{"start":{"line":51,"column":4},"end":{"line":53,"column":5}},{"start":{},"end":{}}],"line":51},"4":{"loc":{"start":{"line":51,"column":8},"end":{"line":51,"column":52}},"type":"binary-expr","locations":[{"start":{"line":51,"column":8},"end":{"line":51,"column":24}},{"start":{"line":51,"column":28},"end":{"line":51,"column":52}}],"line":51},"5":{"loc":{"start":{"line":69,"column":4},"end":{"line":71,"column":5}},"type":"if","locations":[{"start":{"line":69,"column":4},"end":{"line":71,"column":5}},{"start":{},"end":{}}],"line":69},"6":{"loc":{"start":{"line":69,"column":10},"end":{"line":69,"column":73}},"type":"binary-expr","locations":[{"start":{"line":69,"column":10},"end":{"line":69,"column":14}},{"start":{"line":69,"column":19},"end":{"line":69,"column":31}},{"start":{"line":69,"column":35},"end":{"line":69,"column":72}}],"line":69}},"s":{"0":13,"1":13,"2":13,"3":181,"4":181,"5":181,"6":146,"7":146,"8":180,"9":1,"10":93,"11":93,"12":20,"13":73,"14":20,"15":13,"16":13,"17":6,"18":7,"19":6,"20":71,"21":71,"22":71,"23":18,"24":53,"25":18,"26":13},"f":{"0":181,"1":93,"2":13,"3":71},"b":{"0":[181,180],"1":[146,35],"2":[20,73],"3":[6,7],"4":[13,10],"5":[18,53],"6":[71,67,28]},"_coverageSchema":"1a1c01bbd47fc00a2c39e90264f33305004495a9","hash":"b81891505e8bd00f29ac88e2d1623f8a691ca201"}
,"C:\\Users\\Kaz\\Desktop\\springboard-cs\\post\\mhw-capstone\\backend\\models\\_testCommon.js": {"path":"C:\\Users\\Kaz\\Desktop\\springboard-cs\\post\\mhw-capstone\\backend\\models\\_testCommon.js","statementMap":{"0":{"start":{"line":1,"column":15},"end":{"line":1,"column":32}},"1":{"start":{"line":3,"column":11},"end":{"line":3,"column":30}},"2":{"start":{"line":4,"column":31},"end":{"line":4,"column":51}},"3":{"start":{"line":7,"column":2},"end":{"line":7,"column":38}},"4":{"start":{"line":8,"column":2},"end":{"line":8,"column":42}},"5":{"start":{"line":9,"column":2},"end":{"line":9,"column":38}},"6":{"start":{"line":10,"column":2},"end":{"line":10,"column":39}},"7":{"start":{"line":11,"column":2},"end":{"line":11,"column":41}},"8":{"start":{"line":12,"column":2},"end":{"line":12,"column":43}},"9":{"start":{"line":13,"column":2},"end":{"line":13,"column":41}},"10":{"start":{"line":14,"column":2},"end":{"line":14,"column":39}},"11":{"start":{"line":15,"column":2},"end":{"line":15,"column":44}},"12":{"start":{"line":16,"column":2},"end":{"line":16,"column":45}},"13":{"start":{"line":18,"column":2},"end":{"line":30,"column":7}},"14":{"start":{"line":32,"column":2},"end":{"line":35,"column":36}},"15":{"start":{"line":37,"column":2},"end":{"line":40,"column":39}},"16":{"start":{"line":42,"column":2},"end":{"line":45,"column":33}},"17":{"start":{"line":47,"column":2},"end":{"line":50,"column":53}},"18":{"start":{"line":52,"column":2},"end":{"line":55,"column":23}},"19":{"start":{"line":57,"column":2},"end":{"line":65,"column":138}},"20":{"start":{"line":67,"column":2},"end":{"line":70,"column":20}},"21":{"start":{"line":72,"column":2},"end":{"line":75,"column":23}},"22":{"start":{"line":77,"column":2},"end":{"line":80,"column":99}},"23":{"start":{"line":82,"column":2},"end":{"line":85,"column":22}},"24":{"start":{"line":87,"column":2},"end":{"line":90,"column":44}},"25":{"start":{"line":92,"column":2},"end":{"line":95,"column":22}},"26":{"start":{"line":97,"column":2},"end":{"line":100,"column":25}},"27":{"start":{"line":102,"column":2},"end":{"line":105,"column":65}},"28":{"start":{"line":107,"column":2},"end":{"line":110,"column":31}},"29":{"start":{"line":112,"column":2},"end":{"line":115,"column":22}},"30":{"start":{"line":117,"column":2},"end":{"line":120,"column":25}},"31":{"start":{"line":122,"column":2},"end":{"line":125,"column":31}},"32":{"start":{"line":127,"column":2},"end":{"line":130,"column":22}},"33":{"start":{"line":132,"column":2},"end":{"line":139,"column":49}},"34":{"start":{"line":141,"column":2},"end":{"line":150,"column":57}},"35":{"start":{"line":152,"column":2},"end":{"line":159,"column":33}},"36":{"start":{"line":161,"column":2},"end":{"line":164,"column":19}},"37":{"start":{"line":166,"column":2},"end":{"line":168,"column":36}},"38":{"start":{"line":170,"column":2},"end":{"line":172,"column":36}},"39":{"start":{"line":174,"column":2},"end":{"line":176,"column":33}},"40":{"start":{"line":178,"column":2},"end":{"line":180,"column":57}},"41":{"start":{"line":182,"column":2},"end":{"line":185,"column":13}},"42":{"start":{"line":187,"column":2},"end":{"line":190,"column":38}},"43":{"start":{"line":192,"column":2},"end":{"line":195,"column":36}},"44":{"start":{"line":197,"column":2},"end":{"line":207,"column":5}},"45":{"start":{"line":209,"column":2},"end":{"line":215,"column":94}},"46":{"start":{"line":217,"column":2},"end":{"line":220,"column":13}},"47":{"start":{"line":222,"column":2},"end":{"line":224,"column":25}},"48":{"start":{"line":226,"column":2},"end":{"line":228,"column":25}},"49":{"start":{"line":230,"column":2},"end":{"line":232,"column":25}},"50":{"start":{"line":237,"column":2},"end":{"line":237,"column":26}},"51":{"start":{"line":241,"column":2},"end":{"line":241,"column":29}},"52":{"start":{"line":245,"column":2},"end":{"line":245,"column":17}},"53":{"start":{"line":248,"column":0},"end":{"line":253,"column":2}}},"fnMap":{"0":{"name":"commonBeforeAll","decl":{"start":{"line":6,"column":15},"end":{"line":6,"column":30}},"loc":{"start":{"line":6,"column":33},"end":{"line":233,"column":1}},"line":6},"1":{"name":"commonBeforeEach","decl":{"start":{"line":236,"column":15},"end":{"line":236,"column":31}},"loc":{"start":{"line":236,"column":34},"end":{"line":238,"column":1}},"line":236},"2":{"name":"commonAfterEach","decl":{"start":{"line":240,"column":15},"end":{"line":240,"column":30}},"loc":{"start":{"line":240,"column":33},"end":{"line":242,"column":1}},"line":240},"3":{"name":"commonAfterAll","decl":{"start":{"line":244,"column":15},"end":{"line":244,"column":29}},"loc":{"start":{"line":244,"column":32},"end":{"line":246,"column":1}},"line":244}},"branchMap":{},"s":{"0":12,"1":12,"2":12,"3":12,"4":12,"5":12,"6":12,"7":12,"8":12,"9":12,"10":12,"11":12,"12":12,"13":12,"14":12,"15":12,"16":12,"17":12,"18":12,"19":12,"20":12,"21":12,"22":12,"23":12,"24":12,"25":12,"26":12,"27":12,"28":12,"29":12,"30":12,"31":12,"32":12,"33":12,"34":12,"35":12,"36":12,"37":12,"38":12,"39":12,"40":12,"41":12,"42":12,"43":12,"44":12,"45":12,"46":12,"47":12,"48":12,"49":12,"50":182,"51":182,"52":12,"53":12},"f":{"0":12,"1":182,"2":182,"3":12},"b":{},"_coverageSchema":"1a1c01bbd47fc00a2c39e90264f33305004495a9","hash":"e0b959986aaaaf079e69a7c39293304dd22fd0b7"}
,"C:\\Users\\Kaz\\Desktop\\springboard-cs\\post\\mhw-capstone\\backend\\models\\ailment.js": {"path":"C:\\Users\\Kaz\\Desktop\\springboard-cs\\post\\mhw-capstone\\backend\\models\\ailment.js","statementMap":{"0":{"start":{"line":3,"column":11},"end":{"line":3,"column":27}},"1":{"start":{"line":7,"column":27},"end":{"line":11,"column":9}},"2":{"start":{"line":12,"column":4},"end":{"line":12,"column":39}},"3":{"start":{"line":12,"column":32},"end":{"line":12,"column":39}},"4":{"start":{"line":14,"column":20},"end":{"line":18,"column":28}},"5":{"start":{"line":20,"column":4},"end":{"line":20,"column":27}},"6":{"start":{"line":24,"column":0},"end":{"line":24,"column":25}}},"fnMap":{"0":{"name":"(anonymous_0)","decl":{"start":{"line":6,"column":2},"end":{"line":6,"column":3}},"loc":{"start":{"line":6,"column":45},"end":{"line":21,"column":3}},"line":6}},"branchMap":{"0":{"loc":{"start":{"line":12,"column":4},"end":{"line":12,"column":39}},"type":"if","locations":[{"start":{"line":12,"column":4},"end":{"line":12,"column":39}},{"start":{},"end":{}}],"line":12}},"s":{"0":13,"1":1,"2":1,"3":0,"4":1,"5":1,"6":13},"f":{"0":1},"b":{"0":[0,1]},"_coverageSchema":"1a1c01bbd47fc00a2c39e90264f33305004495a9","hash":"22d82118ecc46911a884272d11fbd9f3555c8417"}
,"C:\\Users\\Kaz\\Desktop\\springboard-cs\\post\\mhw-capstone\\backend\\models\\armor.js": {"path":"C:\\Users\\Kaz\\Desktop\\springboard-cs\\post\\mhw-capstone\\backend\\models\\armor.js","statementMap":{"0":{"start":{"line":3,"column":11},"end":{"line":3,"column":27}},"1":{"start":{"line":7,"column":4},"end":{"line":7,"column":30}},"2":{"start":{"line":11,"column":27},"end":{"line":15,"column":9}},"3":{"start":{"line":16,"column":4},"end":{"line":16,"column":39}},"4":{"start":{"line":16,"column":32},"end":{"line":16,"column":39}},"5":{"start":{"line":18,"column":4},"end":{"line":22,"column":110}},"6":{"start":{"line":26,"column":27},"end":{"line":30,"column":23}},"7":{"start":{"line":31,"column":4},"end":{"line":31,"column":39}},"8":{"start":{"line":31,"column":32},"end":{"line":31,"column":39}},"9":{"start":{"line":33,"column":4},"end":{"line":37,"column":24}},"10":{"start":{"line":41,"column":27},"end":{"line":45,"column":22}},"11":{"start":{"line":46,"column":4},"end":{"line":46,"column":39}},"12":{"start":{"line":46,"column":32},"end":{"line":46,"column":39}},"13":{"start":{"line":48,"column":4},"end":{"line":52,"column":33}},"14":{"start":{"line":56,"column":18},"end":{"line":57,"column":30}},"15":{"start":{"line":58,"column":19},"end":{"line":58,"column":41}},"16":{"start":{"line":59,"column":18},"end":{"line":59,"column":42}},"17":{"start":{"line":61,"column":4},"end":{"line":64,"column":5}},"18":{"start":{"line":62,"column":18},"end":{"line":62,"column":39}},"19":{"start":{"line":63,"column":6},"end":{"line":63,"column":22}},"20":{"start":{"line":66,"column":4},"end":{"line":72,"column":5}},"21":{"start":{"line":67,"column":18},"end":{"line":70,"column":21}},"22":{"start":{"line":71,"column":6},"end":{"line":71,"column":22}},"23":{"start":{"line":74,"column":16},"end":{"line":77,"column":12}},"24":{"start":{"line":78,"column":4},"end":{"line":78,"column":20}},"25":{"start":{"line":82,"column":16},"end":{"line":86,"column":9}},"26":{"start":{"line":87,"column":18},"end":{"line":87,"column":29}},"27":{"start":{"line":88,"column":4},"end":{"line":88,"column":68}},"28":{"start":{"line":88,"column":16},"end":{"line":88,"column":68}},"29":{"start":{"line":89,"column":4},"end":{"line":89,"column":17}},"30":{"start":{"line":93,"column":16},"end":{"line":98,"column":9}},"31":{"start":{"line":99,"column":21},"end":{"line":99,"column":32}},"32":{"start":{"line":100,"column":4},"end":{"line":100,"column":84}},"33":{"start":{"line":100,"column":19},"end":{"line":100,"column":84}},"34":{"start":{"line":102,"column":4},"end":{"line":102,"column":20}},"35":{"start":{"line":106,"column":16},"end":{"line":112,"column":9}},"36":{"start":{"line":114,"column":4},"end":{"line":114,"column":20}},"37":{"start":{"line":118,"column":16},"end":{"line":124,"column":9}},"38":{"start":{"line":126,"column":4},"end":{"line":126,"column":20}},"39":{"start":{"line":130,"column":22},"end":{"line":133,"column":40}},"40":{"start":{"line":134,"column":17},"end":{"line":134,"column":34}},"41":{"start":{"line":135,"column":4},"end":{"line":135,"column":62}},"42":{"start":{"line":135,"column":15},"end":{"line":135,"column":62}},"43":{"start":{"line":137,"column":21},"end":{"line":141,"column":14}},"44":{"start":{"line":142,"column":4},"end":{"line":142,"column":53}},"45":{"start":{"line":142,"column":27},"end":{"line":142,"column":53}},"46":{"start":{"line":144,"column":27},"end":{"line":151,"column":6}},"47":{"start":{"line":152,"column":4},"end":{"line":152,"column":82}},"48":{"start":{"line":152,"column":32},"end":{"line":152,"column":82}},"49":{"start":{"line":154,"column":16},"end":{"line":158,"column":14}},"50":{"start":{"line":159,"column":18},"end":{"line":159,"column":35}},"51":{"start":{"line":161,"column":4},"end":{"line":165,"column":32}},"52":{"start":{"line":169,"column":21},"end":{"line":172,"column":40}},"53":{"start":{"line":173,"column":17},"end":{"line":173,"column":33}},"54":{"start":{"line":174,"column":4},"end":{"line":174,"column":62}},"55":{"start":{"line":174,"column":15},"end":{"line":174,"column":62}},"56":{"start":{"line":176,"column":16},"end":{"line":184,"column":8}},"57":{"start":{"line":185,"column":4},"end":{"line":185,"column":77}},"58":{"start":{"line":185,"column":22},"end":{"line":185,"column":77}},"59":{"start":{"line":189,"column":0},"end":{"line":189,"column":23}}},"fnMap":{"0":{"name":"(anonymous_0)","decl":{"start":{"line":10,"column":2},"end":{"line":10,"column":3}},"loc":{"start":{"line":10,"column":126},"end":{"line":23,"column":3}},"line":10},"1":{"name":"(anonymous_1)","decl":{"start":{"line":25,"column":2},"end":{"line":25,"column":3}},"loc":{"start":{"line":25,"column":45},"end":{"line":38,"column":3}},"line":25},"2":{"name":"(anonymous_2)","decl":{"start":{"line":40,"column":2},"end":{"line":40,"column":3}},"loc":{"start":{"line":40,"column":57},"end":{"line":53,"column":3}},"line":40},"3":{"name":"(anonymous_3)","decl":{"start":{"line":55,"column":2},"end":{"line":55,"column":3}},"loc":{"start":{"line":55,"column":36},"end":{"line":79,"column":3}},"line":55},"4":{"name":"(anonymous_4)","decl":{"start":{"line":81,"column":2},"end":{"line":81,"column":3}},"loc":{"start":{"line":81,"column":28},"end":{"line":90,"column":3}},"line":81},"5":{"name":"(anonymous_5)","decl":{"start":{"line":92,"column":2},"end":{"line":92,"column":3}},"loc":{"start":{"line":92,"column":31},"end":{"line":103,"column":3}},"line":92},"6":{"name":"(anonymous_6)","decl":{"start":{"line":105,"column":2},"end":{"line":105,"column":3}},"loc":{"start":{"line":105,"column":30},"end":{"line":115,"column":3}},"line":105},"7":{"name":"(anonymous_7)","decl":{"start":{"line":117,"column":2},"end":{"line":117,"column":3}},"loc":{"start":{"line":117,"column":33},"end":{"line":127,"column":3}},"line":117},"8":{"name":"(anonymous_8)","decl":{"start":{"line":129,"column":2},"end":{"line":129,"column":3}},"loc":{"start":{"line":129,"column":42},"end":{"line":166,"column":3}},"line":129},"9":{"name":"(anonymous_9)","decl":{"start":{"line":168,"column":2},"end":{"line":168,"column":3}},"loc":{"start":{"line":168,"column":45},"end":{"line":186,"column":3}},"line":168}},"branchMap":{"0":{"loc":{"start":{"line":16,"column":4},"end":{"line":16,"column":39}},"type":"if","locations":[{"start":{"line":16,"column":4},"end":{"line":16,"column":39}},{"start":{},"end":{}}],"line":16},"1":{"loc":{"start":{"line":31,"column":4},"end":{"line":31,"column":39}},"type":"if","locations":[{"start":{"line":31,"column":4},"end":{"line":31,"column":39}},{"start":{},"end":{}}],"line":31},"2":{"loc":{"start":{"line":46,"column":4},"end":{"line":46,"column":39}},"type":"if","locations":[{"start":{"line":46,"column":4},"end":{"line":46,"column":39}},{"start":{},"end":{}}],"line":46},"3":{"loc":{"start":{"line":55,"column":23},"end":{"line":55,"column":34}},"type":"default-arg","locations":[{"start":{"line":55,"column":32},"end":{"line":55,"column":34}}],"line":55},"4":{"loc":{"start":{"line":61,"column":4},"end":{"line":64,"column":5}},"type":"if","locations":[{"start":{"line":61,"column":4},"end":{"line":64,"column":5}},{"start":{},"end":{}}],"line":61},"5":{"loc":{"start":{"line":66,"column":4},"end":{"line":72,"column":5}},"type":"if","locations":[{"start":{"line":66,"column":4},"end":{"line":72,"column":5}},{"start":{},"end":{}}],"line":66},"6":{"loc":{"start":{"line":88,"column":4},"end":{"line":88,"column":68}},"type":"if","locations":[{"start":{"line":88,"column":4},"end":{"line":88,"column":68}},{"start":{},"end":{}}],"line":88},"7":{"loc":{"start":{"line":100,"column":4},"end":{"line":100,"column":84}},"type":"if","locations":[{"start":{"line":100,"column":4},"end":{"line":100,"column":84}},{"start":{},"end":{}}],"line":100},"8":{"loc":{"start":{"line":135,"column":4},"end":{"line":135,"column":62}},"type":"if","locations":[{"start":{"line":135,"column":4},"end":{"line":135,"column":62}},{"start":{},"end":{}}],"line":135},"9":{"loc":{"start":{"line":142,"column":4},"end":{"line":142,"column":53}},"type":"if","locations":[{"start":{"line":142,"column":4},"end":{"line":142,"column":53}},{"start":{},"end":{}}],"line":142},"10":{"loc":{"start":{"line":152,"column":4},"end":{"line":152,"column":82}},"type":"if","locations":[{"start":{"line":152,"column":4},"end":{"line":152,"column":82}},{"start":{},"end":{}}],"line":152},"11":{"loc":{"start":{"line":174,"column":4},"end":{"line":174,"column":62}},"type":"if","locations":[{"start":{"line":174,"column":4},"end":{"line":174,"column":62}},{"start":{},"end":{}}],"line":174},"12":{"loc":{"start":{"line":185,"column":4},"end":{"line":185,"column":77}},"type":"if","locations":[{"start":{"line":185,"column":4},"end":{"line":185,"column":77}},{"start":{},"end":{}}],"line":185}},"s":{"0":13,"1":13,"2":1,"3":1,"4":0,"5":1,"6":1,"7":1,"8":0,"9":1,"10":1,"11":1,"12":0,"13":1,"14":12,"15":12,"16":12,"17":12,"18":3,"19":3,"20":9,"21":2,"22":2,"23":7,"24":6,"25":5,"26":5,"27":5,"28":2,"29":3,"30":5,"31":5,"32":5,"33":2,"34":3,"35":5,"36":5,"37":5,"38":5,"39":9,"40":9,"41":9,"42":3,"43":6,"44":5,"45":1,"46":4,"47":4,"48":1,"49":3,"50":3,"51":3,"52":6,"53":6,"54":6,"55":1,"56":5,"57":4,"58":1,"59":13},"f":{"0":1,"1":1,"2":1,"3":12,"4":5,"5":5,"6":5,"7":5,"8":9,"9":6},"b":{"0":[0,1],"1":[0,1],"2":[0,1],"3":[1],"4":[3,9],"5":[2,7],"6":[2,3],"7":[2,3],"8":[3,6],"9":[1,4],"10":[1,3],"11":[1,5],"12":[1,3]},"_coverageSchema":"1a1c01bbd47fc00a2c39e90264f33305004495a9","hash":"0e03a0bbe0d78789ee27bdfdbf65572f4dc503f2"}
,"C:\\Users\\Kaz\\Desktop\\springboard-cs\\post\\mhw-capstone\\backend\\models\\armorset.js": {"path":"C:\\Users\\Kaz\\Desktop\\springboard-cs\\post\\mhw-capstone\\backend\\models\\armorset.js","statementMap":{"0":{"start":{"line":3,"column":11},"end":{"line":3,"column":27}},"1":{"start":{"line":7,"column":4},"end":{"line":7,"column":30}},"2":{"start":{"line":11,"column":27},"end":{"line":15,"column":9}},"3":{"start":{"line":16,"column":4},"end":{"line":16,"column":39}},"4":{"start":{"line":16,"column":32},"end":{"line":16,"column":39}},"5":{"start":{"line":18,"column":4},"end":{"line":22,"column":32}},"6":{"start":{"line":26,"column":27},"end":{"line":30,"column":26}},"7":{"start":{"line":31,"column":4},"end":{"line":31,"column":39}},"8":{"start":{"line":31,"column":32},"end":{"line":31,"column":39}},"9":{"start":{"line":33,"column":4},"end":{"line":37,"column":34}},"10":{"start":{"line":41,"column":16},"end":{"line":53,"column":5}},"11":{"start":{"line":54,"column":4},"end":{"line":54,"column":20}},"12":{"start":{"line":58,"column":16},"end":{"line":70,"column":9}},"13":{"start":{"line":71,"column":21},"end":{"line":71,"column":32}},"14":{"start":{"line":72,"column":4},"end":{"line":72,"column":79}},"15":{"start":{"line":72,"column":19},"end":{"line":72,"column":79}},"16":{"start":{"line":74,"column":4},"end":{"line":74,"column":20}},"17":{"start":{"line":78,"column":16},"end":{"line":84,"column":9}},"18":{"start":{"line":86,"column":4},"end":{"line":86,"column":19}},"19":{"start":{"line":90,"column":16},"end":{"line":95,"column":9}},"20":{"start":{"line":97,"column":4},"end":{"line":97,"column":19}},"21":{"start":{"line":101,"column":0},"end":{"line":101,"column":26}}},"fnMap":{"0":{"name":"(anonymous_0)","decl":{"start":{"line":10,"column":2},"end":{"line":10,"column":3}},"loc":{"start":{"line":10,"column":48},"end":{"line":23,"column":3}},"line":10},"1":{"name":"(anonymous_1)","decl":{"start":{"line":25,"column":2},"end":{"line":25,"column":3}},"loc":{"start":{"line":25,"column":56},"end":{"line":38,"column":3}},"line":25},"2":{"name":"(anonymous_2)","decl":{"start":{"line":40,"column":2},"end":{"line":40,"column":3}},"loc":{"start":{"line":40,"column":25},"end":{"line":55,"column":3}},"line":40},"3":{"name":"(anonymous_3)","decl":{"start":{"line":57,"column":2},"end":{"line":57,"column":3}},"loc":{"start":{"line":57,"column":31},"end":{"line":75,"column":3}},"line":57},"4":{"name":"(anonymous_4)","decl":{"start":{"line":77,"column":2},"end":{"line":77,"column":3}},"loc":{"start":{"line":77,"column":30},"end":{"line":87,"column":3}},"line":77},"5":{"name":"(anonymous_5)","decl":{"start":{"line":89,"column":2},"end":{"line":89,"column":3}},"loc":{"start":{"line":89,"column":29},"end":{"line":98,"column":3}},"line":89}},"branchMap":{"0":{"loc":{"start":{"line":16,"column":4},"end":{"line":16,"column":39}},"type":"if","locations":[{"start":{"line":16,"column":4},"end":{"line":16,"column":39}},{"start":{},"end":{}}],"line":16},"1":{"loc":{"start":{"line":31,"column":4},"end":{"line":31,"column":39}},"type":"if","locations":[{"start":{"line":31,"column":4},"end":{"line":31,"column":39}},{"start":{},"end":{}}],"line":31},"2":{"loc":{"start":{"line":72,"column":4},"end":{"line":72,"column":79}},"type":"if","locations":[{"start":{"line":72,"column":4},"end":{"line":72,"column":79}},{"start":{},"end":{}}],"line":72}},"s":{"0":13,"1":13,"2":1,"3":1,"4":0,"5":1,"6":1,"7":1,"8":0,"9":1,"10":3,"11":3,"12":5,"13":5,"14":5,"15":2,"16":3,"17":5,"18":5,"19":5,"20":5,"21":13},"f":{"0":1,"1":1,"2":3,"3":5,"4":5,"5":5},"b":{"0":[0,1],"1":[0,1],"2":[2,3]},"_coverageSchema":"1a1c01bbd47fc00a2c39e90264f33305004495a9","hash":"36d49161027f5270146f2a50389ca12a7f1c0b4c"}
,"C:\\Users\\Kaz\\Desktop\\springboard-cs\\post\\mhw-capstone\\backend\\models\\charm.js": {"path":"C:\\Users\\Kaz\\Desktop\\springboard-cs\\post\\mhw-capstone\\backend\\models\\charm.js","statementMap":{"0":{"start":{"line":3,"column":11},"end":{"line":3,"column":27}},"1":{"start":{"line":4,"column":43},"end":{"line":4,"column":69}},"2":{"start":{"line":8,"column":27},"end":{"line":12,"column":9}},"3":{"start":{"line":13,"column":4},"end":{"line":13,"column":39}},"4":{"start":{"line":13,"column":32},"end":{"line":13,"column":39}},"5":{"start":{"line":15,"column":4},"end":{"line":19,"column":31}},"6":{"start":{"line":23,"column":27},"end":{"line":27,"column":23}},"7":{"start":{"line":28,"column":4},"end":{"line":28,"column":39}},"8":{"start":{"line":28,"column":32},"end":{"line":28,"column":39}},"9":{"start":{"line":30,"column":4},"end":{"line":34,"column":24}},"10":{"start":{"line":38,"column":27},"end":{"line":42,"column":22}},"11":{"start":{"line":43,"column":4},"end":{"line":43,"column":39}},"12":{"start":{"line":43,"column":32},"end":{"line":43,"column":39}},"13":{"start":{"line":45,"column":4},"end":{"line":49,"column":33}},"14":{"start":{"line":53,"column":16},"end":{"line":56,"column":5}},"15":{"start":{"line":57,"column":4},"end":{"line":57,"column":20}},"16":{"start":{"line":61,"column":16},"end":{"line":65,"column":9}},"17":{"start":{"line":66,"column":18},"end":{"line":66,"column":29}},"18":{"start":{"line":67,"column":4},"end":{"line":67,"column":72}},"19":{"start":{"line":67,"column":16},"end":{"line":67,"column":72}},"20":{"start":{"line":69,"column":4},"end":{"line":69,"column":17}},"21":{"start":{"line":73,"column":16},"end":{"line":79,"column":9}},"22":{"start":{"line":81,"column":4},"end":{"line":81,"column":20}},"23":{"start":{"line":85,"column":16},"end":{"line":91,"column":9}},"24":{"start":{"line":92,"column":4},"end":{"line":92,"column":20}},"25":{"start":{"line":96,"column":22},"end":{"line":100,"column":15}},"26":{"start":{"line":101,"column":17},"end":{"line":101,"column":34}},"27":{"start":{"line":102,"column":4},"end":{"line":102,"column":62}},"28":{"start":{"line":102,"column":15},"end":{"line":102,"column":62}},"29":{"start":{"line":104,"column":21},"end":{"line":108,"column":14}},"30":{"start":{"line":109,"column":4},"end":{"line":109,"column":53}},"31":{"start":{"line":109,"column":27},"end":{"line":109,"column":53}},"32":{"start":{"line":111,"column":27},"end":{"line":115,"column":24}},"33":{"start":{"line":116,"column":4},"end":{"line":116,"column":77}},"34":{"start":{"line":116,"column":32},"end":{"line":116,"column":77}},"35":{"start":{"line":118,"column":4},"end":{"line":122,"column":25}},"36":{"start":{"line":126,"column":16},"end":{"line":131,"column":24}},"37":{"start":{"line":132,"column":4},"end":{"line":132,"column":77}},"38":{"start":{"line":132,"column":22},"end":{"line":132,"column":77}},"39":{"start":{"line":136,"column":0},"end":{"line":136,"column":23}}},"fnMap":{"0":{"name":"(anonymous_0)","decl":{"start":{"line":7,"column":2},"end":{"line":7,"column":3}},"loc":{"start":{"line":7,"column":47},"end":{"line":20,"column":3}},"line":7},"1":{"name":"(anonymous_1)","decl":{"start":{"line":22,"column":2},"end":{"line":22,"column":3}},"loc":{"start":{"line":22,"column":45},"end":{"line":35,"column":3}},"line":22},"2":{"name":"(anonymous_2)","decl":{"start":{"line":37,"column":2},"end":{"line":37,"column":3}},"loc":{"start":{"line":37,"column":57},"end":{"line":50,"column":3}},"line":37},"3":{"name":"(anonymous_3)","decl":{"start":{"line":52,"column":2},"end":{"line":52,"column":3}},"loc":{"start":{"line":52,"column":25},"end":{"line":58,"column":3}},"line":52},"4":{"name":"(anonymous_4)","decl":{"start":{"line":60,"column":2},"end":{"line":60,"column":3}},"loc":{"start":{"line":60,"column":29},"end":{"line":70,"column":3}},"line":60},"5":{"name":"(anonymous_5)","decl":{"start":{"line":72,"column":2},"end":{"line":72,"column":3}},"loc":{"start":{"line":72,"column":30},"end":{"line":82,"column":3}},"line":72},"6":{"name":"(anonymous_6)","decl":{"start":{"line":84,"column":2},"end":{"line":84,"column":3}},"loc":{"start":{"line":84,"column":33},"end":{"line":93,"column":3}},"line":84},"7":{"name":"(anonymous_7)","decl":{"start":{"line":95,"column":2},"end":{"line":95,"column":3}},"loc":{"start":{"line":95,"column":42},"end":{"line":123,"column":3}},"line":95},"8":{"name":"(anonymous_8)","decl":{"start":{"line":125,"column":2},"end":{"line":125,"column":3}},"loc":{"start":{"line":125,"column":45},"end":{"line":133,"column":3}},"line":125}},"branchMap":{"0":{"loc":{"start":{"line":13,"column":4},"end":{"line":13,"column":39}},"type":"if","locations":[{"start":{"line":13,"column":4},"end":{"line":13,"column":39}},{"start":{},"end":{}}],"line":13},"1":{"loc":{"start":{"line":28,"column":4},"end":{"line":28,"column":39}},"type":"if","locations":[{"start":{"line":28,"column":4},"end":{"line":28,"column":39}},{"start":{},"end":{}}],"line":28},"2":{"loc":{"start":{"line":43,"column":4},"end":{"line":43,"column":39}},"type":"if","locations":[{"start":{"line":43,"column":4},"end":{"line":43,"column":39}},{"start":{},"end":{}}],"line":43},"3":{"loc":{"start":{"line":67,"column":4},"end":{"line":67,"column":72}},"type":"if","locations":[{"start":{"line":67,"column":4},"end":{"line":67,"column":72}},{"start":{},"end":{}}],"line":67},"4":{"loc":{"start":{"line":102,"column":4},"end":{"line":102,"column":62}},"type":"if","locations":[{"start":{"line":102,"column":4},"end":{"line":102,"column":62}},{"start":{},"end":{}}],"line":102},"5":{"loc":{"start":{"line":109,"column":4},"end":{"line":109,"column":53}},"type":"if","locations":[{"start":{"line":109,"column":4},"end":{"line":109,"column":53}},{"start":{},"end":{}}],"line":109},"6":{"loc":{"start":{"line":116,"column":4},"end":{"line":116,"column":77}},"type":"if","locations":[{"start":{"line":116,"column":4},"end":{"line":116,"column":77}},{"start":{},"end":{}}],"line":116},"7":{"loc":{"start":{"line":132,"column":4},"end":{"line":132,"column":77}},"type":"if","locations":[{"start":{"line":132,"column":4},"end":{"line":132,"column":77}},{"start":{},"end":{}}],"line":132}},"s":{"0":13,"1":13,"2":1,"3":1,"4":0,"5":1,"6":1,"7":1,"8":0,"9":1,"10":1,"11":1,"12":0,"13":1,"14":3,"15":3,"16":5,"17":5,"18":5,"19":2,"20":3,"21":5,"22":5,"23":5,"24":5,"25":9,"26":9,"27":9,"28":3,"29":6,"30":5,"31":1,"32":4,"33":4,"34":1,"35":3,"36":6,"37":5,"38":2,"39":13},"f":{"0":1,"1":1,"2":1,"3":3,"4":5,"5":5,"6":5,"7":9,"8":6},"b":{"0":[0,1],"1":[0,1],"2":[0,1],"3":[2,3],"4":[3,6],"5":[1,4],"6":[1,3],"7":[2,3]},"_coverageSchema":"1a1c01bbd47fc00a2c39e90264f33305004495a9","hash":"8341062364a697cdcf2aea33508372fe5a05676d"}
,"C:\\Users\\Kaz\\Desktop\\springboard-cs\\post\\mhw-capstone\\backend\\models\\decoration.js": {"path":"C:\\Users\\Kaz\\Desktop\\springboard-cs\\post\\mhw-capstone\\backend\\models\\decoration.js","statementMap":{"0":{"start":{"line":3,"column":11},"end":{"line":3,"column":27}},"1":{"start":{"line":4,"column":43},"end":{"line":4,"column":69}},"2":{"start":{"line":8,"column":27},"end":{"line":12,"column":9}},"3":{"start":{"line":13,"column":4},"end":{"line":13,"column":39}},"4":{"start":{"line":13,"column":32},"end":{"line":13,"column":39}},"5":{"start":{"line":15,"column":4},"end":{"line":19,"column":29}},"6":{"start":{"line":23,"column":27},"end":{"line":27,"column":22}},"7":{"start":{"line":28,"column":4},"end":{"line":28,"column":39}},"8":{"start":{"line":28,"column":32},"end":{"line":28,"column":39}},"9":{"start":{"line":30,"column":4},"end":{"line":34,"column":22}},"10":{"start":{"line":38,"column":16},"end":{"line":41,"column":5}},"11":{"start":{"line":42,"column":4},"end":{"line":42,"column":20}},"12":{"start":{"line":46,"column":16},"end":{"line":50,"column":9}},"13":{"start":{"line":51,"column":17},"end":{"line":51,"column":28}},"14":{"start":{"line":52,"column":4},"end":{"line":52,"column":75}},"15":{"start":{"line":52,"column":15},"end":{"line":52,"column":75}},"16":{"start":{"line":54,"column":4},"end":{"line":54,"column":16}},"17":{"start":{"line":58,"column":16},"end":{"line":64,"column":9}},"18":{"start":{"line":65,"column":4},"end":{"line":65,"column":20}},"19":{"start":{"line":69,"column":22},"end":{"line":73,"column":15}},"20":{"start":{"line":74,"column":17},"end":{"line":74,"column":34}},"21":{"start":{"line":75,"column":4},"end":{"line":75,"column":62}},"22":{"start":{"line":75,"column":15},"end":{"line":75,"column":62}},"23":{"start":{"line":77,"column":21},"end":{"line":81,"column":13}},"24":{"start":{"line":82,"column":4},"end":{"line":82,"column":53}},"25":{"start":{"line":82,"column":27},"end":{"line":82,"column":53}},"26":{"start":{"line":84,"column":4},"end":{"line":88,"column":24}},"27":{"start":{"line":92,"column":16},"end":{"line":102,"column":23}},"28":{"start":{"line":103,"column":4},"end":{"line":103,"column":87}},"29":{"start":{"line":103,"column":22},"end":{"line":103,"column":87}},"30":{"start":{"line":107,"column":0},"end":{"line":107,"column":28}}},"fnMap":{"0":{"name":"(anonymous_0)","decl":{"start":{"line":7,"column":2},"end":{"line":7,"column":3}},"loc":{"start":{"line":7,"column":46},"end":{"line":20,"column":3}},"line":7},"1":{"name":"(anonymous_1)","decl":{"start":{"line":22,"column":2},"end":{"line":22,"column":3}},"loc":{"start":{"line":22,"column":44},"end":{"line":35,"column":3}},"line":22},"2":{"name":"(anonymous_2)","decl":{"start":{"line":37,"column":2},"end":{"line":37,"column":3}},"loc":{"start":{"line":37,"column":24},"end":{"line":43,"column":3}},"line":37},"3":{"name":"(anonymous_3)","decl":{"start":{"line":45,"column":2},"end":{"line":45,"column":3}},"loc":{"start":{"line":45,"column":34},"end":{"line":55,"column":3}},"line":45},"4":{"name":"(anonymous_4)","decl":{"start":{"line":57,"column":2},"end":{"line":
[...]
,"C:\\Users\\Kaz\\Desktop\\springboard-cs\\post\\mhw-capstone\\backend\\routes\\locations.js": {"path":"C:\\Users\\Kaz\\Desktop\\springboard-cs\\post\\mhw-capstone\\backend\\routes\\locations.js","statementMap":{"0":{"start":{"line":3,"column":16},"end":{"line":3,"column":34}},"1":{"start":{"line":4,"column":17},"end":{"line":4,"column":46}},"2":{"start":{"line":5,"column":27},"end":{"line":5,"column":56}},"3":{"start":{"line":7,"column":15},"end":{"line":7,"column":35}},"4":{"start":{"line":9,"column":0},"end":{"line":17,"column":3}},"5":{"start":{"line":10,"column":12},"end":{"line":10,"column":21}},"6":{"start":{"line":11,"column":2},"end":{"line":16,"column":3}},"7":{"start":{"line":12,"column":21},"end":{"line":12,"column":46}},"8":{"start":{"line":13,"column":4},"end":{"line":13,"column":30}},"9":{"start":{"line":15,"column":4},"end":{"line":15,"column":21}},"10":{"start":{"line":19,"column":0},"end":{"line":32,"column":3}},"11":{"start":{"line":20,"column":13},"end":{"line":20,"column":26}},"12":{"start":{"line":21,"column":2},"end":{"line":31,"column":3}},"13":{"start":{"line":22,"column":19},"end":{"line":25,"column":6}},"14":{"start":{"line":26,"column":21},"end":{"line":26,"column":30}},"15":{"start":{"line":27,"column":4},"end":{"line":27,"column":34}},"16":{"start":{"line":28,"column":4},"end":{"line":28,"column":29}},"17":{"start":{"line":30,"column":4},"end":{"line":30,"column":20}},"18":{"start":{"line":34,"column":0},"end":{"line":34,"column":24}}},"fnMap":{"0":{"name":"(anonymous_0)","decl":{"start":{"line":9,"column":32},"end":{"line":9,"column":33}},"loc":{"start":{"line":9,"column":58},"end":{"line":17,"column":1}},"line":9},"1":{"name":"(anonymous_1)","decl":{"start":{"line":19,"column":35},"end":{"line":19,"column":36}},"loc":{"start":{"line":19,"column":61},"end":{"line":32,"column":1}},"line":19}},"branchMap":{},"s":{"0":12,"1":12,"2":12,"3":12,"4":12,"5":2,"6":2,"7":2,"8":2,"9":0,"10":12,"11":3,"12":3,"13":3,"14":2,"15":2,"16":2,"17":1,"18":12},"f":{"0":2,"1":3},"b":{},"_coverageSchema":"1a1c01bbd47fc00a2c39e90264f33305004495a9","hash":"464c613d31a6cf5338ecf0a716181bf170810e68"}
,"C:\\Users\\Kaz\\Desktop\\springboard-cs\\post\\mhw-capstone\\backend\\routes\\monsters.js": {"path":"C:\\Users\\Kaz\\Desktop\\springboard-cs\\post\\mhw-capstone\\backend\\routes\\monsters.js","statementMap":{"0":{"start":{"line":3,"column":19},"end":{"line":3,"column":40}},"1":{"start":{"line":4,"column":16},"end":{"line":4,"column":34}},"2":{"start":{"line":5,"column":16},"end":{"line":5,"column":44}},"3":{"start":{"line":6,"column":53},"end":{"line":6,"column":82}},"4":{"start":{"line":8,"column":15},"end":{"line":8,"column":35}},"5":{"start":{"line":10,"column":0},"end":{"line":18,"column":3}},"6":{"start":{"line":11,"column":12},"end":{"line":11,"column":21}},"7":{"start":{"line":12,"column":2},"end":{"line":17,"column":3}},"8":{"start":{"line":13,"column":21},"end":{"line":13,"column":45}},"9":{"start":{"line":14,"column":4},"end":{"line":14,"column":30}},"10":{"start":{"line":16,"column":4},"end":{"line":16,"column":21}},"11":{"start":{"line":20,"column":0},"end":{"line":39,"column":3}},"12":{"start":{"line":21,"column":13},"end":{"line":21,"column":26}},"13":{"start":{"line":22,"column":2},"end":{"line":38,"column":3}},"14":{"start":{"line":23,"column":19},"end":{"line":29,"column":6}},"15":{"start":{"line":30,"column":20},"end":{"line":30,"column":29}},"16":{"start":{"line":31,"column":4},"end":{"line":31,"column":34}},"17":{"start":{"line":32,"column":4},"end":{"line":32,"column":35}},"18":{"start":{"line":33,"column":4},"end":{"line":33,"column":33}},"19":{"start":{"line":34,"column":4},"end":{"line":34,"column":34}},"20":{"start":{"line":35,"column":4},"end":{"line":35,"column":28}},"21":{"start":{"line":37,"column":4},"end":{"line":37,"column":20}},"22":{"start":{"line":41,"column":0},"end":{"line":50,"column":3}},"23":{"start":{"line":42,"column":13},"end":{"line":42,"column":26}},"24":{"start":{"line":43,"column":19},"end":{"line":43,"column":38}},"25":{"start":{"line":44,"column":2},"end":{"line":49,"column":3}},"26":{"start":{"line":45,"column":4},"end":{"line":45,"column":40}},"27":{"start":{"line":46,"column":4},"end":{"line":46,"column":39}},"28":{"start":{"line":48,"column":4},"end":{"line":48,"column":21}},"29":{"start":{"line":52,"column":0},"end":{"line":61,"column":3}},"30":{"start":{"line":53,"column":13},"end":{"line":53,"column":26}},"31":{"start":{"line":54,"column":19},"end":{"line":54,"column":38}},"32":{"start":{"line":55,"column":2},"end":{"line":60,"column":3}},"33":{"start":{"line":56,"column":4},"end":{"line":56,"column":43}},"34":{"start":{"line":57,"column":4},"end":{"line":57,"column":39}},"35":{"start":{"line":59,"column":4},"end":{"line":59,"column":21}},"36":{"start":{"line":63,"column":0},"end":{"line":63,"column":24}}},"fnMap":{"0":{"name":"(anonymous_0)","decl":{"start":{"line":10,"column":32},"end":{"line":10,"column":33}},"loc":{"start":{"line":10,"column":58},"end":{"line":18,"column":1}},"line":10},"1":{"name":"(anonymous_1)","decl":{"start":{"line":20,"column":35},"end":{"line":20,"column":36}},"loc":{"start":{"line":20,"column":61},"end":{"line":39,"column":1}},"line":20},"2":{"name":"(anonymous_2)","decl":{"start":{"line":41,"column":61},"end":{"line":41,"column":62}},"loc":{"start":{"line":41,"column":87},"end":{"line":50,"column":1}},"line":41},"3":{"name":"(anonymous_3)","decl":{"start":{"line":52,"column":63},"end":{"line":52,"column":64}},"loc":{"start":{"line":52,"column":89},"end":{"line":61,"column":1}},"line":52}},"branchMap":{},"s":{"0":12,"1":12,"2":12,"3":12,"4":12,"5":12,"6":6,"7":6,"8":6,"9":5,"10":1,"11":12,"12":3,"13":3,"14":3,"15":2,"16":2,"17":2,"18":2,"19":2,"20":2,"21":1,"22":12,"23":5,"24":5,"25":5,"26":5,"27":2,"28":3,"29":12,"30":3,"31":3,"32":3,"33":3,"34":2,"35":1,"36":12},"f":{"0":6,"1":3,"2":5,"3":3},"b":{},"_coverageSchema":"1a1c01bbd47fc00a2c39e90264f33305004495a9","hash":"d5a73ba94c3ef2ea371a93fb3886356f3f79c287"}
,"C:\\Users\\Kaz\\Desktop\\springboard-cs\\post\\mhw-capstone\\backend\\routes\\skills.js": {"path":"C:\\Users\\Kaz\\Desktop\\springboard-cs\\post\\mhw-capstone\\backend\\routes\\skills.js","statementMap":{"0":{"start":{"line":3,"column":19},"end":{"line":3,"column":40}},"1":{"start":{"line":4,"column":16},"end":{"line":4,"column":34}},"2":{"start":{"line":5,"column":14},"end":{"line":5,"column":40}},"3":{"start":{"line":6,"column":27},"end":{"line":6,"column":56}},"4":{"start":{"line":8,"column":15},"end":{"line":8,"column":35}},"5":{"start":{"line":10,"column":0},"end":{"line":17,"column":3}},"6":{"start":{"line":11,"column":2},"end":{"line":16,"column":3}},"7":{"start":{"line":12,"column":19},"end":{"line":12,"column":40}},"8":{"start":{"line":13,"column":4},"end":{"line":13,"column":27}},"9":{"start":{"line":15,"column":4},"end":{"line":15,"column":20}},"10":{"start":{"line":19,"column":0},"end":{"line":38,"column":3}},"11":{"start":{"line":20,"column":13},"end":{"line":20,"column":26}},"12":{"start":{"line":21,"column":2},"end":{"line":37,"column":3}},"13":{"start":{"line":22,"column":19},"end":{"line":28,"column":6}},"14":{"start":{"line":29,"column":18},"end":{"line":29,"column":27}},"15":{"start":{"line":30,"column":4},"end":{"line":30,"column":32}},"16":{"start":{"line":31,"column":4},"end":{"line":31,"column":28}},"17":{"start":{"line":32,"column":4},"end":{"line":32,"column":29}},"18":{"start":{"line":33,"column":4},"end":{"line":33,"column":34}},"19":{"start":{"line":34,"column":4},"end":{"line":34,"column":26}},"20":{"start":{"line":36,"column":4},"end":{"line":36,"column":20}},"21":{"start":{"line":40,"column":0},"end":{"line":40,"column":24}}},"fnMap":{"0":{"name":"(anonymous_0)","decl":{"start":{"line":10,"column":32},"end":{"line":10,"column":33}},"loc":{"start":{"line":10,"column":58},"end":{"line":17,"column":1}},"line":10},"1":{"name":"(anonymous_1)","decl":{"start":{"line":19,"column":35},"end":{"line":19,"column":36}},"loc":{"start":{"line":19,"column":61},"end":{"line":38,"column":1}},"line":19}},"branchMap":{},"s":{"0":12,"1":12,"2":12,"3":12,"4":12,"5":12,"6":2,"7":2,"8":2,"9":0,"10":12,"11":3,"12":3,"13":3,"14":2,"15":2,"16":2,"17":2,"18":2,"19":2,"20":1,"21":12},"f":{"0":2,"1":3},"b":{},"_coverageSchema":"1a1c01bbd47fc00a2c39e90264f33305004495a9","hash":"936d05f316bc9fc47c4017c5db356df0be36fe45"}
,"C:\\Users\\Kaz\\Desktop\\springboard-cs\\post\\mhw-capstone\\backend\\routes\\users.js": {"path":"C:\\Users\\Kaz\\Desktop\\springboard-cs\\post\\mhw-capstone\\backend\\routes\\users.js","statementMap":{"0":{"start":{"line":3,"column":19},"end":{"line":3,"column":40}},"1":{"start":{"line":5,"column":16},"end":{"line":5,"column":34}},"2":{"start":{"line":6,"column":66},"end":{"line":6,"column":95}},"3":{"start":{"line":7,"column":28},"end":{"line":7,"column":54}},"4":{"start":{"line":8,"column":13},"end":{"line":8,"column":38}},"5":{"start":{"line":9,"column":24},"end":{"line":9,"column":52}},"6":{"start":{"line":10,"column":22},"end":{"line":10,"column":56}},"7":{"start":{"line":11,"column":25},"end":{"line":11,"column":62}},"8":{"start":{"line":13,"column":15},"end":{"line":13,"column":31}},"9":{"start":{"line":15,"column":0},"end":{"line":29,"column":3}},"10":{"start":{"line":16,"column":2},"end":{"line":28,"column":3}},"11":{"start":{"line":17,"column":22},"end":{"line":17,"column":66}},"12":{"start":{"line":18,"column":4},"end":{"line":21,"column":5}},"13":{"start":{"line":19,"column":19},"end":{"line":19,"column":53}},"14":{"start":{"line":19,"column":45},"end":{"line":19,"column":52}},"15":{"start":{"line":20,"column":6},"end":{"line":20,"column":38}},"16":{"start":{"line":23,"column":17},"end":{"line":23,"column":46}},"17":{"start":{"line":24,"column":18},"end":{"line":24,"column":35}},"18":{"start":{"line":25,"column":4},"end":{"line":25,"column":49}},"19":{"start":{"line":27,"column":4},"end":{"line":27,"column":21}},"20":{"start":{"line":31,"column":0},"end":{"line":38,"column":3}},"21":{"start":{"line":32,"column":2},"end":{"line":37,"column":3}},"22":{"start":{"line":33,"column":18},"end":{"line":33,"column":38}},"23":{"start":{"line":34,"column":4},"end":{"line":34,"column":31}},"24":{"start":{"line":36,"column":4},"end":{"line":36,"column":21}},"25":{"start":{"line":41,"column":0},"end":{"line":48,"column":3}},"26":{"start":{"line":42,"column":2},"end":{"line":47,"column":3}},"27":{"start":{"line":43,"column":17},"end":{"line":43,"column":52}},"28":{"start":{"line":44,"column":4},"end":{"line":44,"column":30}},"29":{"start":{"line":46,"column":4},"end":{"line":46,"column":21}},"30":{"start":{"line":52,"column":0},"end":{"line":59,"column":3}},"31":{"start":{"line":53,"column":2},"end":{"line":58,"column":3}},"32":{"start":{"line":54,"column":17},"end":{"line":54,"column":55}},"33":{"start":{"line":55,"column":4},"end":{"line":55,"column":25}},"34":{"start":{"line":57,"column":4},"end":{"line":57,"column":20}},"35":{"start":{"line":63,"column":0},"end":{"line":70,"column":3}},"36":{"start":{"line":64,"column":2},"end":{"line":69,"column":3}},"37":{"start":{"line":65,"column":17},"end":{"line":65,"column":56}},"38":{"start":{"line":66,"column":4},"end":{"line":66,"column":25}},"39":{"start":{"line":68,"column":4},"end":{"line":68,"column":20}},"40":{"start":{"line":72,"column":0},"end":{"line":84,"column":3}},"41":{"start":{"line":73,"column":2},"end":{"line":83,"column":3}},"42":{"start":{"line":74,"column":22},"end":{"line":74,"column":69}},"43":{"start":{"line":75,"column":4},"end":{"line":78,"column":5}},"44":{"start":{"line":76,"column":19},"end":{"line":76,"column":53}},"45":{"start":{"line":76,"column":45},"end":{"line":76,"column":52}},"46":{"start":{"line":77,"column":6},"end":{"line":77,"column":38}},"47":{"start":{"line":79,"column":17},"end":{"line":79,"column":65}},"48":{"start":{"line":80,"column":4},"end":{"line":80,"column":30}},"49":{"start":{"line":82,"column":4},"end":{"line":82,"column":21}},"50":{"start":{"line":86,"column":0},"end":{"line":93,"column":3}},"51":{"start":{"line":87,"column":2},"end":{"line":92,"column":3}},"52":{"start":{"line":88,"column":4},"end":{"line":88,"column":43}},"53":{"start":{"line":89,"column":4},"end":{"line":89,"column":54}},"54":{"start":{"line":91,"column":4},"end":{"line":91,"column":21}},"55":{"start":{"line":96,"column":0},"end":{"line":96,"column":24}}},"fnMap":{"0":{"name":"(anonymous_0)","decl":{"start":{"line":15,"column":30},"end":{"line":15,"column":31}},"loc":{"start":{"line":15,"column":62},"end":{"line":29,"column":1}},"line":15},"1":{"name":"(anonymous_1)","decl":{"start":{"line":19,"column":40},"end":{"line":19,"column":41}},"loc":{"start":{"line":19,"column":45},"end":{"line":19,"column":52}},"line":19},"2":{"name":"(anonymous_2)","decl":{"start":{"line":31,"column":29},"end":{"line":31,"column":30}},"loc":{"start":{"line":31,"column":61},"end":{"line":38,"column":1}},"line":31},"3":{"name":"(anonymous_3)","decl":{"start":{"line":41,"column":51},"end":{"line":41,"column":52}},"loc":{"start":{"line":41,"column":83},"end":{"line":48,"column":1}},"line":41},"4":{"name":"(anonymous_4)","decl":{"start":{"line":52,"column":29},"end":{"line":52,"column":30}},"loc":{"start":{"line":52,"column":61},"end":{"line":59,"column":1}},"line":52},"5":{"name":"(anonymous_5)","decl":{"start":{"line":63,"column":30},"end":{"line":63,"column":31}},"loc":{"start":{"line":63,"column":62},"end":{"line":70,"column":1}},"line":63},"6":{"name":"(anonymous_6)","decl":{"start":{"line":72,"column":53},"end":{"line":72,"column":54}},"loc":{"start":{"line":72,"column":85},"end":{"line":84,"column":1}},"line":72},"7":{"name":"(anonymous_7)","decl":{"start":{"line":76,"column":40},"end":{"line":76,"column":41}},"loc":{"start":{"line":76,"column":45},"end":{"line":76,"column":52}},"line":76},"8":{"name":"(anonymous_8)","decl":{"start":{"line":86,"column":54},"end":{"line":86,"column":55}},"loc":{"start":{"line":86,"column":86},"end":{"line":93,"column":1}},"line":86}},"branchMap":{"0":{"loc":{"start":{"line":18,"column":4},"end":{"line":21,"column":5}},"type":"if","locations":[{"start":{"line":18,"column":4},"end":{"line":21,"column":5}},{"start":{},"end":{}}],"line":18},"1":{"loc":{"start":{"line":75,"column":4},"end":{"line":78,"column":5}},"type":"if","locations":[{"start":{"line":75,"column":4},"end":{"line":78,"column":5}},{"start":{},"end":{}}],"line":75}},"s":{"0":12,"1":12,"2":12,"3":12,"4":12,"5":12,"6":12,"7":12,"8":12,"9":12,"10":4,"11":4,"12":4,"13":2,"14":3,"15":2,"16":2,"17":2,"18":2,"19":2,"20":12,"21":2,"22":2,"23":1,"24":1,"25":12,"26":3,"27":3,"28":2,"29":1,"30":12,"31":0,"32":0,"33":0,"34":0,"35":12,"36":0,"37":0,"38":0,"39":0,"40":12,"41":5,"42":5,"43":5,"44":1,"45":1,"46":1,"47":4,"48":3,"49":2,"50":12,"51":3,"52":3,"53":2,"54":1,"55":12},"f":{"0":4,"1":3,"2":2,"3":3,"4":0,"5":0,"6":5,"7":1,"8":3},"b":{"0":[2,2],"1":[1,4]},"_coverageSchema":"1a1c01bbd47fc00a2c39e90264f33305004495a9","hash":"f9bbfe73cd32fcea158e7e1acd57997e7ffd9416"}
,"C:\\Users\\Kaz\\Desktop\\springboard-cs\\post\\mhw-capstone\\backend\\routes\\weapons.js": {"path":"C:\\Users\\Kaz\\Desktop\\springboard-cs\\post\\mhw-capstone\\backend\\routes\\weapons.js","statementMap":{"0":{"start":{"line":3,"column":19},"end":{"line":3,"column":40}},"1":{"start":{"line":4,"column":16},"end":{"line":4,"column":34}},"2":{"start":{"line":5,"column":15},"end":{"line":5,"column":42}},"3":{"start":{"line":6,"column":53},"end":{"line":6,"column":82}},"4":{"start":{"line":8,"column":15},"end":{"line":8,"column":35}},"5":{"start":{"line":10,"column":0},"end":{"line":18,"column":3}},"6":{"start":{"line":11,"column":12},"end":{"line":11,"column":21}},"7":{"start":{"line":12,"column":2},"end":{"line":17,"column":3}},"8":{"start":{"line":13,"column":18},"end":{"line":13,"column":43}},"9":{"start":{"line":14,"column":4},"end":{"line":14,"column":26}},"10":{"start":{"line":16,"column":4},"end":{"line":16,"column":20}},"11":{"start":{"line":20,"column":0},"end":{"line":29,"column":3}},"12":{"start":{"line":21,"column":15},"end":{"line":21,"column":30}},"13":{"start":{"line":22,"column":12},"end":{"line":22,"column":21}},"14":{"start":{"line":23,"column":2},"end":{"line":28,"column":3}},"15":{"start":{"line":24,"column":20},"end":{"line":24,"column":53}},"16":{"start":{"line":25,"column":4},"end":{"line":25,"column":29}},"17":{"start":{"line":27,"column":4},"end":{"line":27,"column":20}},"18":{"start":{"line":31,"column":0},"end":{"line":46,"column":3}},"19":{"start":{"line":32,"column":13},"end":{"line":32,"column":26}},"20":{"start":{"line":33,"column":2},"end":{"line":45,"column":3}},"21":{"start":{"line":34,"column":19},"end":{"line":38,"column":6}},"22":{"start":{"line":39,"column":19},"end":{"line":39,"column":28}},"23":{"start":{"line":40,"column":4},"end":{"line":40,"column":32}},"24":{"start":{"line":41,"column":4},"end":{"line":41,"column":33}},"25":{"start":{"line":42,"column":4},"end":{"line":42,"column":20}},"26":{"start":{"line":44,"column":4},"end":{"line":44,"column":20}},"27":{"start":{"line":48,"column":0},"end":{"line":57,"column":3}},"28":{"start":{"line":49,"column":13},"end":{"line":49,"column":26}},"29":{"start":{"line":50,"column":19},"end":{"line":50,"column":38}},"30":{"start":{"line":51,"column":2},"end":{"line":56,"column":3}},"31":{"start":{"line":52,"column":4},"end":{"line":52,"column":39}},"32":{"start":{"line":53,"column":4},"end":{"line":53,"column":39}},"33":{"start":{"line":55,"column":4},"end":{"line":55,"column":21}},"34":{"start":{"line":59,"column":0},"end":{"line":68,"column":3}},"35":{"start":{"line":60,"column":13},"end":{"line":60,"column":26}},"36":{"start":{"line":61,"column":19},"end":{"line":61,"column":38}},"37":{"start":{"line":62,"column":2},"end":{"line":67,"column":3}},"38":{"start":{"line":63,"column":4},"end":{"line":63,"column":42}},"39":{"start":{"line":64,"column":4},"end":{"line":64,"column":39}},"40":{"start":{"line":66,"column":4},"end":{"line":66,"column":21}},"41":{"start":{"line":70,"column":0},"end":{"line":70,"column":24}}},"fnMap":{"0":{"name":"(anonymous_0)","decl":{"start":{"line":10,"column":32},"end":{"line":10,"column":33}},"loc":{"start":{"line":10,"column":58},"end":{"line":18,"column":1}},"line":10},"1":{"name":"(anonymous_1)","decl":{"start":{"line":20,"column":37},"end":{"line":20,"column":38}},"loc":{"start":{"line":20,"column":63},"end":{"line":29,"column":1}},"line":20},"2":{"name":"(anonymous_2)","decl":{"start":{"line":31,"column":37},"end":{"line":31,"column":38}},"loc":{"start":{"line":31,"column":63},"end":{"line":46,"column":1}},"line":31},"3":{"name":"(anonymous_3)","decl":{"start":{"line":48,"column":61},"end":{"line":48,"column":62}},"loc":{"start":{"line":48,"column":87},"end":{"line":57,"column":1}},"line":48},"4":{"name":"(anonymous_4)","decl":{"start":{"line":59,"column":63},"end":{"line":59,"column":64}},"loc":{"start":{"line":59,"column":89},"end":{"line":68,"column":1}},"line":59}},"branchMap":{},"s":{"0":12,"1":12,"2":12,"3":12,"4":12,"5":12,"6":3,"7":3,"8":3,"9":3,"10":0,"11":12,"12":12,"13":12,"14":12,"15":12,"16":12,"17":0,"18":12,"19":8,"20":8,"21":8,"22":7,"23":7,"24":7,"25":7,"26":1,"27":12,"28":5,"29":5,"30":5,"31":5,"32":2,"33":3,"34":12,"35":3,"36":3,"37":3,"38":3,"39":2,"40":1,"41":12},"f":{"0":3,"1":12,"2":8,"3":5,"4":3},"b":{},"_coverageSchema":"1a1c01bbd47fc00a2c39e90264f33305004495a9","hash":"1d10b2cb28422d734b7745db13b78bee2575d660"}
}
