TN:
SF:app.js
FN:44,(anonymous_0)
FN:48,(anonymous_1)
FNF:2
FNH:2
FNDA:2,(anonymous_0)
FNDA:85,(anonymous_1)
DA:3,12
DA:4,12
DA:6,12
DA:8,12
DA:9,12
DA:10,12
DA:11,12
DA:12,12
DA:13,12
DA:14,12
DA:15,12
DA:16,12
DA:17,12
DA:18,12
DA:19,12
DA:20,12
DA:22,12
DA:24,12
DA:26,12
DA:27,12
DA:28,12
DA:29,12
DA:31,12
DA:32,12
DA:33,12
DA:34,12
DA:35,12
DA:36,12
DA:37,12
DA:38,12
DA:39,12
DA:40,12
DA:41,12
DA:42,12
DA:44,12
DA:45,2
DA:48,12
DA:49,85
DA:50,85
DA:51,85
DA:53,85
DA:58,12
LF:42
LH:42
BRDA:31,0,0,0
BRDA:31,0,1,12
BRDA:49,1,0,1
BRDA:49,1,1,84
BRDA:50,2,0,85
BRDA:50,2,1,13
BRF:6
BRH:5
end_of_record
TN:
SF:config.js
FN:10,getDatabaseUri
FNF:1
FNH:1
FNDA:54,getDatabaseUri
DA:3,27
DA:4,27
DA:6,27
DA:8,27
DA:11,54
DA:16,27
DA:18,27
DA:19,27
DA:20,27
DA:21,27
DA:22,27
DA:23,27
DA:25,27
LF:13
LH:13
BRDA:6,0,0,27
BRDA:6,0,1,26
BRDA:8,1,0,27
BRDA:8,1,1,26
BRDA:11,2,0,51
BRDA:11,2,1,3
BRDA:13,3,0,3
BRDA:13,3,1,1
BRDA:16,4,0,26
BRDA:16,4,1,1
BRF:10
BRH:10
end_of_record
TN:
SF:db.js
FNF:0
FNH:0
DA:3,24
DA:4,24
DA:8,24
DA:9,0
DA:16,24
DA:21,24
DA:23,24
LF:7
LH:6
BRDA:8,0,0,0
BRDA:8,0,1,24
BRF:2
BRH:1
end_of_record
TN:
SF:expressError.js
FN:2,(anonymous_0)
FN:12,(anonymous_1)
FN:20,(anonymous_2)
FN:28,(anonymous_3)
FN:36,(anonymous_4)
FNF:5
FNH:4
FNDA:121,(anonymous_0)
FNDA:60,(anonymous_1)
FNDA:48,(anonymous_2)
FNDA:13,(anonymous_3)
FNDA:0,(anonymous_4)
DA:3,121
DA:4,121
DA:5,121
DA:13,60
DA:21,48
DA:29,13
DA:37,0
DA:41,24
LF:8
LH:7
BRDA:12,0,0,7
BRDA:20,1,0,44
BRDA:28,2,0,0
BRDA:36,3,0,0
BRF:4
BRH:2
end_of_record
TN:
SF:helpers\getData.js
FN:16,(anonymous_0)
FN:31,(anonymous_1)
FN:34,(anonymous_2)
FN:35,(anonymous_3)
FN:41,(anonymous_4)
FN:44,(anonymous_5)
FN:49,(anonymous_6)
FN:52,(anonymous_7)
FN:55,(anonymous_8)
FN:56,(anonymous_9)
FN:57,(anonymous_10)
FN:63,(anonymous_11)
FN:66,(anonymous_12)
FN:103,(anonymous_13)
FN:104,(anonymous_14)
FN:105,(anonymous_15)
FN:109,(anonymous_16)
FN:110,(anonymous_17)
FN:111,(anonymous_18)
FN:117,(anonymous_19)
FN:180,(anonymous_20)
FN:182,(anonymous_21)
FN:185,(anonymous_22)
FN:189,(anonymous_23)
FN:192,(anonymous_24)
FN:196,(anonymous_25)
FN:197,(anonymous_26)
FN:198,(anonymous_27)
FN:200,(anonymous_28)
FN:207,(anonymous_29)
FN:329,(anonymous_30)
FN:332,(anonymous_31)
FN:337,(anonymous_32)
FN:340,(anonymous_33)
FN:345,(anonymous_34)
FN:348,(anonymous_35)
FN:349,(anonymous_36)
FN:352,(anonymous_37)
FN:355,(anonymous_38)
FN:362,(anonymous_39)
FN:365,(anonymous_40)
FN:367,(anonymous_41)
FN:373,(anonymous_42)
FN:376,(anonymous_43)
FN:410,(anonymous_44)
FN:419,(anonymous_45)
FN:424,(anonymous_46)
FN:429,(anonymous_47)
FN:434,(anonymous_48)
FN:435,(anonymous_49)
FN:436,(anonymous_50)
FN:520,(anonymous_51)
FNF:52
FNH:0
FNDA:0,(anonymous_0)
FNDA:0,(anonymous_1)
FNDA:0,(anonymous_2)
FNDA:0,(anonymous_3)
FNDA:0,(anonymous_4)
FNDA:0,(anonymous_5)
FNDA:0,(anonymous_6)
FNDA:0,(anonymous_7)
FNDA:0,(anonymous_8)
FNDA:0,(anonymous_9)
FNDA:0,(anonymous_10)
FNDA:0,(anonymous_11)
FNDA:0,(anonymous_12)
FNDA:0,(anonymous_13)
FNDA:0,(anonymous_14)
FNDA:0,(anonymous_15)
FNDA:0,(anonymous_16)
FNDA:0,(anonymous_17)
FNDA:0,(anonymous_18)
FNDA:0,(anonymous_19)
FNDA:0,(anonymous_20)
FNDA:0,(anonymous_21)
FNDA:0,(anonymous_22)
FNDA:0,(anonymous_23)
FNDA:0,(anonymous_24)
FNDA:0,(anonymous_25)
FNDA:0,(anonymous_26)
FNDA:0,(anonymous_27)
FNDA:0,(anonymous_28)
FNDA:0,(anonymous_29)
FNDA:0,(anonymous_30)
FNDA:0,(anonymous_31)
FNDA:0,(anonymous_32)
FNDA:0,(anonymous_33)
FNDA:0,(anonymous_34)
FNDA:0,(anonymous_35)
FNDA:0,(anonymous_36)
FNDA:0,(anonymous_37)
FNDA:0,(anonymous_38)
FNDA:0,(anonymous_39)
FNDA:0,(anonymous_40)
FNDA:0,(anonymous_41)
FNDA:0,(anonymous_42)
FNDA:0,(anonymous_43)
FNDA:0,(anonymous_44)
FNDA:0,(anonymous_45)
FNDA:0,(anonymous_46)
FNDA:0,(anonymous_47)
FNDA:0,(anonymous_48)
FNDA:0,(anonymous_49)
FNDA:0,(anonymous_50)
FNDA:0,(anonymous_51)
DA:3,12
DA:4,12
DA:5,12
DA:6,12
DA:7,12
DA:8,12
DA:9,12
DA:10,12
DA:11,12
DA:12,12
DA:13,12
DA:14,12
DA:16,12
DA:17,0
DA:24,0
DA:25,0
DA:26,0
DA:27,0
DA:28,0
DA:31,12
DA:32,0
DA:33,0
DA:34,0
DA:35,0
DA:36,0
DA:41,12
DA:42,0
DA:43,0
DA:44,0
DA:45,0
DA:49,12
DA:50,0
DA:51,0
DA:52,0
DA:53,0
DA:55,0
DA:56,0
DA:57,0
DA:58,0
DA:63,12
DA:64,0
DA:65,0
DA:66,0
DA:67,0
DA:68,0
DA:69,0
DA:71,0
DA:72,0
DA:76,0
DA:79,0
DA:80,0
DA:84,0
DA:88,0
DA:92,0
DA:96,0
DA:101,0
DA:103,0
DA:104,0
DA:105,0
DA:106,0
DA:109,0
DA:110,0
DA:111,0
DA:112,0
DA:117,12
DA:118,0
DA:119,0
DA:120,0
DA:180,0
DA:181,0
DA:182,0
DA:183,0
DA:185,0
DA:186,0
DA:187,0
DA:189,0
DA:190,0
DA:192,0
DA:193,0
DA:196,0
DA:197,0
DA:198,0
DA:199,0
DA:200,0
DA:201,0
DA:207,12
DA:208,0
DA:209,0
DA:210,0
DA:329,0
DA:330,0
DA:332,0
DA:333,0
DA:337,12
DA:338,0
DA:339,0
DA:340,0
DA:341,0
DA:345,12
DA:346,0
DA:347,0
DA:348,0
DA:349,0
DA:350,0
DA:351,0
DA:352,0
DA:353,0
DA:355,0
DA:356,0
DA:362,12
DA:363,0
DA:364,0
DA:365,0
DA:366,0
DA:367,0
DA:368,0
DA:373,12
DA:374,0
DA:375,0
DA:376,0
DA:377,0
DA:378,0
DA:379,0
DA:381,0
DA:382,0
DA:383,0
DA:384,0
DA:385,0
DA:386,0
DA:393,0
DA:395,0
DA:408,0
DA:409,0
DA:410,0
DA:411,0
DA:413,0
DA:414,0
DA:415,0
DA:416,0
DA:417,0
DA:418,0
DA:419,0
DA:420,0
DA:423,0
DA:424,0
DA:425,0
DA:428,0
DA:429,0
DA:430,0
DA:434,0
DA:435,0
DA:436,0
DA:437,0
DA:441,0
DA:520,0
DA:521,0
DA:527,12
LF:157
LH:24
BRDA:53,0,0,0
BRDA:53,0,1,0
BRDA:55,1,0,0
BRDA:55,1,1,0
BRDA:71,2,0,0
BRDA:71,2,1,0
BRDA:72,3,0,0
BRDA:72,3,1,0
BRDA:73,4,0,0
BRDA:73,4,1,0
BRDA:79,5,0,0
BRDA:79,5,1,0
BRDA:80,6,0,0
BRDA:80,6,1,0
BRDA:84,7,0,0
BRDA:84,7,1,0
BRDA:88,8,0,0
BRDA:88,8,1,0
BRDA:92,9,0,0
BRDA:92,9,1,0
BRDA:96,10,0,0
BRDA:96,10,1,0
BRDA:103,11,0,0
BRDA:103,11,1,0
BRDA:109,12,0,0
BRDA:109,12,1,0
BRDA:186,13,0,0
BRDA:186,13,1,0
BRDA:196,14,0,0
BRDA:196,14,1,0
BRDA:381,15,0,0
BRDA:381,15,1,0
BRDA:382,16,0,0
BRDA:382,16,1,0
BRDA:383,17,0,0
BRDA:383,17,1,0
BRDA:384,18,0,0
BRDA:384,18,1,0
BRDA:385,19,0,0
BRDA:385,19,1,0
BRDA:386,20,0,0
BRDA:386,20,1,0
BRDA:386,21,0,0
BRDA:386,21,1,0
BRDA:386,21,2,0
BRDA:386,21,3,0
BRDA:386,21,4,0
BRDA:386,21,5,0
BRDA:409,22,0,0
BRDA:409,22,1,0
BRDA:413,23,0,0
BRDA:413,23,1,0
BRDA:414,24,0,0
BRDA:414,24,1,0
BRDA:415,25,0,0
BRDA:415,25,1,0
BRDA:416,26,0,0
BRDA:416,26,1,0
BRDA:417,27,0,0
BRDA:417,27,1,0
BRDA:423,28,0,0
BRDA:423,28,1,0
BRDA:428,29,0,0
BRDA:428,29,1,0
BRDA:434,30,0,0
BRDA:434,30,1,0
BRF:66
BRH:0
end_of_record
TN:
SF:helpers\sql.js
FN:5,sqlForPartialUpdate
FN:10,(anonymous_1)
FNF:2
FNH:2
FNDA:10,sqlForPartialUpdate
FNDA:11,(anonymous_1)
DA:1,14
DA:6,10
DA:7,10
DA:10,9
DA:11,11
DA:14,9
DA:20,14
LF:7
LH:7
BRDA:7,0,0,1
BRDA:7,0,1,9
BRDA:11,1,0,11
BRDA:11,1,1,8
BRF:4
BRH:4
end_of_record
TN:
SF:helpers\tokens.js
FN:6,createToken
FNF:1
FNH:1
FNDA:40,createToken
DA:1,13
DA:2,13
DA:7,40
DA:10,40
DA:15,40
DA:18,13
LF:6
LH:6
BRDA:12,0,0,40
BRDA:12,0,1,27
BRF:2
BRH:2
end_of_record
TN:
SF:middleware\auth.js
FN:16,authenticateJWT
FN:34,ensureLoggedIn
FN:49,ensureAdmin
FN:66,ensureCorrectUserOrAdmin
FNF:4
FNH:4
FNDA:181,authenticateJWT
FNDA:93,ensureLoggedIn
FNDA:13,ensureAdmin
FNDA:71,ensureCorrectUserOrAdmin
DA:3,13
DA:4,13
DA:5,13
DA:17,181
DA:18,181
DA:19,181
DA:20,146
DA:21,146
DA:23,180
DA:25,1
DA:35,93
DA:36,93
DA:37,73
DA:39,20
DA:50,13
DA:51,13
DA:52,6
DA:54,7
DA:56,6
DA:67,71
DA:68,71
DA:69,71
DA:70,18
DA:72,53
DA:74,18
DA:79,13
LF:26
LH:26
BRDA:18,0,0,181
BRDA:18,0,1,180
BRDA:19,1,0,146
BRDA:19,1,1,35
BRDA:36,2,0,20
BRDA:36,2,1,73
BRDA:51,3,0,6
BRDA:51,3,1,7
BRDA:51,4,0,13
BRDA:51,4,1,10
BRDA:69,5,0,18
BRDA:69,5,1,53
BRDA:69,6,0,71
BRDA:69,6,1,67
BRDA:69,6,2,28
BRF:15
BRH:15
end_of_record
TN:
SF:models\_testCommon.js
FN:6,commonBeforeAll
FN:236,commonBeforeEach
FN:240,commonAfterEach
FN:244,commonAfterAll
FNF:4
FNH:4
FNDA:12,commonBeforeAll
FNDA:182,commonBeforeEach
FNDA:182,commonAfterEach
FNDA:12,commonAfterAll
DA:1,12
DA:3,12
DA:4,12
DA:7,12
DA:8,12
DA:9,12
DA:10,12
DA:11,12
DA:12,12
DA:13,12
DA:14,12
DA:15,12
DA:16,12
DA:18,12
DA:32,12
DA:37,12
DA:42,12
DA:47,12
DA:52,12
DA:57,12
DA:67,12
DA:72,12
DA:77,12
DA:82,12
DA:87,12
DA:92,12
DA:97,12
DA:102,12
DA:107,12
DA:112,12
DA:117,12
DA:122,12
DA:127,12
DA:132,12
DA:141,12
DA:152,12
DA:161,12
DA:166,12
DA:170,12
DA:174,12
DA:178,12
DA:182,12
DA:187,12
DA:192,12
DA:197,12
DA:209,12
DA:217,12
DA:222,12
DA:226,12
DA:230,12
DA:237,182
DA:241,182
DA:245,12
DA:248,12
LF:54
LH:54
BRF:0
BRH:0
end_of_record
TN:
SF:models\ailment.js
FN:6,(anonymous_0)
FNF:1
FNH:1
FNDA:1,(anonymous_0)
DA:3,13
DA:7,1
DA:12,1
DA:14,1
DA:20,1
DA:24,13
LF:6
LH:6
BRDA:12,0,0,0
BRDA:12,0,1,1
BRF:2
BRH:1
end_of_record
TN:
SF:models\armor.js
FN:10,(anonymous_0)
FN:25,(anonymous_1)
FN:40,(anonymous_2)
FN:55,(anonymous_3)
FN:81,(anonymous_4)
FN:92,(anonymous_5)
FN:105,(anonymous_6)
FN:117,(anonymous_7)
FN:129,(anonymous_8)
FN:168,(anonymous_9)
FNF:10
FNH:10
FNDA:1,(anonymous_0)
FNDA:1,(anonymous_1)
FNDA:1,(anonymous_2)
FNDA:12,(anonymous_3)
FNDA:5,(anonymous_4)
FNDA:5,(anonymous_5)
FNDA:5,(anonymous_6)
FNDA:5,(anonymous_7)
FNDA:9,(anonymous_8)
FNDA:6,(anonymous_9)
DA:3,13
DA:7,13
DA:11,1
DA:16,1
DA:18,1
DA:26,1
DA:31,1
DA:33,1
DA:41,1
DA:46,1
DA:48,1
DA:56,12
DA:58,12
DA:59,12
DA:61,12
DA:62,3
DA:63,3
DA:66,9
DA:67,2
DA:71,2
DA:74,7
DA:78,6
DA:82,5
DA:87,5
DA:88,5
DA:89,3
DA:93,5
DA:99,5
DA:100,5
DA:102,3
DA:106,5
DA:114,5
DA:118,5
DA:126,5
DA:130,9
DA:134,9
DA:135,9
DA:137,6
DA:142,5
DA:144,4
DA:152,4
DA:154,3
DA:159,3
DA:161,3
DA:169,6
DA:173,6
DA:174,6
DA:176,5
DA:185,4
DA:189,13
LF:50
LH:50
BRDA:16,0,0,0
BRDA:16,0,1,1
BRDA:31,1,0,0
BRDA:31,1,1,1
BRDA:46,2,0,0
BRDA:46,2,1,1
BRDA:55,3,0,1
BRDA:61,4,0,3
BRDA:61,4,1,9
BRDA:66,5,0,2
BRDA:66,5,1,7
BRDA:88,6,0,2
BRDA:88,6,1,3
BRDA:100,7,0,2
BRDA:100,7,1,3
BRDA:135,8,0,3
BRDA:135,8,1,6
BRDA:142,9,0,1
BRDA:142,9,1,4
BRDA:152,10,0,1
BRDA:152,10,1,3
BRDA:174,11,0,1
BRDA:174,11,1,5
BRDA:185,12,0,1
BRDA:185,12,1,3
BRF:25
BRH:22
end_of_record
TN:
SF:models\armorset.js
FN:10,(anonymous_0)
FN:25,(anonymous_1)
FN:40,(anonymous_2)
FN:57,(anonymous_3)
FN:77,(anonymous_4)
FN:89,(anonymous_5)
FNF:6
FNH:6
FNDA:1,(anonymous_0)
FNDA:1,(anonymous_1)
FNDA:3,(anonymous_2)
FNDA:5,(anonymous_3)
FNDA:5,(anonymous_4)
FNDA:5,(anonymous_5)
DA:3,13
DA:7,13
DA:11,1
DA:16,1
DA:18,1
DA:26,1
DA:31,1
DA:33,1
DA:41,3
DA:54,3
DA:58,5
DA:71,5
DA:72,5
DA:74,3
DA:78,5
DA:86,5
DA:90,5
DA:97,5
DA:101,13
LF:19
LH:19
BRDA:16,0,0,0
BRDA:16,0,1,1
BRDA:31,1,0,0
BRDA:31,1,1,1
BRDA:72,2,0,2
BRDA:72,2,1,3
BRF:6
BRH:4
end_of_record
TN:
SF:models\charm.js
FN:7,(anonymous_0)
FN:22,(anonymous_1)
FN:37,(anonymous_2)
FN:52,(anonymous_3)
FN:60,(anonymous_4)
FN:72,(anonymous_5)
FN:84,(anonymous_6)
FN:95,(anonymous_7)
FN:125,(anonymous_8)
FNF:9
FNH:9
FNDA:1,(anonymous_0)
FNDA:1,(anonymous_1)
FNDA:1,(anonymous_2)
FNDA:3,(anonymous_3)
FNDA:5,(anonymous_4)
FNDA:5,(anonymous_5)
FNDA:5,(anonymous_6)
FNDA:9,(anonymous_7)
FNDA:6,(anonymous_8)
DA:3,13
DA:4,13
DA:8,1
DA:13,1
DA:15,1
DA:23,1
DA:28,1
DA:30,1
DA:38,1
DA:43,1
DA:45,1
DA:53,3
DA:57,3
DA:61,5
DA:66,5
DA:67,5
DA:69,3
DA:73,5
DA:81,5
DA:85,5
DA:92,5
DA:96,9
DA:101,9
DA:102,9
DA:104,6
DA:109,5
DA:111,4
DA:116,4
DA:118,3
DA:126,6
DA:132,5
DA:136,13
LF:32
LH:32
BRDA:13,0,0,0
BRDA:13,0,1,1
BRDA:28,1,0,0
BRDA:28,1,1,1
BRDA:43,2,0,0
BRDA:43,2,1,1
BRDA:67,3,0,2
BRDA:67,3,1,3
BRDA:102,4,0,3
BRDA:102,4,1,6
BRDA:109,5,0,1
BRDA:109,5,1,4
BRDA:116,6,0,1
BRDA:116,6,1,3
BRDA:132,7,0,2
BRDA:132,7,1,3
BRF:16
BRH:13
end_of_record
TN:
SF:models\decoration.js
FN:7,(anonymous_0)
FN:22,(anonymous_1)
FN:37,(anonymous_2)
FN:45,(anonymous_3)
FN:57,(anonymous_4)
FN:68,(anonymous_5)
FN:91,(anonymous_6)
FNF:7
FNH:7
FNDA:1,(anonymous_0)
FNDA:1,(anonymous_1)
FNDA:3,(anonymous_2)
FNDA:5,(anonymous_3)
FNDA:5,(anonymous_4)
FNDA:9,(anonymous_5)
FNDA:6,(anonymous_6)
DA:3,13
DA:4,13
DA:8,1
DA:13,1
DA:15,1
DA:23,1
DA:28,1
DA:30,1
DA:38,3
DA:42,3
DA:46,5
DA:51,5
DA:52,5
DA:54,3
DA:58,5
DA:65,5
DA:69,9
DA:74,9
DA:75,9
DA:77,6
DA:82,5
DA:84,4
DA:92,6
DA:103,5
DA:107,13
LF:25
LH:25
BRDA:13,0,0,0
BRDA:13,0,1,1
BRDA:28,1,0,0
BRDA:28,1,1,1
BRDA:52,2,0,2
BRDA:52,2,1,3
BRDA:75,3,0,3
BRDA:75,3,1,6
BRDA:82,4,0,1
BRDA:82,4,1,4
BRDA:103,5,0,2
BRDA:103,5,1,3
BRF:12
BRH:10
end_of_record
TN:
SF:models\element.js
FN:7,(anonymous_0)
FN:24,(anonymous_1)
FN:36,(anonymous_2)
FN:47,(anonymous_3)
FNF:4
FNH:4
FNDA:4,(anonymous_0)
FNDA:5,(anonymous_1)
FNDA:5,(anonymous_2)
FNDA:5,(anonymous_3)
DA:3,13
DA:4,13
DA:8,4
DA:9,3
DA:13,3
DA:16,1
DA:21,1
DA:25,5
DA:30,5
DA:31,5
DA:33,3
DA:37,5
DA:44,5
DA:48,5
DA:55,5
DA:59,13
LF:16
LH:16
BRDA:7,0,0,1
BRDA:8,1,0,3
BRDA:8,1,1,1
BRDA:31,2,0,2
BRDA:31,2,1,3
BRF:5
BRH:5
end_of_record
TN:
SF:models\item.js
FN:6,(anonymous_0)
FNF:1
FNH:1
FNDA:1,(anonymous_0)
DA:3,13
DA:7,1
DA:12,1
DA:14,1
DA:22,13
LF:5
LH:5
BRDA:12,0,0,0
BRDA:12,0,1,1
BRF:2
BRH:1
end_of_record
TN:
SF:models\location.js
FN:7,(anonymous_0)
FN:22,(anonymous_1)
FN:37,(anonymous_2)
FN:54,(anonymous_3)
FN:66,(anonymous_4)
FNF:5
FNH:5
FNDA:1,(anonymous_0)
FNDA:1,(anonymous_1)
FNDA:4,(anonymous_2)
FNDA:5,(anonymous_3)
FNDA:5,(anonymous_4)
DA:3,13
DA:4,13
DA:8,1
DA:13,1
DA:15,1
DA:23,1
DA:28,1
DA:30,1
DA:38,4
DA:39,4
DA:40,4
DA:42,4
DA:43,3
DA:44,3
DA:47,1
DA:51,1
DA:55,5
DA:60,5
DA:61,5
DA:63,3
DA:67,5
DA:75,5
DA:79,13
LF:23
LH:23
BRDA:13,0,0,0
BRDA:13,0,1,1
BRDA:28,1,0,0
BRDA:28,1,1,1
BRDA:37,2,0,1
BRDA:42,3,0,3
BRDA:42,3,1,1
BRDA:61,4,0,2
BRDA:61,4,1,3
BRF:9
BRH:7
end_of_record
TN:
SF:models\monster.js
FN:10,(anonymous_0)
FN:25,(anonymous_1)
FN:40,(anonymous_2)
FN:55,(anonymous_3)
FN:70,(anonymous_4)
FN:85,(anonymous_5)
FN:100,(anonymous_6)
FN:115,(anonymous_7)
FN:142,(anonymous_8)
FN:155,(anonymous_9)
FN:167,(anonymous_10)
FN:180,(anonymous_11)
FN:192,(anonymous_12)
FN:211,(anonymous_13)
FN:242,(anonymous_14)
FNF:15
FNH:15
FNDA:1,(anonymous_0)
FNDA:1,(anonymous_1)
FNDA:1,(anonymous_2)
FNDA:1,(anonymous_3)
FNDA:1,(anonymous_4)
FNDA:1,(anonymous_5)
FNDA:1,(anonymous_6)
FNDA:10,(anonymous_7)
FNDA:5,(anonymous_8)
FNDA:5,(anonymous_9)
FNDA:5,(anonymous_10)
FNDA:5,(anonymous_11)
FNDA:5,(anonymous_12)
FNDA:9,(anonymous_13)
FNDA:6,(anonymous_14)
DA:3,13
DA:7,13
DA:11,1
DA:16,1
DA:18,1
DA:26,1
DA:31,1
DA:33,1
DA:41,1
DA:46,1
DA:48,1
DA:56,1
DA:61,1
DA:63,1
DA:71,1
DA:76,1
DA:78,1
DA:86,1
DA:91,1
DA:93,1
DA:101,1
DA:106,1
DA:108,1
DA:116,10
DA:117,10
DA:118,10
DA:120,10
DA:121,3
DA:122,3
DA:125,7
DA:126,2
DA:131,2
DA:134,5
DA:139,4
DA:143,5
DA:149,5
DA:150,5
DA:152,3
DA:156,5
DA:164,5
DA:168,5
DA:177,5
DA:181,5
DA:189,5
DA:193,5
DA:208,5
DA:212,9
DA:216,9
DA:217,9
DA:219,6
DA:224,5
DA:226,4
DA:231,4
DA:233,3
DA:239,3
DA:243,6
DA:249,5
DA:253,13
LF:58
LH:58
BRDA:16,0,0,0
BRDA:16,0,1,1
BRDA:31,1,0,0
BRDA:31,1,1,1
BRDA:46,2,0,0
BRDA:46,2,1,1
BRDA:61,3,0,0
BRDA:61,3,1,1
BRDA:76,4,0,0
BRDA:76,4,1,1
BRDA:91,5,0,0
BRDA:91,5,1,1
BRDA:106,6,0,0
BRDA:106,6,1,1
BRDA:115,7,0,1
BRDA:120,8,0,3
BRDA:120,8,1,7
BRDA:125,9,0,2
BRDA:125,9,1,5
BRDA:150,10,0,2
BRDA:150,10,1,3
BRDA:217,11,0,3
BRDA:217,11,1,6
BRDA:224,12,0,1
BRDA:224,12,1,4
BRDA:231,13,0,1
BRDA:231,13,1,3
BRDA:249,14,0,2
BRDA:249,14,1,3
BRF:29
BRH:22
end_of_record
TN:
SF:models\skill.js
FN:7,(anonymous_0)
FN:22,(anonymous_1)
FN:30,(anonymous_2)
FN:42,(anonymous_3)
FN:53,(anonymous_4)
FN:64,(anonymous_5)
FN:75,(anonymous_6)
FNF:7
FNH:7
FNDA:1,(anonymous_0)
FNDA:3,(anonymous_1)
FNDA:5,(anonymous_2)
FNDA:5,(anonymous_3)
FNDA:5,(anonymous_4)
FNDA:5,(anonymous_5)
FNDA:5,(anonymous_6)
DA:3,13
DA:4,13
DA:8,1
DA:13,1
DA:15,1
DA:23,3
DA:27,3
DA:31,5
DA:36,5
DA:37,5
DA:39,3
DA:43,5
DA:50,5
DA:54,5
DA:61,5
DA:65,5
DA:72,5
DA:76,5
DA:83,5
DA:87,13
LF:20
LH:20
BRDA:13,0,0,0
BRDA:13,0,1,1
BRDA:37,1,0,2
BRDA:37,1,1,3
BRF:4
BRH:3
end_of_record
TN:
SF:models\user.js
FN:18,(anonymous_0)
FN:42,(anonymous_1)
FN:78,(anonymous_2)
FN:90,(anonymous_3)
FN:109,(anonymous_4)
FN:116,(anonymous_5)
FN:123,(anonymous_6)
FN:132,(anonymous_7)
FN:139,(anonymous_8)
FN:144,(anonymous_9)
FN:201,(anonymous_10)
FN:380,(anonymous_11)
FN:407,(anonymous_12)
FNF:13
FNH:13
FNDA:7,(anonymous_0)
FNDA:40,(anonymous_1)
FNDA:3,(anonymous_2)
FNDA:7,(anonymous_3)
FNDA:12,(anonymous_4)
FNDA:3,(anonymous_5)
FNDA:3,(anonymous_6)
FNDA:3,(anonymous_7)
FNDA:3,(anonymous_8)
FNDA:1,(anonymous_9)
FNDA:1,(anonymous_10)
FNDA:8,(anonymous_11)
FNDA:5,(anonymous_12)
DA:3,13
DA:4,13
DA:5,13
DA:10,13
DA:12,13
DA:19,7
DA:29,7
DA:31,7
DA:32,4
DA:33,4
DA:34,3
DA:35,3
DA:39,4
DA:44,40
DA:51,40
DA:52,1
DA:55,39
DA:57,39
DA:73,39
DA:75,39
DA:79,3
DA:87,2
DA:91,7
DA:100,7
DA:102,7
DA:104,3
DA:109,12
DA:111,3
DA:116,3
DA:118,3
DA:123,3
DA:125,3
DA:131,3
DA:132,3
DA:134,3
DA:139,3
DA:141,3
DA:145,1
DA:153,1
DA:155,1
DA:157,1
DA:163,1
DA:165,1
DA:171,1
DA:173,1
DA:179,1
DA:181,1
DA:188,1
DA:190,1
DA:196,1
DA:198,1
DA:202,1
DA:209,1
DA:211,1
DA:213,1
DA:225,1
DA:227,1
DA:239,1
DA:241,1
DA:253,1
DA:255,1
DA:267,1
DA:269,1
DA:281,1
DA:283,1
DA:317,1
DA:319,1
DA:327,1
DA:329,1
DA:339,1
DA:341,1
DA:351,1
DA:353,1
DA:363,1
DA:365,1
DA:375,1
DA:377,1
DA:381,8
DA:382,2
DA:385,8
DA:390,7
DA:392,7
DA:398,7
DA:399,7
DA:401,7
DA:403,5
DA:404,5
DA:408,5
DA:415,5
DA:417,5
DA:421,13
LF:91
LH:91
BRDA:31,0,0,4
BRDA:31,0,1,3
BRDA:33,1,0,3
BRDA:33,1,1,1
BRDA:51,2,0,1
BRDA:51,2,1,39
BRDA:102,3,0,4
BRDA:102,3,1,3
BRDA:155,4,0,0
BRDA:155,4,1,1
BRDA:209,5,0,0
BRDA:209,5,1,1
BRDA:381,6,0,2
BRDA:381,6,1,6
BRDA:401,7,0,2
BRDA:401,7,1,5
BRDA:417,8,0,2
BRDA:417,8,1,3
BRF:18
BRH:16
end_of_record
TN:
SF:models\weapon.js
FN:7,(anonymous_0)
FN:22,(anonymous_1)
FN:37,(anonymous_2)
FN:52,(anonymous_3)
FN:67,(anonymous_4)
FN:82,(anonymous_5)
FN:97,(anonymous_6)
FN:112,(anonymous_7)
FN:127,(anonymous_8)
FN:142,(anonymous_9)
FN:157,(anonymous_10)
FN:172,(anonymous_11)
FN:188,(anonymous_12)
FN:258,(anonymous_13)
FN:319,(anonymous_14)
FN:328,(anonymous_15)
FN:339,(anonymous_16)
FN:378,(anonymous_17)
FNF:18
FNH:18
FNDA:1,(anonymous_0)
FNDA:1,(anonymous_1)
FNDA:1,(anonymous_2)
FNDA:1,(anonymous_3)
FNDA:1,(anonymous_4)
FNDA:1,(anonymous_5)
FNDA:1,(anonymous_6)
FNDA:1,(anonymous_7)
FNDA:1,(anonymous_8)
FNDA:1,(anonymous_9)
FNDA:1,(anonymous_10)
FNDA:5,(anonymous_11)
FNDA:23,(anonymous_12)
FNDA:15,(anonymous_13)
FNDA:10,(anonymous_14)
FNDA:10,(anonymous_15)
FNDA:9,(anonymous_16)
FNDA:6,(anonymous_17)
DA:3,13
DA:4,13
DA:8,1
DA:13,1
DA:15,1
DA:23,1
DA:28,1
DA:30,1
DA:38,1
DA:43,1
DA:45,1
DA:53,1
DA:58,1
DA:60,1
DA:68,1
DA:73,1
DA:75,1
DA:83,1
DA:88,1
DA:90,1
DA:98,1
DA:103,1
DA:105,1
DA:113,1
DA:118,1
DA:120,1
DA:128,1
DA:133,1
DA:135,1
DA:143,1
DA:148,1
DA:150,1
DA:158,1
DA:163,1
DA:165,1
DA:173,5
DA:174,3
DA:178,3
DA:180,2
DA:185,2
DA:189,23
DA:190,23
DA:191,23
DA:192,23
DA:193,23
DA:195,23
DA:196,2
DA:197,2
DA:198,2
DA:199,2
DA:203,2
DA:206,21
DA:207,2
DA:208,2
DA:209,2
DA:212,21
DA:213,2
DA:214,2
DA:215,2
DA:218,21
DA:219,2
DA:220,2
DA:221,2
DA:224,21
DA:225,6
DA:226,2
DA:227,2
DA:228,4
DA:229,4
DA:230,4
DA:234,21
DA:235,3
DA:240,3
DA:242,18
DA:243,2
DA:248,2
DA:250,16
DA:255,16
DA:259,15
DA:264,15
DA:266,13
DA:267,13
DA:268,13
DA:269,13
DA:270,13
DA:271,13
DA:272,13
DA:274,13
DA:275,2
DA:276,2
DA:277,2
DA:278,2
DA:280,13
DA:281,2
DA:282,2
DA:283,2
DA:285,2
DA:287,13
DA:288,2
DA:289,2
DA:291,13
DA:292,2
DA:293,2
DA:295,13
DA:296,2
DA:297,2
DA:298,2
DA:299,2
DA:302,13
DA:306,13
DA:308,13
DA:309,2
DA:314,2
DA:316,13
DA:320,10
DA:325,10
DA:329,10
DA:336,10
DA:340,9
DA:344,9
DA:345,9
DA:347,6
DA:352,5
DA:354,4
DA:362,4
DA:364,3
DA:369,3
DA:371,3
DA:379,6
DA:388,5
DA:392,13
LF:131
LH:131
BRDA:13,0,0,0
BRDA:13,0,1,1
BRDA:28,1,0,0
BRDA:28,1,1,1
BRDA:43,2,0,0
BRDA:43,2,1,1
BRDA:58,3,0,0
BRDA:58,3,1,1
BRDA:73,4,0,0
BRDA:73,4,1,1
BRDA:88,5,0,0
BRDA:88,5,1,1
BRDA:103,6,0,0
BRDA:103,6,1,1
BRDA:118,7,0,0
BRDA:118,7,1,1
BRDA:133,8,0,0
BRDA:133,8,1,1
BRDA:148,9,0,0
BRDA:148,9,1,1
BRDA:163,10,0,0
BRDA:163,10,1,1
BRDA:172,11,0,1
BRDA:173,12,0,3
BRDA:173,12,1,2
BRDA:188,13,0,1
BRDA:195,14,0,2
BRDA:195,14,1,21
BRDA:197,15,0,2
BRDA:197,15,1,0
BRDA:206,16,0,2
BRDA:206,16,1,19
BRDA:206,17,0,21
BRDA:206,17,1,21
BRDA:208,18,0,2
BRDA:208,18,1,0
BRDA:208,19,0,2
BRDA:208,19,1,0
BRDA:212,20,0,2
BRDA:212,20,1,19
BRDA:214,21,0,2
BRDA:214,21,1,0
BRDA:214,22,0,2
BRDA:214,22,1,0
BRDA:218,23,0,2
BRDA:218,23,1,19
BRDA:220,24,0,2
BRDA:220,24,1,0
BRDA:224,25,0,6
BRDA:224,25,1,15
BRDA:224,26,0,21
BRDA:224,26,1,15
BRDA:225,27,0,2
BRDA:225,27,1,4
BRDA:228,28,0,4
BRDA:228,28,1,0
BRDA:228,29,0,4
BRDA:228,29,1,2
BRDA:234,30,0,3
BRDA:234,30,1,18
BRDA:242,31,0,2
BRDA:242,31,1,16
BRDA:264,32,0,2
BRDA:264,32,1,13
BRDA:274,33,0,2
BRDA:274,33,1,11
BRDA:280,34,0,2
BRDA:280,34,1,11
BRDA:280,35,0,13
BRDA:280,35,1,13
BRDA:282,36,0,2
BRDA:282,36,1,0
BRDA:287,37,0,2
BRDA:287,37,1,11
BRDA:291,38,0,2
BRDA:291,38,1,11
BRDA:295,39,0,2
BRDA:295,39,1,11
BRDA:295,40,0,13
BRDA:295,40,1,11
BRDA:308,41,0,2
BRDA:308,41,1,11
BRDA:308,42,0,13
BRDA:308,42,1,11
BRDA:345,43,0,3
BRDA:345,43,1,6
BRDA:352,44,0,1
BRDA:352,44,1,4
BRDA:362,45,0,1
BRDA:362,45,1,3
BRDA:388,46,0,2
BRDA:388,46,1,3
BRF:92
BRH:73
end_of_record
TN:
SF:routes\_testCommon.js
FN:7,commonBeforeAll
FN:247,commonBeforeEach
FN:251,commonAfterEach
FN:255,commonAfterAll
FNF:4
FNH:4
FNDA:11,commonBeforeAll
FNDA:176,commonBeforeEach
FNDA:176,commonAfterEach
FNDA:11,commonAfterAll
DA:3,11
DA:4,11
DA:5,11
DA:8,11
DA:9,11
DA:10,11
DA:11,11
DA:12,11
DA:13,11
DA:14,11
DA:15,11
DA:16,11
DA:17,11
DA:19,11
DA:33,11
DA:38,11
DA:43,11
DA:48,11
DA:53,11
DA:58,11
DA:68,11
DA:73,11
DA:78,11
DA:83,11
DA:88,11
DA:93,11
DA:98,11
DA:103,11
DA:108,11
DA:113,11
DA:118,11
DA:123,11
DA:128,11
DA:133,11
DA:142,11
DA:153,11
DA:162,11
DA:167,11
DA:171,11
DA:175,11
DA:179,11
DA:183,11
DA:188,11
DA:193,11
DA:198,11
DA:204,11
DA:210,11
DA:217,11
DA:225,11
DA:230,11
DA:234,11
DA:238,11
DA:243,11
DA:244,11
DA:245,11
DA:248,176
DA:252,176
DA:256,11
DA:259,11
LF:59
LH:59
BRF:0
BRH:0
end_of_record
TN:
SF:routes\armor.js
FN:9,(anonymous_0)
FN:19,(anonymous_1)
FN:38,(anonymous_2)
FN:49,(anonymous_3)
FNF:4
FNH:4
FNDA:7,(anonymous_0)
FNDA:3,(anonymous_1)
FNDA:5,(anonymous_2)
FNDA:3,(anonymous_3)
DA:3,12
DA:4,12
DA:5,12
DA:7,12
DA:9,12
DA:10,7
DA:11,7
DA:12,7
DA:13,6
DA:15,1
DA:19,12
DA:20,3
DA:21,3
DA:22,3
DA:28,2
DA:29,2
DA:30,2
DA:31,2
DA:32,2
DA:34,1
DA:38,12
DA:39,5
DA:40,5
DA:41,5
DA:42,5
DA:43,2
DA:45,3
DA:49,12
DA:50,3
DA:51,3
DA:52,3
DA:53,3
DA:54,2
DA:56,1
DA:60,12
LF:35
LH:35
BRF:0
BRH:0
end_of_record
TN:
SF:routes\armorsets.js
FN:9,(anonymous_0)
FN:18,(anonymous_1)
FNF:2
FNH:2
FNDA:2,(anonymous_0)
FNDA:3,(anonymous_1)
DA:3,12
DA:4,12
DA:5,12
DA:7,12
DA:9,12
DA:10,2
DA:11,2
DA:12,2
DA:14,0
DA:18,12
DA:19,3
DA:20,3
DA:21,3
DA:26,2
DA:27,2
DA:28,2
DA:29,2
DA:31,1
DA:35,12
LF:19
LH:18
BRF:0
BRH:0
end_of_record
TN:
SF:routes\auth.js
FN:12,(anonymous_0)
FN:16,(anonymous_1)
FN:29,(anonymous_2)
FN:33,(anonymous_3)
FNF:4
FNH:4
FNDA:5,(anonymous_0)
FNDA:2,(anonymous_1)
FNDA:3,(anonymous_2)
FNDA:3,(anonymous_3)
DA:3,12
DA:4,12
DA:5,12
DA:6,12
DA:7,12
DA:8,12
DA:9,12
DA:10,12
DA:12,12
DA:13,5
DA:14,5
DA:15,5
DA:16,2
DA:17,2
DA:20,3
DA:21,3
DA:22,1
DA:23,1
DA:25,4
DA:29,12
DA:30,3
DA:31,3
DA:32,3
DA:33,3
DA:34,2
DA:37,1
DA:38,1
DA:39,1
DA:41,2
DA:45,12
LF:30
LH:30
BRDA:15,0,0,2
BRDA:15,0,1,3
BRDA:32,1,0,2
BRDA:32,1,1,1
BRF:4
BRH:4
end_of_record
TN:
SF:routes\charms.js
FN:10,(anonymous_0)
FN:19,(anonymous_1)
FN:36,(anonymous_2)
FN:47,(anonymous_3)
FNF:4
FNH:4
FNDA:2,(anonymous_0)
FNDA:3,(anonymous_1)
FNDA:5,(anonymous_2)
FNDA:3,(anonymous_3)
DA:3,12
DA:4,12
DA:5,12
DA:6,12
DA:8,12
DA:10,12
DA:11,2
DA:12,2
DA:13,2
DA:15,0
DA:19,12
DA:20,3
DA:21,3
DA:22,3
DA:27,2
DA:28,2
DA:29,2
DA:30,2
DA:32,1
DA:36,12
DA:37,5
DA:38,5
DA:39,5
DA:40,5
DA:41,2
DA:43,3
DA:47,12
DA:48,3
DA:49,3
DA:50,3
DA:51,3
DA:52,2
DA:54,1
DA:58,12
LF:34
LH:33
BRF:0
BRH:0
end_of_record
TN:
SF:routes\decorations.js
FN:10,(anonymous_0)
FN:19,(anonymous_1)
FN:34,(anonymous_2)
FN:45,(anonymous_3)
FNF:4
FNH:4
FNDA:2,(anonymous_0)
FNDA:3,(anonymous_1)
FNDA:5,(anonymous_2)
FNDA:3,(anonymous_3)
DA:3,12
DA:4,12
DA:5,12
DA:6,12
DA:8,12
DA:10,12
DA:11,2
DA:12,2
DA:13,2
DA:15,0
DA:19,12
DA:20,3
DA:21,3
DA:22,3
DA:26,2
DA:27,2
DA:28,2
DA:30,1
DA:34,12
DA:35,5
DA:36,5
DA:37,5
DA:38,5
DA:39,2
DA:41,3
DA:45,12
DA:46,3
DA:47,3
DA:48,3
DA:49,3
DA:50,2
DA:52,1
DA:56,12
LF:33
LH:32
BRF:0
BRH:0
end_of_record
TN:
SF:routes\elements.js
FN:10,(anonymous_0)
FN:20,(anonymous_1)
FNF:2
FNH:2
FNDA:2,(anonymous_0)
FNDA:3,(anonymous_1)
DA:3,12
DA:4,12
DA:5,12
DA:6,12
DA:8,12
DA:10,12
DA:11,2
DA:12,2
DA:13,2
DA:14,2
DA:16,0
DA:20,12
DA:21,3
DA:22,3
DA:23,3
DA:28,2
DA:29,2
DA:30,2
DA:31,2
DA:33,1
DA:37,12
LF:21
LH:20
BRF:0
BRH:0
end_of_record
TN:
SF:routes\locations.js
FN:9,(anonymous_0)
FN:19,(anonymous_1)
FNF:2
FNH:2
FNDA:2,(anonymous_0)
FNDA:3,(anonymous_1)
DA:3,12
DA:4,12
DA:5,12
DA:7,12
DA:9,12
DA:10,2
DA:11,2
DA:12,2
DA:13,2
DA:15,0
DA:19,12
DA:20,3
DA:21,3
DA:22,3
DA:26,2
DA:27,2
DA:28,2
DA:30,1
DA:34,12
LF:19
LH:18
BRF:0
BRH:0
end_of_record
TN:
SF:routes\monsters.js
FN:10,(anonymous_0)
FN:20,(anonymous_1)
FN:41,(anonymous_2)
FN:52,(anonymous_3)
FNF:4
FNH:4
FNDA:6,(anonymous_0)
FNDA:3,(anonymous_1)
FNDA:5,(anonymous_2)
FNDA:3,(anonymous_3)
DA:3,12
DA:4,12
DA:5,12
DA:6,12
DA:8,12
DA:10,12
DA:11,6
DA:12,6
DA:13,6
DA:14,5
DA:16,1
DA:20,12
DA:21,3
DA:22,3
DA:23,3
DA:30,2
DA:31,2
DA:32,2
DA:33,2
DA:34,2
DA:35,2
DA:37,1
DA:41,12
DA:42,5
DA:43,5
DA:44,5
DA:45,5
DA:46,2
DA:48,3
DA:52,12
DA:53,3
DA:54,3
DA:55,3
DA:56,3
DA:57,2
DA:59,1
DA:63,12
LF:37
LH:37
BRF:0
BRH:0
end_of_record
TN:
SF:routes\skills.js
FN:10,(anonymous_0)
FN:19,(anonymous_1)
FNF:2
FNH:2
FNDA:2,(anonymous_0)
FNDA:3,(anonymous_1)
DA:3,12
DA:4,12
DA:5,12
DA:6,12
DA:8,12
DA:10,12
DA:11,2
DA:12,2
DA:13,2
DA:15,0
DA:19,12
DA:20,3
DA:21,3
DA:22,3
DA:29,2
DA:30,2
DA:31,2
DA:32,2
DA:33,2
DA:34,2
DA:36,1
DA:40,12
LF:22
LH:21
BRF:0
BRH:0
end_of_record
TN:
SF:routes\users.js
FN:15,(anonymous_0)
FN:19,(anonymous_1)
FN:31,(anonymous_2)
FN:41,(anonymous_3)
FN:52,(anonymous_4)
FN:63,(anonymous_5)
FN:72,(anonymous_6)
FN:76,(anonymous_7)
FN:86,(anonymous_8)
FNF:9
FNH:7
FNDA:4,(anonymous_0)
FNDA:3,(anonymous_1)
FNDA:2,(anonymous_2)
FNDA:3,(anonymous_3)
FNDA:0,(anonymous_4)
FNDA:0,(anonymous_5)
FNDA:5,(anonymous_6)
FNDA:1,(anonymous_7)
FNDA:3,(anonymous_8)
DA:3,12
DA:5,12
DA:6,12
DA:7,12
DA:8,12
DA:9,12
DA:10,12
DA:11,12
DA:13,12
DA:15,12
DA:16,4
DA:17,4
DA:18,4
DA:19,3
DA:20,2
DA:23,2
DA:24,2
DA:25,2
DA:27,2
DA:31,12
DA:32,2
DA:33,2
DA:34,1
DA:36,1
DA:41,12
DA:42,3
DA:43,3
DA:44,2
DA:46,1
DA:52,12
DA:53,0
DA:54,0
DA:55,0
DA:57,0
DA:63,12
DA:64,0
DA:65,0
DA:66,0
DA:68,0
DA:72,12
DA:73,5
DA:74,5
DA:75,5
DA:76,1
DA:77,1
DA:79,4
DA:80,3
DA:82,2
DA:86,12
DA:87,3
DA:88,3
DA:89,2
DA:91,1
DA:96,12
LF:54
LH:46
BRDA:18,0,0,2
BRDA:18,0,1,2
BRDA:75,1,0,1
BRDA:75,1,1,4
BRF:4
BRH:4
end_of_record
TN:
SF:routes\weapons.js
FN:10,(anonymous_0)
FN:20,(anonymous_1)
FN:31,(anonymous_2)
FN:48,(anonymous_3)
FN:59,(anonymous_4)
FNF:5
FNH:5
FNDA:3,(anonymous_0)
FNDA:12,(anonymous_1)
FNDA:8,(anonymous_2)
FNDA:5,(anonymous_3)
FNDA:3,(anonymous_4)
DA:3,12
DA:4,12
DA:5,12
DA:6,12
DA:8,12
DA:10,12
DA:11,3
DA:12,3
DA:13,3
DA:14,3
DA:16,0
DA:20,12
DA:21,12
DA:22,12
DA:23,12
DA:24,12
DA:25,12
DA:27,0
DA:31,12
DA:32,8
DA:33,8
DA:34,8
DA:39,7
DA:40,7
DA:41,7
DA:42,7
DA:44,1
DA:48,12
DA:49,5
DA:50,5
DA:51,5
DA:52,5
DA:53,2
DA:55,3
DA:59,12
DA:60,3
DA:61,3
DA:62,3
DA:63,3
DA:64,2
DA:66,1
DA:70,12
LF:42
LH:40
BRF:0
BRH:0
end_of_record
